ERROR - 2020-07-29 12:52:09 --> Unable to write cache file: C:\shivaprasad\FBP\FBP.COM\application\cache/
ERROR - 2020-07-29 12:52:11 --> Unable to write cache file: C:\shivaprasad\FBP\FBP.COM\application\cache/
ERROR - 2020-07-29 12:52:17 --> Unable to write cache file: C:\shivaprasad\FBP\FBP.COM\application\cache/
ERROR - 2020-07-29 12:52:19 --> Unable to write cache file: C:\shivaprasad\FBP\FBP.COM\application\cache/
ERROR - 2020-07-29 12:52:56 --> Unable to write cache file: C:\shivaprasad\FBP\FBP.COM\application\cache/
ERROR - 2020-07-29 12:52:58 --> Unable to write cache file: C:\shivaprasad\FBP\FBP.COM\application\cache/
ERROR - 2020-07-29 13:06:51 --> Unable to write cache file: C:\shivaprasad\FBP\FBP.COM\application\cache/
ERROR - 2020-07-29 13:06:52 --> 404 Page Not Found: 
ERROR - 2020-07-29 13:06:52 --> 404 Page Not Found: 
ERROR - 2020-07-29 13:06:52 --> 404 Page Not Found: 
ERROR - 2020-07-29 13:06:52 --> 404 Page Not Found: 
ERROR - 2020-07-29 13:06:52 --> 404 Page Not Found: 
ERROR - 2020-07-29 13:06:52 --> 404 Page Not Found: 
ERROR - 2020-07-29 13:06:52 --> 404 Page Not Found: 
ERROR - 2020-07-29 13:06:53 --> 404 Page Not Found: 
ERROR - 2020-07-29 13:06:53 --> 404 Page Not Found: 
ERROR - 2020-07-29 13:06:53 --> 404 Page Not Found: 
ERROR - 2020-07-29 13:06:53 --> 404 Page Not Found: 
ERROR - 2020-07-29 13:06:53 --> 404 Page Not Found: 
ERROR - 2020-07-29 13:06:53 --> 404 Page Not Found: 
ERROR - 2020-07-29 13:06:53 --> 404 Page Not Found: 
ERROR - 2020-07-29 13:06:53 --> 404 Page Not Found: 
ERROR - 2020-07-29 13:06:53 --> 404 Page Not Found: 
ERROR - 2020-07-29 13:06:53 --> 404 Page Not Found: 
ERROR - 2020-07-29 13:06:53 --> 404 Page Not Found: 
ERROR - 2020-07-29 13:06:53 --> 404 Page Not Found: 
ERROR - 2020-07-29 13:06:53 --> 404 Page Not Found: 
ERROR - 2020-07-29 13:06:53 --> 404 Page Not Found: 
ERROR - 2020-07-29 13:06:53 --> 404 Page Not Found: 
ERROR - 2020-07-29 13:06:54 --> 404 Page Not Found: 
ERROR - 2020-07-29 13:06:54 --> 404 Page Not Found: 
ERROR - 2020-07-29 13:06:54 --> 404 Page Not Found: 
ERROR - 2020-07-29 13:06:54 --> 404 Page Not Found: 
ERROR - 2020-07-29 13:06:54 --> 404 Page Not Found: 
ERROR - 2020-07-29 13:06:54 --> 404 Page Not Found: 
ERROR - 2020-07-29 13:06:54 --> 404 Page Not Found: 
ERROR - 2020-07-29 13:06:54 --> 404 Page Not Found: 
ERROR - 2020-07-29 13:06:54 --> 404 Page Not Found: 
ERROR - 2020-07-29 13:06:54 --> 404 Page Not Found: 
ERROR - 2020-07-29 13:06:55 --> 404 Page Not Found: 
ERROR - 2020-07-29 13:06:55 --> 404 Page Not Found: 
ERROR - 2020-07-29 13:06:55 --> 404 Page Not Found: 
ERROR - 2020-07-29 13:06:55 --> 404 Page Not Found: 
ERROR - 2020-07-29 13:06:55 --> 404 Page Not Found: 
ERROR - 2020-07-29 13:06:55 --> 404 Page Not Found: 
ERROR - 2020-07-29 13:07:00 --> Unable to write cache file: C:\shivaprasad\FBP\FBP.COM\application\cache/
ERROR - 2020-07-29 13:07:00 --> 404 Page Not Found: 
ERROR - 2020-07-29 13:07:00 --> 404 Page Not Found: 
ERROR - 2020-07-29 13:07:00 --> 404 Page Not Found: 
ERROR - 2020-07-29 13:07:00 --> 404 Page Not Found: 
ERROR - 2020-07-29 13:07:00 --> 404 Page Not Found: 
ERROR - 2020-07-29 13:07:02 --> Unable to write cache file: C:\shivaprasad\FBP\FBP.COM\application\cache/
ERROR - 2020-07-29 13:07:07 --> Unable to write cache file: C:\shivaprasad\FBP\FBP.COM\application\cache/
ERROR - 2020-07-29 13:07:07 --> 404 Page Not Found: 
ERROR - 2020-07-29 13:10:10 --> Unable to write cache file: C:\shivaprasad\FBP\FBP.COM\application\cache/
ERROR - 2020-07-29 13:10:13 --> Unable to write cache file: C:\shivaprasad\FBP\FBP.COM\application\cache/
ERROR - 2020-07-29 13:10:17 --> Unable to write cache file: C:\shivaprasad\FBP\FBP.COM\application\cache/
ERROR - 2020-07-29 13:10:19 --> Unable to write cache file: C:\shivaprasad\FBP\FBP.COM\application\cache/
ERROR - 2020-07-29 13:11:00 --> Unable to write cache file: C:\shivaprasad\FBP\FBP.COM\application\cache/
ERROR - 2020-07-29 13:11:03 --> Unable to write cache file: C:\shivaprasad\FBP\FBP.COM\application\cache/
ERROR - 2020-07-29 13:11:10 --> 404 Page Not Found: 
ERROR - 2020-07-29 13:11:10 --> 404 Page Not Found: 
ERROR - 2020-07-29 13:11:10 --> 404 Page Not Found: 
ERROR - 2020-07-29 13:11:10 --> 404 Page Not Found: 
ERROR - 2020-07-29 13:11:10 --> 404 Page Not Found: 
ERROR - 2020-07-29 13:11:10 --> 404 Page Not Found: 
ERROR - 2020-07-29 13:11:10 --> 404 Page Not Found: 
ERROR - 2020-07-29 13:11:10 --> 404 Page Not Found: 
ERROR - 2020-07-29 13:11:10 --> 404 Page Not Found: 
ERROR - 2020-07-29 13:11:10 --> 404 Page Not Found: 
ERROR - 2020-07-29 13:11:13 --> Unable to write cache file: C:\shivaprasad\FBP\FBP.COM\application\cache/
ERROR - 2020-07-29 13:11:14 --> 404 Page Not Found: 
ERROR - 2020-07-29 13:11:14 --> 404 Page Not Found: 
ERROR - 2020-07-29 13:11:14 --> 404 Page Not Found: 
ERROR - 2020-07-29 13:11:14 --> 404 Page Not Found: 
ERROR - 2020-07-29 13:11:14 --> 404 Page Not Found: 
ERROR - 2020-07-29 13:11:14 --> 404 Page Not Found: 
ERROR - 2020-07-29 13:11:17 --> Unable to write cache file: C:\shivaprasad\FBP\FBP.COM\application\cache/
ERROR - 2020-07-29 13:11:19 --> Unable to write cache file: C:\shivaprasad\FBP\FBP.COM\application\cache/
ERROR - 2020-07-29 13:12:05 --> 404 Page Not Found: 
ERROR - 2020-07-29 13:12:05 --> 404 Page Not Found: 
ERROR - 2020-07-29 13:12:05 --> 404 Page Not Found: 
ERROR - 2020-07-29 13:12:08 --> Unable to write cache file: C:\shivaprasad\FBP\FBP.COM\application\cache/
ERROR - 2020-07-29 13:12:10 --> Unable to write cache file: C:\shivaprasad\FBP\FBP.COM\application\cache/
ERROR - 2020-07-29 13:18:29 --> 404 Page Not Found: 
ERROR - 2020-07-29 13:18:29 --> 404 Page Not Found: 
ERROR - 2020-07-29 13:18:29 --> 404 Page Not Found: 
ERROR - 2020-07-29 13:18:32 --> Unable to write cache file: C:\shivaprasad\FBP\FBP.COM\application\cache/
ERROR - 2020-07-29 13:18:34 --> Unable to write cache file: C:\shivaprasad\FBP\FBP.COM\application\cache/
ERROR - 2020-07-29 13:25:32 --> Unable to write cache file: C:\shivaprasad\FBP\FBP.COM\application\cache/
ERROR - 2020-07-29 13:28:28 --> Unable to write cache file: C:\shivaprasad\FBP\FBP.COM\application\cache/
ERROR - 2020-07-29 13:28:42 --> Unable to write cache file: C:\shivaprasad\FBP\FBP.COM\application\cache/
ERROR - 2020-07-29 13:29:32 --> Unable to write cache file: C:\shivaprasad\FBP\FBP.COM\application\cache/
ERROR - 2020-07-29 13:33:54 --> Unable to write cache file: C:\shivaprasad\FBP\FBP.COM\application\cache/
ERROR - 2020-07-29 13:33:57 --> Unable to write cache file: C:\shivaprasad\FBP\FBP.COM\application\cache/
ERROR - 2020-07-29 13:34:30 --> Unable to write cache file: C:\shivaprasad\FBP\FBP.COM\application\cache/
ERROR - 2020-07-29 13:35:43 --> Unable to write cache file: C:\shivaprasad\FBP\FBP.COM\application\cache/
ERROR - 2020-07-29 13:35:46 --> Unable to write cache file: C:\shivaprasad\FBP\FBP.COM\application\cache/
ERROR - 2020-07-29 13:35:56 --> Unable to write cache file: C:\shivaprasad\FBP\FBP.COM\application\cache/
ERROR - 2020-07-29 14:03:59 --> Unable to write cache file: C:\shivaprasad\FBP\FBP.COM\application\cache/
ERROR - 2020-07-29 14:34:06 --> Unable to write cache file: C:\shivaprasad\FBP\FBP.COM\application\cache/
ERROR - 2020-07-29 14:35:01 --> Unable to write cache file: C:\shivaprasad\FBP\FBP.COM\application\cache/
ERROR - 2020-07-29 14:35:04 --> Unable to write cache file: C:\shivaprasad\FBP\FBP.COM\application\cache/
ERROR - 2020-07-29 14:37:55 --> Unable to write cache file: C:\shivaprasad\FBP\FBP.COM\application\cache/
ERROR - 2020-07-29 14:37:58 --> Unable to write cache file: C:\shivaprasad\FBP\FBP.COM\application\cache/
ERROR - 2020-07-29 14:39:27 --> Unable to write cache file: C:\shivaprasad\FBP\FBP.COM\application\cache/
ERROR - 2020-07-29 14:39:30 --> Unable to write cache file: C:\shivaprasad\FBP\FBP.COM\application\cache/
ERROR - 2020-07-29 14:39:34 --> Unable to write cache file: C:\shivaprasad\FBP\FBP.COM\application\cache/
ERROR - 2020-07-29 14:39:37 --> Unable to write cache file: C:\shivaprasad\FBP\FBP.COM\application\cache/
ERROR - 2020-07-29 14:39:40 --> Unable to write cache file: C:\shivaprasad\FBP\FBP.COM\application\cache/
ERROR - 2020-07-29 14:39:43 --> Unable to write cache file: C:\shivaprasad\FBP\FBP.COM\application\cache/
ERROR - 2020-07-29 14:39:46 --> Unable to write cache file: C:\shivaprasad\FBP\FBP.COM\application\cache/
ERROR - 2020-07-29 14:42:24 --> Unable to write cache file: C:\shivaprasad\FBP\FBP.COM\application\cache/
ERROR - 2020-07-29 14:42:45 --> Unable to write cache file: C:\shivaprasad\FBP\FBP.COM\application\cache/
ERROR - 2020-07-29 14:42:54 --> Unable to write cache file: C:\shivaprasad\FBP\FBP.COM\application\cache/
ERROR - 2020-07-29 14:42:57 --> Unable to write cache file: C:\shivaprasad\FBP\FBP.COM\application\cache/
ERROR - 2020-07-29 14:43:57 --> Unable to write cache file: C:\shivaprasad\FBP\FBP.COM\application\cache/
ERROR - 2020-07-29 11:21:27 --> Severity: error --> Exception: syntax error, unexpected ']' C:\shivaprasad\FBP\FBP.COM\application\controllers\admin\Properties.php 131
ERROR - 2020-07-29 14:51:31 --> Unable to write cache file: C:\shivaprasad\FBP\FBP.COM\application\cache/
ERROR - 2020-07-29 14:51:42 --> Unable to write cache file: C:\shivaprasad\FBP\FBP.COM\application\cache/
ERROR - 2020-07-29 14:52:54 --> Unable to write cache file: C:\shivaprasad\FBP\FBP.COM\application\cache/
ERROR - 2020-07-29 14:56:50 --> Severity: error --> Exception: Call to undefined method CI_DB_mysqli_driver::get_flat_type_by_id() C:\shivaprasad\FBP\FBP.COM\application\controllers\admin\Properties.php 136
ERROR - 2020-07-29 14:56:54 --> Unable to write cache file: C:\shivaprasad\FBP\FBP.COM\application\cache/
ERROR - 2020-07-29 14:57:23 --> Query error: You have an error in your SQL syntax; check the manual that corresponds to your MariaDB server version for the right syntax to use near '' at line 3 - Invalid query: SELECT `name`
FROM `property_types`
WHERE id in
ERROR - 2020-07-29 14:57:27 --> Unable to write cache file: C:\shivaprasad\FBP\FBP.COM\application\cache/
ERROR - 2020-07-29 14:57:55 --> Query error: You have an error in your SQL syntax; check the manual that corresponds to your MariaDB server version for the right syntax to use near '" '\") '' at line 3 - Invalid query: SELECT `name`
FROM `property_types`
WHERE `id` in (" '\") '
ERROR - 2020-07-29 14:57:59 --> Unable to write cache file: C:\shivaprasad\FBP\FBP.COM\application\cache/
ERROR - 2020-07-29 11:28:10 --> Severity: error --> Exception: syntax error, unexpected '$ids' (T_VARIABLE), expecting ')' C:\shivaprasad\FBP\FBP.COM\application\models\Properties_model.php 555
ERROR - 2020-07-29 11:28:10 --> Severity: error --> Exception: syntax error, unexpected '$ids' (T_VARIABLE), expecting ')' C:\shivaprasad\FBP\FBP.COM\application\models\Properties_model.php 555
ERROR - 2020-07-29 11:28:29 --> Severity: error --> Exception: syntax error, unexpected '$id' (T_VARIABLE), expecting ')' C:\shivaprasad\FBP\FBP.COM\application\models\Properties_model.php 555
ERROR - 2020-07-29 11:28:29 --> Severity: error --> Exception: syntax error, unexpected '$id' (T_VARIABLE), expecting ')' C:\shivaprasad\FBP\FBP.COM\application\models\Properties_model.php 555
ERROR - 2020-07-29 11:28:40 --> Severity: error --> Exception: syntax error, unexpected '$id' (T_VARIABLE), expecting ')' C:\shivaprasad\FBP\FBP.COM\application\models\Properties_model.php 555
ERROR - 2020-07-29 11:28:41 --> Severity: error --> Exception: syntax error, unexpected '$id' (T_VARIABLE), expecting ')' C:\shivaprasad\FBP\FBP.COM\application\models\Properties_model.php 555
ERROR - 2020-07-29 11:28:51 --> Severity: error --> Exception: syntax error, unexpected '$id' (T_VARIABLE), expecting ')' C:\shivaprasad\FBP\FBP.COM\application\models\Properties_model.php 555
ERROR - 2020-07-29 11:28:52 --> Severity: error --> Exception: syntax error, unexpected '$id' (T_VARIABLE), expecting ')' C:\shivaprasad\FBP\FBP.COM\application\models\Properties_model.php 555
ERROR - 2020-07-29 14:59:15 --> Query error: You have an error in your SQL syntax; check the manual that corresponds to your MariaDB server version for the right syntax to use near ''(\'1,1,12,.\')'' at line 3 - Invalid query: SELECT `name`
FROM `property_types`
WHERE id in '(\'1,1,12,.\')'
ERROR - 2020-07-29 14:59:20 --> Unable to write cache file: C:\shivaprasad\FBP\FBP.COM\application\cache/
ERROR - 2020-07-29 14:59:36 --> Query error: You have an error in your SQL syntax; check the manual that corresponds to your MariaDB server version for the right syntax to use near ''(1,1,12,)'' at line 3 - Invalid query: SELECT `name`
FROM `property_types`
WHERE id in '(1,1,12,)'
ERROR - 2020-07-29 14:59:39 --> Unable to write cache file: C:\shivaprasad\FBP\FBP.COM\application\cache/
ERROR - 2020-07-29 11:34:08 --> Severity: error --> Exception: syntax error, unexpected ''id in ($id));' (T_ENCAPSED_AND_WHITESPACE) C:\shivaprasad\FBP\FBP.COM\application\models\Properties_model.php 555
ERROR - 2020-07-29 11:34:08 --> Severity: error --> Exception: syntax error, unexpected ''id in ($id));' (T_ENCAPSED_AND_WHITESPACE) C:\shivaprasad\FBP\FBP.COM\application\models\Properties_model.php 555
ERROR - 2020-07-29 11:34:17 --> Severity: error --> Exception: syntax error, unexpected ''id in => ($id));' (T_ENCAPSED_AND_WHITESPACE) C:\shivaprasad\FBP\FBP.COM\application\models\Properties_model.php 555
ERROR - 2020-07-29 11:34:17 --> Severity: error --> Exception: syntax error, unexpected ''id in => ($id));' (T_ENCAPSED_AND_WHITESPACE) C:\shivaprasad\FBP\FBP.COM\application\models\Properties_model.php 555
ERROR - 2020-07-29 15:04:33 --> Query error: You have an error in your SQL syntax; check the manual that corresponds to your MariaDB server version for the right syntax to use near ''(1,1,12)'' at line 3 - Invalid query: SELECT `name`
FROM `property_types`
WHERE id in '(1,1,12)'
ERROR - 2020-07-29 15:04:37 --> Unable to write cache file: C:\shivaprasad\FBP\FBP.COM\application\cache/
ERROR - 2020-07-29 15:04:43 --> Query error: You have an error in your SQL syntax; check the manual that corresponds to your MariaDB server version for the right syntax to use near ''1,1,12'' at line 3 - Invalid query: SELECT `name`
FROM `property_types`
WHERE id in '1,1,12'
ERROR - 2020-07-29 15:04:48 --> Unable to write cache file: C:\shivaprasad\FBP\FBP.COM\application\cache/
ERROR - 2020-07-29 15:05:08 --> Query error: You have an error in your SQL syntax; check the manual that corresponds to your MariaDB server version for the right syntax to use near ''(1,1,12)'' at line 3 - Invalid query: SELECT `name`
FROM `property_types`
WHERE id in '(1,1,12)'
ERROR - 2020-07-29 15:05:12 --> Unable to write cache file: C:\shivaprasad\FBP\FBP.COM\application\cache/
ERROR - 2020-07-29 15:06:25 --> Query error: You have an error in your SQL syntax; check the manual that corresponds to your MariaDB server version for the right syntax to use near '1,1,12' at line 1 - Invalid query: SELECT `name` FROM `property_types` WHERE id in 1,1,12
ERROR - 2020-07-29 15:06:29 --> Unable to write cache file: C:\shivaprasad\FBP\FBP.COM\application\cache/
ERROR - 2020-07-29 15:06:40 --> Unable to write cache file: C:\shivaprasad\FBP\FBP.COM\application\cache/
ERROR - 2020-07-29 15:08:58 --> Unable to write cache file: C:\shivaprasad\FBP\FBP.COM\application\cache/
ERROR - 2020-07-29 15:10:15 --> Unable to write cache file: C:\shivaprasad\FBP\FBP.COM\application\cache/
ERROR - 2020-07-29 15:10:30 --> Unable to write cache file: C:\shivaprasad\FBP\FBP.COM\application\cache/
ERROR - 2020-07-29 15:12:06 --> Unable to write cache file: C:\shivaprasad\FBP\FBP.COM\application\cache/
ERROR - 2020-07-29 15:17:28 --> Unable to write cache file: C:\shivaprasad\FBP\FBP.COM\application\cache/
ERROR - 2020-07-29 15:18:07 --> Unable to write cache file: C:\shivaprasad\FBP\FBP.COM\application\cache/
ERROR - 2020-07-29 15:18:20 --> Unable to write cache file: C:\shivaprasad\FBP\FBP.COM\application\cache/
ERROR - 2020-07-29 15:19:08 --> Unable to write cache file: C:\shivaprasad\FBP\FBP.COM\application\cache/
ERROR - 2020-07-29 15:19:23 --> Unable to write cache file: C:\shivaprasad\FBP\FBP.COM\application\cache/
ERROR - 2020-07-29 15:20:03 --> Unable to write cache file: C:\shivaprasad\FBP\FBP.COM\application\cache/
ERROR - 2020-07-29 15:20:19 --> Unable to write cache file: C:\shivaprasad\FBP\FBP.COM\application\cache/
ERROR - 2020-07-29 15:20:35 --> Unable to write cache file: C:\shivaprasad\FBP\FBP.COM\application\cache/
ERROR - 2020-07-29 15:20:46 --> Unable to write cache file: C:\shivaprasad\FBP\FBP.COM\application\cache/
ERROR - 2020-07-29 15:21:10 --> Unable to write cache file: C:\shivaprasad\FBP\FBP.COM\application\cache/
ERROR - 2020-07-29 15:21:24 --> Unable to write cache file: C:\shivaprasad\FBP\FBP.COM\application\cache/
ERROR - 2020-07-29 15:21:47 --> Unable to write cache file: C:\shivaprasad\FBP\FBP.COM\application\cache/
ERROR - 2020-07-29 15:22:29 --> Unable to write cache file: C:\shivaprasad\FBP\FBP.COM\application\cache/
ERROR - 2020-07-29 15:23:05 --> Unable to write cache file: C:\shivaprasad\FBP\FBP.COM\application\cache/
ERROR - 2020-07-29 15:23:21 --> Unable to write cache file: C:\shivaprasad\FBP\FBP.COM\application\cache/
ERROR - 2020-07-29 15:23:28 --> Unable to write cache file: C:\shivaprasad\FBP\FBP.COM\application\cache/
ERROR - 2020-07-29 15:25:01 --> Unable to write cache file: C:\shivaprasad\FBP\FBP.COM\application\cache/
ERROR - 2020-07-29 15:25:18 --> Unable to write cache file: C:\shivaprasad\FBP\FBP.COM\application\cache/
ERROR - 2020-07-29 15:25:32 --> Unable to write cache file: C:\shivaprasad\FBP\FBP.COM\application\cache/
ERROR - 2020-07-29 15:25:37 --> Unable to write cache file: C:\shivaprasad\FBP\FBP.COM\application\cache/
ERROR - 2020-07-29 15:25:49 --> Unable to write cache file: C:\shivaprasad\FBP\FBP.COM\application\cache/
ERROR - 2020-07-29 15:25:59 --> Unable to write cache file: C:\shivaprasad\FBP\FBP.COM\application\cache/
ERROR - 2020-07-29 15:26:23 --> Unable to write cache file: C:\shivaprasad\FBP\FBP.COM\application\cache/
ERROR - 2020-07-29 15:30:43 --> Severity: error --> Exception: Call to undefined method Properties_model::getLocationById() C:\shivaprasad\FBP\FBP.COM\application\controllers\admin\Properties.php 138
ERROR - 2020-07-29 15:30:48 --> Unable to write cache file: C:\shivaprasad\FBP\FBP.COM\application\cache/
ERROR - 2020-07-29 15:30:57 --> Severity: error --> Exception: Call to undefined method Properties_model::getLocationById() C:\shivaprasad\FBP\FBP.COM\application\controllers\admin\Properties.php 138
ERROR - 2020-07-29 15:31:02 --> Unable to write cache file: C:\shivaprasad\FBP\FBP.COM\application\cache/
ERROR - 2020-07-29 15:31:18 --> Severity: error --> Exception: Call to a member function getLocationById() on null C:\shivaprasad\FBP\FBP.COM\application\controllers\admin\Properties.php 138
ERROR - 2020-07-29 15:31:23 --> Unable to write cache file: C:\shivaprasad\FBP\FBP.COM\application\cache/
ERROR - 2020-07-29 15:32:12 --> Severity: error --> Exception: Call to a member function getLocationById() on null C:\shivaprasad\FBP\FBP.COM\application\controllers\admin\Properties.php 138
ERROR - 2020-07-29 15:32:15 --> Unable to write cache file: C:\shivaprasad\FBP\FBP.COM\application\cache/
ERROR - 2020-07-29 15:32:37 --> Unable to write cache file: C:\shivaprasad\FBP\FBP.COM\application\cache/
ERROR - 2020-07-29 15:33:37 --> Unable to write cache file: C:\shivaprasad\FBP\FBP.COM\application\cache/
ERROR - 2020-07-29 15:37:31 --> Unable to write cache file: C:\shivaprasad\FBP\FBP.COM\application\cache/
ERROR - 2020-07-29 15:37:44 --> Unable to write cache file: C:\shivaprasad\FBP\FBP.COM\application\cache/
ERROR - 2020-07-29 15:39:30 --> Unable to write cache file: C:\shivaprasad\FBP\FBP.COM\application\cache/
ERROR - 2020-07-29 15:39:42 --> Unable to write cache file: C:\shivaprasad\FBP\FBP.COM\application\cache/
ERROR - 2020-07-29 15:39:55 --> Unable to write cache file: C:\shivaprasad\FBP\FBP.COM\application\cache/
ERROR - 2020-07-29 15:40:00 --> Unable to write cache file: C:\shivaprasad\FBP\FBP.COM\application\cache/
ERROR - 2020-07-29 15:40:04 --> Unable to write cache file: C:\shivaprasad\FBP\FBP.COM\application\cache/
ERROR - 2020-07-29 15:41:47 --> Unable to write cache file: C:\shivaprasad\FBP\FBP.COM\application\cache/
ERROR - 2020-07-29 15:42:10 --> Unable to write cache file: C:\shivaprasad\FBP\FBP.COM\application\cache/
ERROR - 2020-07-29 15:42:14 --> Unable to write cache file: C:\shivaprasad\FBP\FBP.COM\application\cache/
ERROR - 2020-07-29 12:14:01 --> Severity: error --> Exception: syntax error, unexpected ')', expecting ']' C:\shivaprasad\FBP\FBP.COM\application\controllers\admin\Properties.php 141
ERROR - 2020-07-29 15:44:04 --> Unable to write cache file: C:\shivaprasad\FBP\FBP.COM\application\cache/
ERROR - 2020-07-29 12:14:22 --> Severity: error --> Exception: syntax error, unexpected ')', expecting ']' C:\shivaprasad\FBP\FBP.COM\application\controllers\admin\Properties.php 141
ERROR - 2020-07-29 15:44:26 --> Unable to write cache file: C:\shivaprasad\FBP\FBP.COM\application\cache/
ERROR - 2020-07-29 15:45:04 --> Unable to write cache file: C:\shivaprasad\FBP\FBP.COM\application\cache/
ERROR - 2020-07-29 15:45:37 --> Unable to write cache file: C:\shivaprasad\FBP\FBP.COM\application\cache/
ERROR - 2020-07-29 15:46:02 --> Unable to write cache file: C:\shivaprasad\FBP\FBP.COM\application\cache/
ERROR - 2020-07-29 15:46:13 --> Unable to write cache file: C:\shivaprasad\FBP\FBP.COM\application\cache/
ERROR - 2020-07-29 15:46:23 --> Unable to write cache file: C:\shivaprasad\FBP\FBP.COM\application\cache/
ERROR - 2020-07-29 15:46:32 --> Unable to write cache file: C:\shivaprasad\FBP\FBP.COM\application\cache/
ERROR - 2020-07-29 15:49:22 --> Unable to write cache file: C:\shivaprasad\FBP\FBP.COM\application\cache/
ERROR - 2020-07-29 15:49:43 --> Unable to write cache file: C:\shivaprasad\FBP\FBP.COM\application\cache/
ERROR - 2020-07-29 15:50:16 --> Unable to write cache file: C:\shivaprasad\FBP\FBP.COM\application\cache/
ERROR - 2020-07-29 15:57:29 --> Unable to write cache file: C:\shivaprasad\FBP\FBP.COM\application\cache/
ERROR - 2020-07-29 15:58:20 --> Unable to write cache file: C:\shivaprasad\FBP\FBP.COM\application\cache/
ERROR - 2020-07-29 15:58:46 --> Unable to write cache file: C:\shivaprasad\FBP\FBP.COM\application\cache/
ERROR - 2020-07-29 15:58:53 --> Unable to write cache file: C:\shivaprasad\FBP\FBP.COM\application\cache/
ERROR - 2020-07-29 15:58:58 --> Unable to write cache file: C:\shivaprasad\FBP\FBP.COM\application\cache/
ERROR - 2020-07-29 15:59:03 --> Unable to write cache file: C:\shivaprasad\FBP\FBP.COM\application\cache/
ERROR - 2020-07-29 15:59:24 --> Unable to write cache file: C:\shivaprasad\FBP\FBP.COM\application\cache/
ERROR - 2020-07-29 15:59:59 --> Unable to write cache file: C:\shivaprasad\FBP\FBP.COM\application\cache/
ERROR - 2020-07-29 16:00:10 --> Unable to write cache file: C:\shivaprasad\FBP\FBP.COM\application\cache/
ERROR - 2020-07-29 16:00:52 --> Unable to write cache file: C:\shivaprasad\FBP\FBP.COM\application\cache/
ERROR - 2020-07-29 16:01:32 --> Unable to write cache file: C:\shivaprasad\FBP\FBP.COM\application\cache/
ERROR - 2020-07-29 16:01:37 --> Unable to write cache file: C:\shivaprasad\FBP\FBP.COM\application\cache/
ERROR - 2020-07-29 16:02:32 --> 404 Page Not Found: 
ERROR - 2020-07-29 16:02:32 --> 404 Page Not Found: 
ERROR - 2020-07-29 16:02:32 --> 404 Page Not Found: 
ERROR - 2020-07-29 16:02:38 --> Unable to write cache file: C:\shivaprasad\FBP\FBP.COM\application\cache/
ERROR - 2020-07-29 16:02:42 --> Unable to write cache file: C:\shivaprasad\FBP\FBP.COM\application\cache/
ERROR - 2020-07-29 16:02:49 --> Unable to write cache file: C:\shivaprasad\FBP\FBP.COM\application\cache/
ERROR - 2020-07-29 16:02:54 --> Unable to write cache file: C:\shivaprasad\FBP\FBP.COM\application\cache/
ERROR - 2020-07-29 16:03:10 --> Unable to write cache file: C:\shivaprasad\FBP\FBP.COM\application\cache/
ERROR - 2020-07-29 16:08:44 --> Unable to write cache file: C:\shivaprasad\FBP\FBP.COM\application\cache/
ERROR - 2020-07-29 16:11:21 --> Unable to write cache file: C:\shivaprasad\FBP\FBP.COM\application\cache/
ERROR - 2020-07-29 16:11:46 --> Unable to write cache file: C:\shivaprasad\FBP\FBP.COM\application\cache/
ERROR - 2020-07-29 16:12:23 --> Unable to write cache file: C:\shivaprasad\FBP\FBP.COM\application\cache/
ERROR - 2020-07-29 16:15:02 --> Unable to write cache file: C:\shivaprasad\FBP\FBP.COM\application\cache/
ERROR - 2020-07-29 16:15:21 --> Unable to write cache file: C:\shivaprasad\FBP\FBP.COM\application\cache/
ERROR - 2020-07-29 16:15:29 --> Unable to write cache file: C:\shivaprasad\FBP\FBP.COM\application\cache/
ERROR - 2020-07-29 16:15:33 --> Unable to write cache file: C:\shivaprasad\FBP\FBP.COM\application\cache/
ERROR - 2020-07-29 16:16:07 --> Query error: You have an error in your SQL syntax; check the manual that corresponds to your MariaDB server version for the right syntax to use near ')' at line 1 - Invalid query: SELECT `name` FROM `flat_types` WHERE id in ()
ERROR - 2020-07-29 16:16:11 --> Unable to write cache file: C:\shivaprasad\FBP\FBP.COM\application\cache/
ERROR - 2020-07-29 16:17:21 --> Unable to write cache file: C:\shivaprasad\FBP\FBP.COM\application\cache/
ERROR - 2020-07-29 16:18:00 --> Unable to write cache file: C:\shivaprasad\FBP\FBP.COM\application\cache/
ERROR - 2020-07-29 16:18:08 --> Unable to write cache file: C:\shivaprasad\FBP\FBP.COM\application\cache/
ERROR - 2020-07-29 16:19:21 --> Unable to write cache file: C:\shivaprasad\FBP\FBP.COM\application\cache/
ERROR - 2020-07-29 16:19:47 --> Unable to write cache file: C:\shivaprasad\FBP\FBP.COM\application\cache/
ERROR - 2020-07-29 16:21:40 --> Unable to write cache file: C:\shivaprasad\FBP\FBP.COM\application\cache/
ERROR - 2020-07-29 16:21:44 --> Unable to write cache file: C:\shivaprasad\FBP\FBP.COM\application\cache/
ERROR - 2020-07-29 16:21:48 --> Unable to write cache file: C:\shivaprasad\FBP\FBP.COM\application\cache/
ERROR - 2020-07-29 16:22:34 --> Unable to write cache file: C:\shivaprasad\FBP\FBP.COM\application\cache/
ERROR - 2020-07-29 16:24:35 --> Unable to write cache file: C:\shivaprasad\FBP\FBP.COM\application\cache/
ERROR - 2020-07-29 16:24:40 --> Unable to write cache file: C:\shivaprasad\FBP\FBP.COM\application\cache/
ERROR - 2020-07-29 16:24:50 --> Unable to write cache file: C:\shivaprasad\FBP\FBP.COM\application\cache/
ERROR - 2020-07-29 16:26:01 --> Unable to write cache file: C:\shivaprasad\FBP\FBP.COM\application\cache/
ERROR - 2020-07-29 16:26:09 --> Unable to write cache file: C:\shivaprasad\FBP\FBP.COM\application\cache/
ERROR - 2020-07-29 16:26:13 --> Unable to write cache file: C:\shivaprasad\FBP\FBP.COM\application\cache/
ERROR - 2020-07-29 16:26:19 --> Unable to write cache file: C:\shivaprasad\FBP\FBP.COM\application\cache/
ERROR - 2020-07-29 16:26:42 --> Unable to write cache file: C:\shivaprasad\FBP\FBP.COM\application\cache/
ERROR - 2020-07-29 16:26:46 --> Unable to write cache file: C:\shivaprasad\FBP\FBP.COM\application\cache/
ERROR - 2020-07-29 16:27:06 --> Unable to write cache file: C:\shivaprasad\FBP\FBP.COM\application\cache/
ERROR - 2020-07-29 16:34:14 --> Unable to write cache file: C:\shivaprasad\FBP\FBP.COM\application\cache/
ERROR - 2020-07-29 16:35:32 --> Unable to write cache file: C:\shivaprasad\FBP\FBP.COM\application\cache/
ERROR - 2020-07-29 16:36:19 --> Unable to write cache file: C:\shivaprasad\FBP\FBP.COM\application\cache/
ERROR - 2020-07-29 16:36:32 --> Unable to write cache file: C:\shivaprasad\FBP\FBP.COM\application\cache/
ERROR - 2020-07-29 13:06:41 --> Severity: error --> Exception: syntax error, unexpected ';' C:\shivaprasad\FBP\FBP.COM\application\controllers\admin\Properties.php 182
ERROR - 2020-07-29 16:36:46 --> Unable to write cache file: C:\shivaprasad\FBP\FBP.COM\application\cache/
ERROR - 2020-07-29 16:36:52 --> Unable to write cache file: C:\shivaprasad\FBP\FBP.COM\application\cache/
ERROR - 2020-07-29 16:37:18 --> Unable to write cache file: C:\shivaprasad\FBP\FBP.COM\application\cache/
ERROR - 2020-07-29 16:37:34 --> Unable to write cache file: C:\shivaprasad\FBP\FBP.COM\application\cache/
ERROR - 2020-07-29 16:37:56 --> Unable to write cache file: C:\shivaprasad\FBP\FBP.COM\application\cache/
ERROR - 2020-07-29 16:38:44 --> Unable to write cache file: C:\shivaprasad\FBP\FBP.COM\application\cache/
ERROR - 2020-07-29 16:39:21 --> Unable to write cache file: C:\shivaprasad\FBP\FBP.COM\application\cache/
ERROR - 2020-07-29 16:39:56 --> Unable to write cache file: C:\shivaprasad\FBP\FBP.COM\application\cache/
ERROR - 2020-07-29 13:11:16 --> Severity: error --> Exception: syntax error, unexpected ',' C:\shivaprasad\FBP\FBP.COM\application\controllers\admin\Properties.php 182
ERROR - 2020-07-29 16:41:20 --> Unable to write cache file: C:\shivaprasad\FBP\FBP.COM\application\cache/
ERROR - 2020-07-29 16:41:37 --> Unable to write cache file: C:\shivaprasad\FBP\FBP.COM\application\cache/
ERROR - 2020-07-29 13:13:05 --> Severity: error --> Exception: syntax error, unexpected '$propType' (T_VARIABLE) C:\shivaprasad\FBP\FBP.COM\application\controllers\admin\Properties.php 182
ERROR - 2020-07-29 16:43:10 --> Unable to write cache file: C:\shivaprasad\FBP\FBP.COM\application\cache/
ERROR - 2020-07-29 13:13:27 --> Severity: error --> Exception: syntax error, unexpected '$propType' (T_VARIABLE) C:\shivaprasad\FBP\FBP.COM\application\controllers\admin\Properties.php 183
ERROR - 2020-07-29 16:43:32 --> Unable to write cache file: C:\shivaprasad\FBP\FBP.COM\application\cache/
ERROR - 2020-07-29 16:43:46 --> Unable to write cache file: C:\shivaprasad\FBP\FBP.COM\application\cache/
ERROR - 2020-07-29 16:44:39 --> Unable to write cache file: C:\shivaprasad\FBP\FBP.COM\application\cache/
ERROR - 2020-07-29 16:44:49 --> Unable to write cache file: C:\shivaprasad\FBP\FBP.COM\application\cache/
ERROR - 2020-07-29 16:45:45 --> Unable to write cache file: C:\shivaprasad\FBP\FBP.COM\application\cache/
ERROR - 2020-07-29 16:47:47 --> Unable to write cache file: C:\shivaprasad\FBP\FBP.COM\application\cache/
ERROR - 2020-07-29 16:49:14 --> Unable to write cache file: C:\shivaprasad\FBP\FBP.COM\application\cache/
ERROR - 2020-07-29 16:50:45 --> Unable to write cache file: C:\shivaprasad\FBP\FBP.COM\application\cache/
ERROR - 2020-07-29 16:51:49 --> Unable to write cache file: C:\shivaprasad\FBP\FBP.COM\application\cache/
ERROR - 2020-07-29 16:51:54 --> Unable to write cache file: C:\shivaprasad\FBP\FBP.COM\application\cache/
ERROR - 2020-07-29 16:52:32 --> Unable to write cache file: C:\shivaprasad\FBP\FBP.COM\application\cache/
ERROR - 2020-07-29 16:52:57 --> Unable to write cache file: C:\shivaprasad\FBP\FBP.COM\application\cache/
ERROR - 2020-07-29 16:53:37 --> Unable to write cache file: C:\shivaprasad\FBP\FBP.COM\application\cache/
ERROR - 2020-07-29 16:53:49 --> Unable to write cache file: C:\shivaprasad\FBP\FBP.COM\application\cache/
ERROR - 2020-07-29 16:54:52 --> Unable to write cache file: C:\shivaprasad\FBP\FBP.COM\application\cache/
ERROR - 2020-07-29 16:55:33 --> Unable to write cache file: C:\shivaprasad\FBP\FBP.COM\application\cache/
ERROR - 2020-07-29 16:55:37 --> Unable to write cache file: C:\shivaprasad\FBP\FBP.COM\application\cache/
ERROR - 2020-07-29 16:56:26 --> 404 Page Not Found: 
ERROR - 2020-07-29 16:56:26 --> 404 Page Not Found: 
ERROR - 2020-07-29 16:56:26 --> 404 Page Not Found: 
ERROR - 2020-07-29 16:56:29 --> Unable to write cache file: C:\shivaprasad\FBP\FBP.COM\application\cache/
ERROR - 2020-07-29 16:56:31 --> Unable to write cache file: C:\shivaprasad\FBP\FBP.COM\application\cache/
ERROR - 2020-07-29 16:56:38 --> Unable to write cache file: C:\shivaprasad\FBP\FBP.COM\application\cache/
ERROR - 2020-07-29 16:56:40 --> Unable to write cache file: C:\shivaprasad\FBP\FBP.COM\application\cache/
ERROR - 2020-07-29 16:56:41 --> 404 Page Not Found: 
ERROR - 2020-07-29 16:56:41 --> 404 Page Not Found: 
ERROR - 2020-07-29 16:56:42 --> 404 Page Not Found: 
ERROR - 2020-07-29 16:56:42 --> 404 Page Not Found: 
ERROR - 2020-07-29 16:56:42 --> 404 Page Not Found: 
ERROR - 2020-07-29 16:56:42 --> 404 Page Not Found: 
ERROR - 2020-07-29 16:56:42 --> 404 Page Not Found: 
ERROR - 2020-07-29 16:56:42 --> 404 Page Not Found: 
ERROR - 2020-07-29 16:56:42 --> 404 Page Not Found: 
ERROR - 2020-07-29 16:56:42 --> 404 Page Not Found: 
ERROR - 2020-07-29 16:56:45 --> Unable to write cache file: C:\shivaprasad\FBP\FBP.COM\application\cache/
ERROR - 2020-07-29 16:56:48 --> Unable to write cache file: C:\shivaprasad\FBP\FBP.COM\application\cache/
ERROR - 2020-07-29 16:57:08 --> Unable to write cache file: C:\shivaprasad\FBP\FBP.COM\application\cache/
ERROR - 2020-07-29 16:57:09 --> 404 Page Not Found: 
ERROR - 2020-07-29 16:57:09 --> 404 Page Not Found: 
ERROR - 2020-07-29 16:57:09 --> 404 Page Not Found: 
ERROR - 2020-07-29 16:57:09 --> 404 Page Not Found: 
ERROR - 2020-07-29 16:57:09 --> 404 Page Not Found: 
ERROR - 2020-07-29 16:57:09 --> 404 Page Not Found: 
ERROR - 2020-07-29 16:57:09 --> 404 Page Not Found: 
ERROR - 2020-07-29 16:57:09 --> 404 Page Not Found: 
ERROR - 2020-07-29 16:57:09 --> 404 Page Not Found: 
ERROR - 2020-07-29 16:57:10 --> 404 Page Not Found: 
ERROR - 2020-07-29 16:57:10 --> 404 Page Not Found: 
ERROR - 2020-07-29 16:57:10 --> 404 Page Not Found: 
ERROR - 2020-07-29 16:57:10 --> 404 Page Not Found: 
ERROR - 2020-07-29 16:57:10 --> 404 Page Not Found: 
ERROR - 2020-07-29 16:57:10 --> 404 Page Not Found: 
ERROR - 2020-07-29 16:57:10 --> 404 Page Not Found: 
ERROR - 2020-07-29 16:57:10 --> 404 Page Not Found: 
ERROR - 2020-07-29 16:57:10 --> 404 Page Not Found: 
ERROR - 2020-07-29 16:57:10 --> 404 Page Not Found: 
ERROR - 2020-07-29 16:57:10 --> 404 Page Not Found: 
ERROR - 2020-07-29 16:57:10 --> 404 Page Not Found: 
ERROR - 2020-07-29 16:57:10 --> 404 Page Not Found: 
ERROR - 2020-07-29 16:57:10 --> 404 Page Not Found: 
ERROR - 2020-07-29 16:57:11 --> 404 Page Not Found: 
ERROR - 2020-07-29 16:57:11 --> 404 Page Not Found: 
ERROR - 2020-07-29 16:57:11 --> 404 Page Not Found: 
ERROR - 2020-07-29 16:57:11 --> 404 Page Not Found: 
ERROR - 2020-07-29 16:57:11 --> 404 Page Not Found: 
ERROR - 2020-07-29 16:57:11 --> 404 Page Not Found: 
ERROR - 2020-07-29 16:57:11 --> 404 Page Not Found: 
ERROR - 2020-07-29 16:57:11 --> 404 Page Not Found: 
ERROR - 2020-07-29 16:57:11 --> 404 Page Not Found: 
ERROR - 2020-07-29 16:57:11 --> 404 Page Not Found: 
ERROR - 2020-07-29 16:57:11 --> 404 Page Not Found: 
ERROR - 2020-07-29 16:57:11 --> 404 Page Not Found: 
ERROR - 2020-07-29 16:57:11 --> 404 Page Not Found: 
ERROR - 2020-07-29 16:57:11 --> 404 Page Not Found: 
ERROR - 2020-07-29 16:57:12 --> 404 Page Not Found: 
ERROR - 2020-07-29 16:57:17 --> Unable to write cache file: C:\shivaprasad\FBP\FBP.COM\application\cache/
ERROR - 2020-07-29 16:57:22 --> Unable to write cache file: C:\shivaprasad\FBP\FBP.COM\application\cache/
ERROR - 2020-07-29 16:57:23 --> 404 Page Not Found: 
ERROR - 2020-07-29 16:57:27 --> Unable to write cache file: C:\shivaprasad\FBP\FBP.COM\application\cache/
ERROR - 2020-07-29 16:57:53 --> 404 Page Not Found: 
ERROR - 2020-07-29 16:57:53 --> 404 Page Not Found: 
ERROR - 2020-07-29 16:57:53 --> 404 Page Not Found: 
ERROR - 2020-07-29 16:57:53 --> 404 Page Not Found: 
ERROR - 2020-07-29 16:57:53 --> 404 Page Not Found: 
ERROR - 2020-07-29 16:57:53 --> 404 Page Not Found: 
ERROR - 2020-07-29 16:57:53 --> 404 Page Not Found: 
ERROR - 2020-07-29 16:57:53 --> 404 Page Not Found: 
ERROR - 2020-07-29 16:57:53 --> 404 Page Not Found: 
ERROR - 2020-07-29 16:57:53 --> 404 Page Not Found: 
ERROR - 2020-07-29 16:57:56 --> Unable to write cache file: C:\shivaprasad\FBP\FBP.COM\application\cache/
ERROR - 2020-07-29 16:57:58 --> Unable to write cache file: C:\shivaprasad\FBP\FBP.COM\application\cache/
ERROR - 2020-07-29 16:57:58 --> 404 Page Not Found: 
ERROR - 2020-07-29 16:57:58 --> 404 Page Not Found: 
ERROR - 2020-07-29 16:57:58 --> 404 Page Not Found: 
ERROR - 2020-07-29 16:57:59 --> 404 Page Not Found: 
ERROR - 2020-07-29 16:57:59 --> 404 Page Not Found: 
ERROR - 2020-07-29 16:57:59 --> 404 Page Not Found: 
ERROR - 2020-07-29 16:57:59 --> 404 Page Not Found: 
ERROR - 2020-07-29 16:57:59 --> 404 Page Not Found: 
ERROR - 2020-07-29 16:57:59 --> 404 Page Not Found: 
ERROR - 2020-07-29 16:57:59 --> 404 Page Not Found: 
ERROR - 2020-07-29 16:58:01 --> Unable to write cache file: C:\shivaprasad\FBP\FBP.COM\application\cache/
ERROR - 2020-07-29 16:58:05 --> Unable to write cache file: C:\shivaprasad\FBP\FBP.COM\application\cache/
ERROR - 2020-07-29 16:58:05 --> 404 Page Not Found: 
ERROR - 2020-07-29 16:58:05 --> 404 Page Not Found: 
ERROR - 2020-07-29 16:58:05 --> 404 Page Not Found: 
ERROR - 2020-07-29 16:58:05 --> 404 Page Not Found: 
ERROR - 2020-07-29 16:58:05 --> 404 Page Not Found: 
ERROR - 2020-07-29 16:58:05 --> 404 Page Not Found: 
ERROR - 2020-07-29 16:58:05 --> 404 Page Not Found: 
ERROR - 2020-07-29 16:58:08 --> Unable to write cache file: C:\shivaprasad\FBP\FBP.COM\application\cache/
ERROR - 2020-07-29 16:58:11 --> Unable to write cache file: C:\shivaprasad\FBP\FBP.COM\application\cache/
ERROR - 2020-07-29 16:58:24 --> 404 Page Not Found: 
ERROR - 2020-07-29 16:58:24 --> 404 Page Not Found: 
ERROR - 2020-07-29 16:58:25 --> 404 Page Not Found: 
ERROR - 2020-07-29 16:58:25 --> 404 Page Not Found: 
ERROR - 2020-07-29 16:58:25 --> 404 Page Not Found: 
ERROR - 2020-07-29 16:58:25 --> 404 Page Not Found: 
ERROR - 2020-07-29 16:58:25 --> 404 Page Not Found: 
ERROR - 2020-07-29 16:58:25 --> 404 Page Not Found: 
ERROR - 2020-07-29 16:58:25 --> 404 Page Not Found: 
ERROR - 2020-07-29 16:58:27 --> Unable to write cache file: C:\shivaprasad\FBP\FBP.COM\application\cache/
ERROR - 2020-07-29 16:58:30 --> Unable to write cache file: C:\shivaprasad\FBP\FBP.COM\application\cache/
ERROR - 2020-07-29 16:58:30 --> 404 Page Not Found: 
ERROR - 2020-07-29 16:58:30 --> 404 Page Not Found: 
ERROR - 2020-07-29 16:58:30 --> 404 Page Not Found: 
ERROR - 2020-07-29 16:58:30 --> 404 Page Not Found: 
ERROR - 2020-07-29 16:58:30 --> 404 Page Not Found: 
ERROR - 2020-07-29 16:58:30 --> 404 Page Not Found: 
ERROR - 2020-07-29 16:58:30 --> 404 Page Not Found: 
ERROR - 2020-07-29 16:58:30 --> 404 Page Not Found: 
ERROR - 2020-07-29 16:58:30 --> 404 Page Not Found: 
ERROR - 2020-07-29 16:58:30 --> 404 Page Not Found: 
ERROR - 2020-07-29 16:58:34 --> Unable to write cache file: C:\shivaprasad\FBP\FBP.COM\application\cache/
ERROR - 2020-07-29 16:58:34 --> 404 Page Not Found: 
ERROR - 2020-07-29 16:58:34 --> 404 Page Not Found: 
ERROR - 2020-07-29 16:58:34 --> 404 Page Not Found: 
ERROR - 2020-07-29 16:58:34 --> 404 Page Not Found: 
ERROR - 2020-07-29 16:58:34 --> 404 Page Not Found: 
ERROR - 2020-07-29 16:58:34 --> 404 Page Not Found: 
ERROR - 2020-07-29 16:58:34 --> 404 Page Not Found: 
ERROR - 2020-07-29 16:58:34 --> 404 Page Not Found: 
ERROR - 2020-07-29 16:58:34 --> 404 Page Not Found: 
ERROR - 2020-07-29 16:58:34 --> 404 Page Not Found: 
ERROR - 2020-07-29 16:58:38 --> Unable to write cache file: C:\shivaprasad\FBP\FBP.COM\application\cache/
ERROR - 2020-07-29 16:58:42 --> Unable to write cache file: C:\shivaprasad\FBP\FBP.COM\application\cache/
ERROR - 2020-07-29 16:58:45 --> Unable to write cache file: C:\shivaprasad\FBP\FBP.COM\application\cache/
ERROR - 2020-07-29 16:58:49 --> Unable to write cache file: C:\shivaprasad\FBP\FBP.COM\application\cache/
ERROR - 2020-07-29 16:58:53 --> Unable to write cache file: C:\shivaprasad\FBP\FBP.COM\application\cache/
ERROR - 2020-07-29 16:58:57 --> Unable to write cache file: C:\shivaprasad\FBP\FBP.COM\application\cache/
ERROR - 2020-07-29 16:59:01 --> Unable to write cache file: C:\shivaprasad\FBP\FBP.COM\application\cache/
ERROR - 2020-07-29 16:59:05 --> Unable to write cache file: C:\shivaprasad\FBP\FBP.COM\application\cache/
ERROR - 2020-07-29 16:59:09 --> Unable to write cache file: C:\shivaprasad\FBP\FBP.COM\application\cache/
ERROR - 2020-07-29 16:59:13 --> Unable to write cache file: C:\shivaprasad\FBP\FBP.COM\application\cache/
ERROR - 2020-07-29 16:59:17 --> Unable to write cache file: C:\shivaprasad\FBP\FBP.COM\application\cache/
ERROR - 2020-07-29 16:59:21 --> Unable to write cache file: C:\shivaprasad\FBP\FBP.COM\application\cache/
ERROR - 2020-07-29 16:59:24 --> Unable to write cache file: C:\shivaprasad\FBP\FBP.COM\application\cache/
ERROR - 2020-07-29 16:59:27 --> Unable to write cache file: C:\shivaprasad\FBP\FBP.COM\application\cache/
