ERROR - 2020-07-27 17:41:59 --> 404 Page Not Found: 
ERROR - 2020-07-27 17:41:59 --> 404 Page Not Found: 
ERROR - 2020-07-27 17:41:59 --> 404 Page Not Found: 
ERROR - 2020-07-27 17:41:59 --> 404 Page Not Found: 
ERROR - 2020-07-27 17:41:59 --> 404 Page Not Found: 
ERROR - 2020-07-27 17:41:59 --> 404 Page Not Found: 
ERROR - 2020-07-27 17:41:59 --> 404 Page Not Found: 
ERROR - 2020-07-27 17:41:59 --> 404 Page Not Found: 
ERROR - 2020-07-27 17:41:59 --> 404 Page Not Found: 
ERROR - 2020-07-27 17:41:59 --> 404 Page Not Found: 
ERROR - 2020-07-27 17:41:59 --> 404 Page Not Found: 
ERROR - 2020-07-27 17:41:59 --> 404 Page Not Found: 
ERROR - 2020-07-27 17:41:59 --> 404 Page Not Found: 
ERROR - 2020-07-27 17:41:59 --> 404 Page Not Found: 
ERROR - 2020-07-27 17:41:59 --> 404 Page Not Found: 
ERROR - 2020-07-27 17:41:59 --> 404 Page Not Found: 
ERROR - 2020-07-27 17:41:59 --> 404 Page Not Found: 
ERROR - 2020-07-27 17:41:59 --> 404 Page Not Found: 
ERROR - 2020-07-27 17:41:59 --> 404 Page Not Found: 
ERROR - 2020-07-27 17:41:59 --> 404 Page Not Found: 
ERROR - 2020-07-27 17:41:59 --> 404 Page Not Found: 
ERROR - 2020-07-27 17:42:00 --> 404 Page Not Found: 
ERROR - 2020-07-27 17:42:00 --> 404 Page Not Found: 
ERROR - 2020-07-27 17:42:00 --> 404 Page Not Found: 
ERROR - 2020-07-27 17:42:00 --> 404 Page Not Found: 
ERROR - 2020-07-27 17:42:00 --> 404 Page Not Found: 
ERROR - 2020-07-27 17:42:00 --> 404 Page Not Found: 
ERROR - 2020-07-27 17:42:00 --> 404 Page Not Found: 
ERROR - 2020-07-27 17:42:00 --> 404 Page Not Found: 
ERROR - 2020-07-27 17:42:00 --> 404 Page Not Found: 
ERROR - 2020-07-27 17:42:00 --> 404 Page Not Found: 
ERROR - 2020-07-27 17:42:00 --> 404 Page Not Found: 
ERROR - 2020-07-27 17:42:00 --> 404 Page Not Found: 
ERROR - 2020-07-27 17:42:00 --> 404 Page Not Found: 
ERROR - 2020-07-27 17:42:00 --> 404 Page Not Found: 
ERROR - 2020-07-27 17:42:00 --> 404 Page Not Found: 
ERROR - 2020-07-27 17:42:00 --> 404 Page Not Found: 
ERROR - 2020-07-27 17:42:00 --> 404 Page Not Found: 
ERROR - 2020-07-27 17:42:18 --> Severity: Warning --> Illegal string offset 'bhk' C:\shivaprasad\FBP\FBP.COM\application\controllers\Home.php 117
ERROR - 2020-07-27 17:42:18 --> Severity: Warning --> Illegal string offset 'bhk_range' C:\shivaprasad\FBP\FBP.COM\application\controllers\Home.php 117
ERROR - 2020-07-27 17:42:18 --> Severity: Warning --> Illegal string offset 'price' C:\shivaprasad\FBP\FBP.COM\application\controllers\Home.php 118
ERROR - 2020-07-27 17:42:18 --> Severity: Warning --> Illegal string offset 'price_range' C:\shivaprasad\FBP\FBP.COM\application\controllers\Home.php 118
ERROR - 2020-07-27 17:42:18 --> Severity: Warning --> Illegal string offset 'baths' C:\shivaprasad\FBP\FBP.COM\application\controllers\Home.php 119
ERROR - 2020-07-27 17:42:18 --> Severity: Warning --> Illegal string offset 'baths_range' C:\shivaprasad\FBP\FBP.COM\application\controllers\Home.php 119
ERROR - 2020-07-27 17:42:24 --> 404 Page Not Found: 
ERROR - 2020-07-27 17:42:24 --> 404 Page Not Found: 
ERROR - 2020-07-27 17:42:24 --> 404 Page Not Found: 
ERROR - 2020-07-27 17:42:24 --> 404 Page Not Found: 
ERROR - 2020-07-27 17:42:24 --> 404 Page Not Found: 
ERROR - 2020-07-27 17:42:24 --> 404 Page Not Found: 
ERROR - 2020-07-27 17:42:24 --> 404 Page Not Found: 
ERROR - 2020-07-27 17:42:24 --> 404 Page Not Found: 
ERROR - 2020-07-27 17:42:24 --> 404 Page Not Found: 
ERROR - 2020-07-27 17:42:24 --> 404 Page Not Found: 
ERROR - 2020-07-27 17:42:35 --> Severity: Warning --> Illegal string offset 'bhk' C:\shivaprasad\FBP\FBP.COM\application\controllers\Home.php 117
ERROR - 2020-07-27 17:42:35 --> Severity: Warning --> Illegal string offset 'bhk_range' C:\shivaprasad\FBP\FBP.COM\application\controllers\Home.php 117
ERROR - 2020-07-27 17:42:35 --> Severity: Warning --> Illegal string offset 'price' C:\shivaprasad\FBP\FBP.COM\application\controllers\Home.php 118
ERROR - 2020-07-27 17:42:35 --> Severity: Warning --> Illegal string offset 'price_range' C:\shivaprasad\FBP\FBP.COM\application\controllers\Home.php 118
ERROR - 2020-07-27 17:42:35 --> Severity: Warning --> Illegal string offset 'baths' C:\shivaprasad\FBP\FBP.COM\application\controllers\Home.php 119
ERROR - 2020-07-27 17:42:35 --> Severity: Warning --> Illegal string offset 'baths_range' C:\shivaprasad\FBP\FBP.COM\application\controllers\Home.php 119
ERROR - 2020-07-27 17:42:41 --> 404 Page Not Found: 
ERROR - 2020-07-27 17:42:41 --> 404 Page Not Found: 
ERROR - 2020-07-27 17:42:41 --> 404 Page Not Found: 
ERROR - 2020-07-27 17:42:41 --> 404 Page Not Found: 
ERROR - 2020-07-27 17:42:41 --> 404 Page Not Found: 
ERROR - 2020-07-27 17:42:41 --> 404 Page Not Found: 
ERROR - 2020-07-27 17:42:41 --> 404 Page Not Found: 
ERROR - 2020-07-27 17:42:41 --> 404 Page Not Found: 
ERROR - 2020-07-27 17:42:41 --> 404 Page Not Found: 
ERROR - 2020-07-27 17:42:41 --> 404 Page Not Found: 
ERROR - 2020-07-27 17:52:14 --> Severity: Warning --> Illegal string offset 'bhk' C:\shivaprasad\FBP\FBP.COM\application\controllers\Home.php 117
ERROR - 2020-07-27 17:52:14 --> Severity: Warning --> Illegal string offset 'bhk_range' C:\shivaprasad\FBP\FBP.COM\application\controllers\Home.php 117
ERROR - 2020-07-27 17:52:14 --> Severity: Warning --> Illegal string offset 'price' C:\shivaprasad\FBP\FBP.COM\application\controllers\Home.php 118
ERROR - 2020-07-27 17:52:14 --> Severity: Warning --> Illegal string offset 'price_range' C:\shivaprasad\FBP\FBP.COM\application\controllers\Home.php 118
ERROR - 2020-07-27 17:52:14 --> Severity: Warning --> Illegal string offset 'baths' C:\shivaprasad\FBP\FBP.COM\application\controllers\Home.php 119
ERROR - 2020-07-27 17:52:14 --> Severity: Warning --> Illegal string offset 'baths_range' C:\shivaprasad\FBP\FBP.COM\application\controllers\Home.php 119
ERROR - 2020-07-27 17:52:19 --> 404 Page Not Found: 
ERROR - 2020-07-27 17:52:19 --> 404 Page Not Found: 
ERROR - 2020-07-27 17:52:19 --> 404 Page Not Found: 
ERROR - 2020-07-27 17:52:19 --> 404 Page Not Found: 
ERROR - 2020-07-27 17:52:19 --> 404 Page Not Found: 
ERROR - 2020-07-27 17:52:19 --> 404 Page Not Found: 
ERROR - 2020-07-27 17:52:19 --> 404 Page Not Found: 
ERROR - 2020-07-27 17:52:19 --> 404 Page Not Found: 
ERROR - 2020-07-27 17:52:19 --> 404 Page Not Found: 
ERROR - 2020-07-27 17:52:19 --> 404 Page Not Found: 
ERROR - 2020-07-27 17:52:24 --> 404 Page Not Found: 
ERROR - 2020-07-27 17:52:24 --> 404 Page Not Found: 
ERROR - 2020-07-27 17:52:24 --> 404 Page Not Found: 
ERROR - 2020-07-27 17:52:24 --> 404 Page Not Found: 
ERROR - 2020-07-27 17:52:24 --> 404 Page Not Found: 
ERROR - 2020-07-27 17:52:24 --> 404 Page Not Found: 
ERROR - 2020-07-27 17:52:24 --> 404 Page Not Found: 
ERROR - 2020-07-27 17:52:24 --> 404 Page Not Found: 
ERROR - 2020-07-27 17:52:25 --> 404 Page Not Found: 
ERROR - 2020-07-27 17:52:26 --> 404 Page Not Found: 
ERROR - 2020-07-27 18:00:49 --> Unable to write cache file: C:\shivaprasad\FBP\FBP.COM\application\cache/
ERROR - 2020-07-27 18:00:49 --> 404 Page Not Found: 
ERROR - 2020-07-27 18:00:49 --> 404 Page Not Found: 
ERROR - 2020-07-27 18:00:49 --> 404 Page Not Found: 
ERROR - 2020-07-27 18:00:49 --> 404 Page Not Found: 
ERROR - 2020-07-27 18:00:49 --> 404 Page Not Found: 
ERROR - 2020-07-27 18:00:49 --> 404 Page Not Found: 
ERROR - 2020-07-27 18:00:49 --> 404 Page Not Found: 
ERROR - 2020-07-27 18:00:49 --> 404 Page Not Found: 
ERROR - 2020-07-27 18:00:51 --> Unable to write cache file: C:\shivaprasad\FBP\FBP.COM\application\cache/
ERROR - 2020-07-27 18:00:51 --> 404 Page Not Found: 
ERROR - 2020-07-27 18:00:51 --> 404 Page Not Found: 
ERROR - 2020-07-27 18:00:51 --> 404 Page Not Found: 
ERROR - 2020-07-27 18:00:51 --> 404 Page Not Found: 
ERROR - 2020-07-27 18:00:52 --> 404 Page Not Found: 
ERROR - 2020-07-27 18:00:52 --> 404 Page Not Found: 
ERROR - 2020-07-27 18:00:52 --> 404 Page Not Found: 
ERROR - 2020-07-27 18:00:52 --> 404 Page Not Found: 
ERROR - 2020-07-27 18:00:54 --> Unable to write cache file: C:\shivaprasad\FBP\FBP.COM\application\cache/
ERROR - 2020-07-27 18:00:55 --> 404 Page Not Found: 
ERROR - 2020-07-27 18:00:55 --> 404 Page Not Found: 
ERROR - 2020-07-27 18:00:55 --> 404 Page Not Found: 
ERROR - 2020-07-27 18:00:55 --> 404 Page Not Found: 
ERROR - 2020-07-27 18:00:55 --> 404 Page Not Found: 
ERROR - 2020-07-27 18:00:55 --> 404 Page Not Found: 
ERROR - 2020-07-27 18:00:55 --> 404 Page Not Found: 
ERROR - 2020-07-27 18:00:55 --> 404 Page Not Found: 
ERROR - 2020-07-27 18:01:46 --> Unable to write cache file: C:\shivaprasad\FBP\FBP.COM\application\cache/
ERROR - 2020-07-27 18:01:46 --> 404 Page Not Found: 
ERROR - 2020-07-27 18:01:46 --> 404 Page Not Found: 
ERROR - 2020-07-27 18:01:46 --> 404 Page Not Found: 
ERROR - 2020-07-27 18:01:46 --> 404 Page Not Found: 
ERROR - 2020-07-27 18:01:46 --> 404 Page Not Found: 
ERROR - 2020-07-27 18:01:46 --> 404 Page Not Found: 
ERROR - 2020-07-27 18:01:47 --> 404 Page Not Found: 
ERROR - 2020-07-27 18:01:47 --> 404 Page Not Found: 
ERROR - 2020-07-27 18:02:06 --> Unable to write cache file: C:\shivaprasad\FBP\FBP.COM\application\cache/
ERROR - 2020-07-27 18:02:06 --> 404 Page Not Found: 
ERROR - 2020-07-27 18:02:06 --> 404 Page Not Found: 
ERROR - 2020-07-27 18:02:06 --> 404 Page Not Found: 
ERROR - 2020-07-27 18:02:06 --> 404 Page Not Found: 
ERROR - 2020-07-27 18:02:06 --> 404 Page Not Found: 
ERROR - 2020-07-27 18:02:06 --> 404 Page Not Found: 
ERROR - 2020-07-27 18:02:06 --> 404 Page Not Found: 
ERROR - 2020-07-27 18:02:06 --> 404 Page Not Found: 
ERROR - 2020-07-27 18:02:06 --> 404 Page Not Found: 
ERROR - 2020-07-27 18:02:06 --> 404 Page Not Found: 
ERROR - 2020-07-27 18:02:11 --> Unable to write cache file: C:\shivaprasad\FBP\FBP.COM\application\cache/
ERROR - 2020-07-27 18:02:11 --> 404 Page Not Found: 
ERROR - 2020-07-27 18:02:11 --> 404 Page Not Found: 
ERROR - 2020-07-27 18:02:11 --> 404 Page Not Found: 
ERROR - 2020-07-27 18:02:11 --> 404 Page Not Found: 
ERROR - 2020-07-27 18:02:11 --> 404 Page Not Found: 
ERROR - 2020-07-27 18:02:11 --> 404 Page Not Found: 
ERROR - 2020-07-27 18:02:11 --> 404 Page Not Found: 
ERROR - 2020-07-27 18:02:11 --> 404 Page Not Found: 
ERROR - 2020-07-27 18:02:12 --> 404 Page Not Found: 
ERROR - 2020-07-27 18:02:12 --> 404 Page Not Found: 
ERROR - 2020-07-27 18:09:17 --> Unable to write cache file: C:\shivaprasad\FBP\FBP.COM\application\cache/
ERROR - 2020-07-27 18:09:18 --> 404 Page Not Found: 
ERROR - 2020-07-27 18:09:18 --> 404 Page Not Found: 
ERROR - 2020-07-27 18:09:18 --> 404 Page Not Found: 
ERROR - 2020-07-27 18:09:18 --> 404 Page Not Found: 
ERROR - 2020-07-27 18:09:18 --> 404 Page Not Found: 
ERROR - 2020-07-27 18:09:18 --> 404 Page Not Found: 
ERROR - 2020-07-27 18:09:18 --> 404 Page Not Found: 
ERROR - 2020-07-27 18:09:18 --> 404 Page Not Found: 
ERROR - 2020-07-27 18:09:18 --> 404 Page Not Found: 
ERROR - 2020-07-27 18:09:19 --> 404 Page Not Found: 
ERROR - 2020-07-27 18:09:19 --> 404 Page Not Found: 
ERROR - 2020-07-27 18:09:19 --> 404 Page Not Found: 
ERROR - 2020-07-27 18:09:19 --> 404 Page Not Found: 
ERROR - 2020-07-27 18:09:19 --> 404 Page Not Found: 
ERROR - 2020-07-27 18:09:19 --> 404 Page Not Found: 
ERROR - 2020-07-27 18:09:19 --> 404 Page Not Found: 
ERROR - 2020-07-27 18:09:19 --> 404 Page Not Found: 
ERROR - 2020-07-27 18:09:19 --> 404 Page Not Found: 
ERROR - 2020-07-27 18:09:19 --> 404 Page Not Found: 
ERROR - 2020-07-27 18:09:19 --> 404 Page Not Found: 
ERROR - 2020-07-27 18:09:19 --> 404 Page Not Found: 
ERROR - 2020-07-27 18:09:19 --> 404 Page Not Found: 
ERROR - 2020-07-27 18:09:19 --> 404 Page Not Found: 
ERROR - 2020-07-27 18:09:19 --> 404 Page Not Found: 
ERROR - 2020-07-27 18:09:19 --> 404 Page Not Found: 
ERROR - 2020-07-27 18:09:19 --> 404 Page Not Found: 
ERROR - 2020-07-27 18:09:20 --> 404 Page Not Found: 
ERROR - 2020-07-27 18:09:20 --> 404 Page Not Found: 
ERROR - 2020-07-27 18:09:20 --> 404 Page Not Found: 
ERROR - 2020-07-27 18:09:20 --> 404 Page Not Found: 
ERROR - 2020-07-27 18:09:20 --> 404 Page Not Found: 
ERROR - 2020-07-27 18:09:20 --> 404 Page Not Found: 
ERROR - 2020-07-27 18:09:20 --> 404 Page Not Found: 
ERROR - 2020-07-27 18:09:20 --> 404 Page Not Found: 
ERROR - 2020-07-27 18:09:20 --> 404 Page Not Found: 
ERROR - 2020-07-27 18:09:20 --> 404 Page Not Found: 
ERROR - 2020-07-27 18:09:20 --> 404 Page Not Found: 
ERROR - 2020-07-27 18:09:20 --> 404 Page Not Found: 
ERROR - 2020-07-27 18:09:27 --> Unable to write cache file: C:\shivaprasad\FBP\FBP.COM\application\cache/
ERROR - 2020-07-27 18:09:27 --> 404 Page Not Found: 
ERROR - 2020-07-27 18:09:27 --> 404 Page Not Found: 
ERROR - 2020-07-27 18:09:27 --> 404 Page Not Found: 
ERROR - 2020-07-27 18:09:27 --> 404 Page Not Found: 
ERROR - 2020-07-27 18:09:28 --> 404 Page Not Found: 
ERROR - 2020-07-27 18:09:28 --> 404 Page Not Found: 
ERROR - 2020-07-27 18:09:28 --> 404 Page Not Found: 
ERROR - 2020-07-27 18:09:28 --> 404 Page Not Found: 
ERROR - 2020-07-27 18:09:28 --> 404 Page Not Found: 
ERROR - 2020-07-27 18:09:28 --> 404 Page Not Found: 
ERROR - 2020-07-27 18:09:28 --> 404 Page Not Found: 
ERROR - 2020-07-27 18:09:28 --> 404 Page Not Found: 
ERROR - 2020-07-27 18:09:28 --> 404 Page Not Found: 
ERROR - 2020-07-27 18:09:28 --> 404 Page Not Found: 
ERROR - 2020-07-27 18:09:28 --> 404 Page Not Found: 
ERROR - 2020-07-27 18:09:28 --> 404 Page Not Found: 
ERROR - 2020-07-27 18:09:28 --> 404 Page Not Found: 
ERROR - 2020-07-27 18:09:28 --> 404 Page Not Found: 
ERROR - 2020-07-27 18:09:28 --> 404 Page Not Found: 
ERROR - 2020-07-27 18:09:29 --> 404 Page Not Found: 
ERROR - 2020-07-27 18:09:29 --> 404 Page Not Found: 
ERROR - 2020-07-27 18:09:29 --> 404 Page Not Found: 
ERROR - 2020-07-27 18:09:29 --> 404 Page Not Found: 
ERROR - 2020-07-27 18:09:29 --> 404 Page Not Found: 
ERROR - 2020-07-27 18:09:29 --> 404 Page Not Found: 
ERROR - 2020-07-27 18:09:29 --> 404 Page Not Found: 
ERROR - 2020-07-27 18:09:29 --> 404 Page Not Found: 
ERROR - 2020-07-27 18:09:29 --> 404 Page Not Found: 
ERROR - 2020-07-27 18:09:29 --> 404 Page Not Found: 
ERROR - 2020-07-27 18:09:29 --> 404 Page Not Found: 
ERROR - 2020-07-27 18:09:29 --> 404 Page Not Found: 
ERROR - 2020-07-27 18:09:29 --> 404 Page Not Found: 
ERROR - 2020-07-27 18:09:29 --> 404 Page Not Found: 
ERROR - 2020-07-27 18:09:29 --> 404 Page Not Found: 
ERROR - 2020-07-27 18:09:29 --> 404 Page Not Found: 
ERROR - 2020-07-27 18:09:30 --> 404 Page Not Found: 
ERROR - 2020-07-27 18:09:30 --> 404 Page Not Found: 
ERROR - 2020-07-27 18:09:30 --> 404 Page Not Found: 
ERROR - 2020-07-27 18:09:57 --> Severity: Warning --> Illegal string offset 'bhk' C:\shivaprasad\FBP\FBP.COM\application\controllers\Home.php 118
ERROR - 2020-07-27 18:09:57 --> Severity: Warning --> Illegal string offset 'bhk_range' C:\shivaprasad\FBP\FBP.COM\application\controllers\Home.php 118
ERROR - 2020-07-27 18:09:57 --> Severity: Warning --> Illegal string offset 'price' C:\shivaprasad\FBP\FBP.COM\application\controllers\Home.php 119
ERROR - 2020-07-27 18:09:57 --> Severity: Warning --> Illegal string offset 'price_range' C:\shivaprasad\FBP\FBP.COM\application\controllers\Home.php 119
ERROR - 2020-07-27 18:09:57 --> Severity: Warning --> Illegal string offset 'baths' C:\shivaprasad\FBP\FBP.COM\application\controllers\Home.php 120
ERROR - 2020-07-27 18:09:57 --> Severity: Warning --> Illegal string offset 'baths_range' C:\shivaprasad\FBP\FBP.COM\application\controllers\Home.php 120
ERROR - 2020-07-27 18:10:03 --> 404 Page Not Found: 
ERROR - 2020-07-27 18:10:03 --> 404 Page Not Found: 
ERROR - 2020-07-27 18:10:03 --> 404 Page Not Found: 
ERROR - 2020-07-27 18:10:03 --> 404 Page Not Found: 
ERROR - 2020-07-27 18:10:03 --> 404 Page Not Found: 
ERROR - 2020-07-27 18:10:03 --> 404 Page Not Found: 
ERROR - 2020-07-27 18:10:03 --> 404 Page Not Found: 
ERROR - 2020-07-27 18:10:04 --> 404 Page Not Found: 
ERROR - 2020-07-27 18:10:04 --> 404 Page Not Found: 
ERROR - 2020-07-27 18:10:04 --> 404 Page Not Found: 
ERROR - 2020-07-27 18:14:17 --> Unable to write cache file: C:\shivaprasad\FBP\FBP.COM\application\cache/
ERROR - 2020-07-27 18:14:17 --> 404 Page Not Found: 
ERROR - 2020-07-27 18:14:17 --> 404 Page Not Found: 
ERROR - 2020-07-27 18:14:17 --> 404 Page Not Found: 
ERROR - 2020-07-27 18:14:17 --> 404 Page Not Found: 
ERROR - 2020-07-27 18:14:17 --> 404 Page Not Found: 
ERROR - 2020-07-27 18:14:17 --> 404 Page Not Found: 
ERROR - 2020-07-27 18:14:17 --> 404 Page Not Found: 
ERROR - 2020-07-27 18:14:18 --> 404 Page Not Found: 
ERROR - 2020-07-27 18:14:18 --> 404 Page Not Found: 
ERROR - 2020-07-27 18:14:18 --> 404 Page Not Found: 
ERROR - 2020-07-27 18:14:18 --> 404 Page Not Found: 
ERROR - 2020-07-27 18:14:18 --> 404 Page Not Found: 
ERROR - 2020-07-27 18:14:18 --> 404 Page Not Found: 
ERROR - 2020-07-27 18:14:18 --> 404 Page Not Found: 
ERROR - 2020-07-27 18:14:18 --> 404 Page Not Found: 
ERROR - 2020-07-27 18:14:18 --> 404 Page Not Found: 
ERROR - 2020-07-27 18:14:18 --> 404 Page Not Found: 
ERROR - 2020-07-27 18:14:18 --> 404 Page Not Found: 
ERROR - 2020-07-27 18:14:18 --> 404 Page Not Found: 
ERROR - 2020-07-27 18:14:18 --> 404 Page Not Found: 
ERROR - 2020-07-27 18:14:18 --> 404 Page Not Found: 
ERROR - 2020-07-27 18:14:18 --> 404 Page Not Found: 
ERROR - 2020-07-27 18:14:19 --> 404 Page Not Found: 
ERROR - 2020-07-27 18:14:19 --> 404 Page Not Found: 
ERROR - 2020-07-27 18:14:19 --> 404 Page Not Found: 
ERROR - 2020-07-27 18:14:19 --> 404 Page Not Found: 
ERROR - 2020-07-27 18:14:19 --> 404 Page Not Found: 
ERROR - 2020-07-27 18:14:19 --> 404 Page Not Found: 
ERROR - 2020-07-27 18:14:19 --> 404 Page Not Found: 
ERROR - 2020-07-27 18:14:19 --> 404 Page Not Found: 
ERROR - 2020-07-27 18:14:19 --> 404 Page Not Found: 
ERROR - 2020-07-27 18:14:19 --> 404 Page Not Found: 
ERROR - 2020-07-27 18:14:19 --> 404 Page Not Found: 
ERROR - 2020-07-27 18:14:20 --> 404 Page Not Found: 
ERROR - 2020-07-27 18:14:20 --> 404 Page Not Found: 
ERROR - 2020-07-27 18:14:20 --> 404 Page Not Found: 
ERROR - 2020-07-27 18:14:20 --> 404 Page Not Found: 
ERROR - 2020-07-27 18:14:20 --> 404 Page Not Found: 
ERROR - 2020-07-27 18:14:23 --> Unable to write cache file: C:\shivaprasad\FBP\FBP.COM\application\cache/
ERROR - 2020-07-27 18:14:38 --> Unable to write cache file: C:\shivaprasad\FBP\FBP.COM\application\cache/
ERROR - 2020-07-27 18:14:38 --> 404 Page Not Found: 
ERROR - 2020-07-27 18:14:39 --> 404 Page Not Found: 
ERROR - 2020-07-27 18:14:39 --> 404 Page Not Found: 
ERROR - 2020-07-27 18:14:39 --> 404 Page Not Found: 
ERROR - 2020-07-27 18:14:39 --> 404 Page Not Found: 
ERROR - 2020-07-27 18:14:39 --> 404 Page Not Found: 
ERROR - 2020-07-27 18:14:39 --> 404 Page Not Found: 
ERROR - 2020-07-27 18:14:39 --> 404 Page Not Found: 
ERROR - 2020-07-27 18:14:39 --> 404 Page Not Found: 
ERROR - 2020-07-27 18:14:39 --> 404 Page Not Found: 
ERROR - 2020-07-27 18:14:39 --> 404 Page Not Found: 
ERROR - 2020-07-27 18:14:39 --> 404 Page Not Found: 
ERROR - 2020-07-27 18:14:39 --> 404 Page Not Found: 
ERROR - 2020-07-27 18:14:39 --> 404 Page Not Found: 
ERROR - 2020-07-27 18:14:39 --> 404 Page Not Found: 
ERROR - 2020-07-27 18:14:39 --> 404 Page Not Found: 
ERROR - 2020-07-27 18:14:39 --> 404 Page Not Found: 
ERROR - 2020-07-27 18:14:39 --> 404 Page Not Found: 
ERROR - 2020-07-27 18:14:40 --> 404 Page Not Found: 
ERROR - 2020-07-27 18:14:40 --> 404 Page Not Found: 
ERROR - 2020-07-27 18:14:40 --> 404 Page Not Found: 
ERROR - 2020-07-27 18:14:40 --> 404 Page Not Found: 
ERROR - 2020-07-27 18:14:40 --> 404 Page Not Found: 
ERROR - 2020-07-27 18:14:40 --> 404 Page Not Found: 
ERROR - 2020-07-27 18:14:40 --> 404 Page Not Found: 
ERROR - 2020-07-27 18:14:40 --> 404 Page Not Found: 
ERROR - 2020-07-27 18:14:40 --> 404 Page Not Found: 
ERROR - 2020-07-27 18:14:40 --> 404 Page Not Found: 
ERROR - 2020-07-27 18:14:40 --> 404 Page Not Found: 
ERROR - 2020-07-27 18:14:40 --> 404 Page Not Found: 
ERROR - 2020-07-27 18:14:40 --> 404 Page Not Found: 
ERROR - 2020-07-27 18:14:40 --> 404 Page Not Found: 
ERROR - 2020-07-27 18:14:40 --> 404 Page Not Found: 
ERROR - 2020-07-27 18:14:40 --> 404 Page Not Found: 
ERROR - 2020-07-27 18:14:40 --> 404 Page Not Found: 
ERROR - 2020-07-27 18:14:40 --> 404 Page Not Found: 
ERROR - 2020-07-27 18:14:40 --> 404 Page Not Found: 
ERROR - 2020-07-27 18:14:41 --> 404 Page Not Found: 
ERROR - 2020-07-27 18:14:44 --> Unable to write cache file: C:\shivaprasad\FBP\FBP.COM\application\cache/
ERROR - 2020-07-27 14:47:34 --> 404 Page Not Found: Sduyfgsdugfausdfgaisgfiasdf/index
ERROR - 2020-07-27 14:47:55 --> 404 Page Not Found: Sduyfgsdugfausdfgaisgfiasdf/index
ERROR - 2020-07-27 18:19:27 --> Unable to write cache file: C:\shivaprasad\FBP\FBP.COM\application\cache/
ERROR - 2020-07-27 18:19:27 --> 404 Page Not Found: 
ERROR - 2020-07-27 18:19:27 --> 404 Page Not Found: 
ERROR - 2020-07-27 18:19:27 --> 404 Page Not Found: 
ERROR - 2020-07-27 18:19:27 --> 404 Page Not Found: 
ERROR - 2020-07-27 18:19:27 --> 404 Page Not Found: 
ERROR - 2020-07-27 18:19:27 --> 404 Page Not Found: 
ERROR - 2020-07-27 18:19:28 --> 404 Page Not Found: 
ERROR - 2020-07-27 18:19:28 --> 404 Page Not Found: 
ERROR - 2020-07-27 18:19:28 --> 404 Page Not Found: 
ERROR - 2020-07-27 18:19:28 --> 404 Page Not Found: 
ERROR - 2020-07-27 18:19:28 --> 404 Page Not Found: 
ERROR - 2020-07-27 18:19:28 --> 404 Page Not Found: 
ERROR - 2020-07-27 18:19:28 --> 404 Page Not Found: 
ERROR - 2020-07-27 18:19:28 --> 404 Page Not Found: 
ERROR - 2020-07-27 18:19:28 --> 404 Page Not Found: 
ERROR - 2020-07-27 18:19:28 --> 404 Page Not Found: 
ERROR - 2020-07-27 18:19:28 --> 404 Page Not Found: 
ERROR - 2020-07-27 18:19:28 --> 404 Page Not Found: 
ERROR - 2020-07-27 18:19:28 --> 404 Page Not Found: 
ERROR - 2020-07-27 18:19:28 --> 404 Page Not Found: 
ERROR - 2020-07-27 18:19:28 --> 404 Page Not Found: 
ERROR - 2020-07-27 18:19:28 --> 404 Page Not Found: 
ERROR - 2020-07-27 18:19:28 --> 404 Page Not Found: 
ERROR - 2020-07-27 18:19:28 --> 404 Page Not Found: 
ERROR - 2020-07-27 18:19:28 --> 404 Page Not Found: 
ERROR - 2020-07-27 18:19:28 --> 404 Page Not Found: 
ERROR - 2020-07-27 18:19:29 --> 404 Page Not Found: 
ERROR - 2020-07-27 18:19:29 --> 404 Page Not Found: 
ERROR - 2020-07-27 18:19:29 --> 404 Page Not Found: 
ERROR - 2020-07-27 18:19:29 --> 404 Page Not Found: 
ERROR - 2020-07-27 18:19:29 --> 404 Page Not Found: 
ERROR - 2020-07-27 18:19:29 --> 404 Page Not Found: 
ERROR - 2020-07-27 18:19:29 --> 404 Page Not Found: 
ERROR - 2020-07-27 18:19:29 --> 404 Page Not Found: 
ERROR - 2020-07-27 18:19:29 --> 404 Page Not Found: 
ERROR - 2020-07-27 18:19:29 --> 404 Page Not Found: 
ERROR - 2020-07-27 18:19:29 --> 404 Page Not Found: 
ERROR - 2020-07-27 18:19:29 --> 404 Page Not Found: 
ERROR - 2020-07-27 18:19:32 --> Unable to write cache file: C:\shivaprasad\FBP\FBP.COM\application\cache/
ERROR - 2020-07-27 14:55:11 --> 404 Page Not Found: Sdfsd/index
ERROR - 2020-07-27 14:55:16 --> 404 Page Not Found: Sdfsd/index
ERROR - 2020-07-27 14:55:26 --> 404 Page Not Found: Sdfsd/index
ERROR - 2020-07-27 14:55:27 --> 404 Page Not Found: Sdfsd/index
ERROR - 2020-07-27 14:55:27 --> 404 Page Not Found: Sdfsd/index
ERROR - 2020-07-27 14:55:27 --> 404 Page Not Found: Sdfsd/index
ERROR - 2020-07-27 14:55:45 --> 404 Page Not Found: Sdfsd/index
ERROR - 2020-07-27 14:55:49 --> 404 Page Not Found: Sdfsd/index
ERROR - 2020-07-27 14:56:03 --> 404 Page Not Found: Sdfssdfdf/index
ERROR - 2020-07-27 14:56:11 --> 404 Page Not Found: Sdfssdfdf/index
ERROR - 2020-07-27 18:26:23 --> Unable to write cache file: C:\shivaprasad\FBP\FBP.COM\application\cache/
ERROR - 2020-07-27 18:26:23 --> 404 Page Not Found: 
ERROR - 2020-07-27 18:26:23 --> 404 Page Not Found: 
ERROR - 2020-07-27 18:26:23 --> 404 Page Not Found: 
ERROR - 2020-07-27 18:26:23 --> 404 Page Not Found: 
ERROR - 2020-07-27 18:26:23 --> 404 Page Not Found: 
ERROR - 2020-07-27 18:26:23 --> 404 Page Not Found: 
ERROR - 2020-07-27 18:26:23 --> 404 Page Not Found: 
ERROR - 2020-07-27 18:26:23 --> 404 Page Not Found: 
ERROR - 2020-07-27 18:26:23 --> 404 Page Not Found: 
ERROR - 2020-07-27 18:26:23 --> 404 Page Not Found: 
ERROR - 2020-07-27 18:26:23 --> 404 Page Not Found: 
ERROR - 2020-07-27 18:26:23 --> 404 Page Not Found: 
ERROR - 2020-07-27 18:26:23 --> 404 Page Not Found: 
ERROR - 2020-07-27 18:26:24 --> 404 Page Not Found: 
ERROR - 2020-07-27 18:26:24 --> 404 Page Not Found: 
ERROR - 2020-07-27 18:26:24 --> 404 Page Not Found: 
ERROR - 2020-07-27 18:26:24 --> 404 Page Not Found: 
ERROR - 2020-07-27 18:26:24 --> 404 Page Not Found: 
ERROR - 2020-07-27 18:26:24 --> 404 Page Not Found: 
ERROR - 2020-07-27 18:26:24 --> 404 Page Not Found: 
ERROR - 2020-07-27 18:26:24 --> 404 Page Not Found: 
ERROR - 2020-07-27 18:26:24 --> 404 Page Not Found: 
ERROR - 2020-07-27 18:26:24 --> 404 Page Not Found: 
ERROR - 2020-07-27 18:26:24 --> 404 Page Not Found: 
ERROR - 2020-07-27 18:26:24 --> 404 Page Not Found: 
ERROR - 2020-07-27 18:26:24 --> 404 Page Not Found: 
ERROR - 2020-07-27 18:26:24 --> 404 Page Not Found: 
ERROR - 2020-07-27 18:26:24 --> 404 Page Not Found: 
ERROR - 2020-07-27 18:26:24 --> 404 Page Not Found: 
ERROR - 2020-07-27 18:26:24 --> 404 Page Not Found: 
ERROR - 2020-07-27 18:26:25 --> 404 Page Not Found: 
ERROR - 2020-07-27 18:26:25 --> 404 Page Not Found: 
ERROR - 2020-07-27 18:26:25 --> 404 Page Not Found: 
ERROR - 2020-07-27 14:56:32 --> 404 Page Not Found: Sdfsd/index
ERROR - 2020-07-27 14:56:44 --> 404 Page Not Found: Sdfsd/index
ERROR - 2020-07-27 18:27:44 --> 404 Page Not Found: 
ERROR - 2020-07-27 18:27:44 --> 404 Page Not Found: 
ERROR - 2020-07-27 18:27:44 --> 404 Page Not Found: 
ERROR - 2020-07-27 18:27:44 --> 404 Page Not Found: 
ERROR - 2020-07-27 18:27:44 --> 404 Page Not Found: 
ERROR - 2020-07-27 14:58:00 --> 404 Page Not Found: Sdfsd/index
ERROR - 2020-07-27 15:03:35 --> 404 Page Not Found: Sdfsd/index
ERROR - 2020-07-27 15:03:49 --> 404 Page Not Found: Sdfsd/index
ERROR - 2020-07-27 15:14:00 --> 404 Page Not Found: Sdfsd/index
ERROR - 2020-07-27 15:14:12 --> 404 Page Not Found: Sdfsd/index
ERROR - 2020-07-27 15:15:12 --> 404 Page Not Found: Sdfsd/index
ERROR - 2020-07-27 15:15:15 --> 404 Page Not Found: Sdfsd/index
ERROR - 2020-07-27 18:52:37 --> Unable to write cache file: C:\shivaprasad\FBP\FBP.COM\application\cache/
ERROR - 2020-07-27 18:52:38 --> 404 Page Not Found: 
ERROR - 2020-07-27 18:52:38 --> 404 Page Not Found: 
ERROR - 2020-07-27 18:52:38 --> 404 Page Not Found: 
ERROR - 2020-07-27 18:52:38 --> 404 Page Not Found: 
ERROR - 2020-07-27 18:52:38 --> 404 Page Not Found: 
ERROR - 2020-07-27 18:52:38 --> 404 Page Not Found: 
ERROR - 2020-07-27 18:52:38 --> 404 Page Not Found: 
ERROR - 2020-07-27 18:52:38 --> 404 Page Not Found: 
ERROR - 2020-07-27 18:52:39 --> 404 Page Not Found: 
ERROR - 2020-07-27 18:52:39 --> 404 Page Not Found: 
ERROR - 2020-07-27 18:52:39 --> 404 Page Not Found: 
ERROR - 2020-07-27 18:52:39 --> 404 Page Not Found: 
ERROR - 2020-07-27 18:52:39 --> 404 Page Not Found: 
ERROR - 2020-07-27 18:52:39 --> 404 Page Not Found: 
ERROR - 2020-07-27 18:52:39 --> 404 Page Not Found: 
ERROR - 2020-07-27 18:52:39 --> 404 Page Not Found: 
ERROR - 2020-07-27 18:52:39 --> 404 Page Not Found: 
ERROR - 2020-07-27 18:52:39 --> 404 Page Not Found: 
ERROR - 2020-07-27 18:52:39 --> 404 Page Not Found: 
ERROR - 2020-07-27 18:52:39 --> 404 Page Not Found: 
ERROR - 2020-07-27 18:52:39 --> 404 Page Not Found: 
ERROR - 2020-07-27 18:52:39 --> 404 Page Not Found: 
ERROR - 2020-07-27 18:52:39 --> 404 Page Not Found: 
ERROR - 2020-07-27 18:52:39 --> 404 Page Not Found: 
ERROR - 2020-07-27 18:52:39 --> 404 Page Not Found: 
ERROR - 2020-07-27 18:52:39 --> 404 Page Not Found: 
ERROR - 2020-07-27 18:52:39 --> 404 Page Not Found: 
ERROR - 2020-07-27 18:52:39 --> 404 Page Not Found: 
ERROR - 2020-07-27 18:52:40 --> 404 Page Not Found: 
ERROR - 2020-07-27 18:52:40 --> 404 Page Not Found: 
ERROR - 2020-07-27 18:52:40 --> 404 Page Not Found: 
ERROR - 2020-07-27 18:52:40 --> 404 Page Not Found: 
ERROR - 2020-07-27 18:52:40 --> 404 Page Not Found: 
ERROR - 2020-07-27 18:52:40 --> 404 Page Not Found: 
ERROR - 2020-07-27 18:52:40 --> 404 Page Not Found: 
ERROR - 2020-07-27 18:52:40 --> 404 Page Not Found: 
ERROR - 2020-07-27 18:52:40 --> 404 Page Not Found: 
ERROR - 2020-07-27 18:52:40 --> 404 Page Not Found: 
ERROR - 2020-07-27 15:22:41 --> 404 Page Not Found: Assets/property
ERROR - 2020-07-27 15:22:42 --> 404 Page Not Found: Sdfsd/index
ERROR - 2020-07-27 15:23:03 --> 404 Page Not Found: Sdfsd/index
ERROR - 2020-07-27 15:23:04 --> 404 Page Not Found: Sdfsd/index
ERROR - 2020-07-27 20:32:13 --> Severity: Warning --> Illegal string offset 'bhk' C:\shivaprasad\FBP\FBP.COM\application\controllers\Home.php 118
ERROR - 2020-07-27 20:32:13 --> Severity: Warning --> Illegal string offset 'bhk_range' C:\shivaprasad\FBP\FBP.COM\application\controllers\Home.php 118
ERROR - 2020-07-27 20:32:13 --> Severity: Warning --> Illegal string offset 'price' C:\shivaprasad\FBP\FBP.COM\application\controllers\Home.php 119
ERROR - 2020-07-27 20:32:13 --> Severity: Warning --> Illegal string offset 'price_range' C:\shivaprasad\FBP\FBP.COM\application\controllers\Home.php 119
ERROR - 2020-07-27 20:32:13 --> Severity: Warning --> Illegal string offset 'baths' C:\shivaprasad\FBP\FBP.COM\application\controllers\Home.php 120
ERROR - 2020-07-27 20:32:13 --> Severity: Warning --> Illegal string offset 'baths_range' C:\shivaprasad\FBP\FBP.COM\application\controllers\Home.php 120
ERROR - 2020-07-27 20:32:16 --> Unable to write cache file: C:\shivaprasad\FBP\FBP.COM\application\cache/
ERROR - 2020-07-27 20:32:17 --> 404 Page Not Found: 
ERROR - 2020-07-27 20:32:17 --> 404 Page Not Found: 
ERROR - 2020-07-27 20:32:17 --> 404 Page Not Found: 
ERROR - 2020-07-27 20:32:17 --> 404 Page Not Found: 
ERROR - 2020-07-27 20:32:17 --> 404 Page Not Found: 
ERROR - 2020-07-27 20:32:17 --> 404 Page Not Found: 
ERROR - 2020-07-27 20:32:17 --> 404 Page Not Found: 
ERROR - 2020-07-27 20:32:17 --> 404 Page Not Found: 
ERROR - 2020-07-27 20:32:17 --> 404 Page Not Found: 
ERROR - 2020-07-27 20:32:17 --> 404 Page Not Found: 
ERROR - 2020-07-27 20:32:17 --> 404 Page Not Found: 
ERROR - 2020-07-27 20:32:17 --> 404 Page Not Found: 
ERROR - 2020-07-27 20:32:17 --> 404 Page Not Found: 
ERROR - 2020-07-27 20:32:17 --> 404 Page Not Found: 
ERROR - 2020-07-27 20:32:17 --> 404 Page Not Found: 
ERROR - 2020-07-27 20:32:17 --> 404 Page Not Found: 
ERROR - 2020-07-27 20:32:17 --> 404 Page Not Found: 
ERROR - 2020-07-27 20:32:17 --> 404 Page Not Found: 
ERROR - 2020-07-27 20:32:17 --> 404 Page Not Found: 
ERROR - 2020-07-27 20:32:17 --> 404 Page Not Found: 
ERROR - 2020-07-27 20:32:17 --> 404 Page Not Found: 
ERROR - 2020-07-27 20:32:18 --> 404 Page Not Found: 
ERROR - 2020-07-27 20:32:18 --> 404 Page Not Found: 
ERROR - 2020-07-27 20:32:18 --> 404 Page Not Found: 
ERROR - 2020-07-27 20:32:18 --> 404 Page Not Found: 
ERROR - 2020-07-27 20:32:18 --> 404 Page Not Found: 
ERROR - 2020-07-27 20:32:18 --> 404 Page Not Found: 
ERROR - 2020-07-27 20:32:18 --> 404 Page Not Found: 
ERROR - 2020-07-27 20:32:18 --> 404 Page Not Found: 
ERROR - 2020-07-27 20:32:18 --> 404 Page Not Found: 
ERROR - 2020-07-27 20:32:18 --> 404 Page Not Found: 
ERROR - 2020-07-27 20:32:18 --> 404 Page Not Found: 
ERROR - 2020-07-27 20:32:18 --> 404 Page Not Found: 
ERROR - 2020-07-27 20:32:18 --> 404 Page Not Found: 
ERROR - 2020-07-27 20:32:18 --> 404 Page Not Found: 
ERROR - 2020-07-27 20:32:18 --> 404 Page Not Found: 
ERROR - 2020-07-27 20:32:18 --> 404 Page Not Found: 
ERROR - 2020-07-27 20:32:18 --> 404 Page Not Found: 
ERROR - 2020-07-27 17:02:18 --> 404 Page Not Found: Assets/property
ERROR - 2020-07-27 20:32:20 --> 404 Page Not Found: 
ERROR - 2020-07-27 20:32:20 --> 404 Page Not Found: 
ERROR - 2020-07-27 20:32:20 --> 404 Page Not Found: 
ERROR - 2020-07-27 20:32:20 --> 404 Page Not Found: 
ERROR - 2020-07-27 20:32:20 --> 404 Page Not Found: 
ERROR - 2020-07-27 20:32:20 --> 404 Page Not Found: 
ERROR - 2020-07-27 20:32:20 --> 404 Page Not Found: 
ERROR - 2020-07-27 20:32:20 --> 404 Page Not Found: 
ERROR - 2020-07-27 20:32:20 --> 404 Page Not Found: 
ERROR - 2020-07-27 20:32:20 --> 404 Page Not Found: 
ERROR - 2020-07-27 17:02:21 --> 404 Page Not Found: Assets/property
ERROR - 2020-07-27 17:02:21 --> 404 Page Not Found: Faviconico/index
ERROR - 2020-07-27 20:32:34 --> Severity: Warning --> Illegal string offset 'bhk' C:\shivaprasad\FBP\FBP.COM\application\controllers\Home.php 118
ERROR - 2020-07-27 20:32:34 --> Severity: Warning --> Illegal string offset 'bhk_range' C:\shivaprasad\FBP\FBP.COM\application\controllers\Home.php 118
ERROR - 2020-07-27 20:32:34 --> Severity: Warning --> Illegal string offset 'price' C:\shivaprasad\FBP\FBP.COM\application\controllers\Home.php 119
ERROR - 2020-07-27 20:32:34 --> Severity: Warning --> Illegal string offset 'price_range' C:\shivaprasad\FBP\FBP.COM\application\controllers\Home.php 119
ERROR - 2020-07-27 20:32:34 --> Severity: Warning --> Illegal string offset 'baths' C:\shivaprasad\FBP\FBP.COM\application\controllers\Home.php 120
ERROR - 2020-07-27 20:32:34 --> Severity: Warning --> Illegal string offset 'baths_range' C:\shivaprasad\FBP\FBP.COM\application\controllers\Home.php 120
ERROR - 2020-07-27 20:32:39 --> 404 Page Not Found: 
ERROR - 2020-07-27 20:32:39 --> 404 Page Not Found: 
ERROR - 2020-07-27 20:32:39 --> 404 Page Not Found: 
ERROR - 2020-07-27 20:32:39 --> 404 Page Not Found: 
ERROR - 2020-07-27 20:32:39 --> 404 Page Not Found: 
ERROR - 2020-07-27 20:32:39 --> 404 Page Not Found: 
ERROR - 2020-07-27 20:32:39 --> 404 Page Not Found: 
ERROR - 2020-07-27 20:32:39 --> 404 Page Not Found: 
ERROR - 2020-07-27 20:32:39 --> 404 Page Not Found: 
ERROR - 2020-07-27 20:32:39 --> 404 Page Not Found: 
ERROR - 2020-07-27 17:02:40 --> 404 Page Not Found: Assets/property
ERROR - 2020-07-27 17:02:48 --> 404 Page Not Found: Bangalore/kr_puram
ERROR - 2020-07-27 20:32:48 --> 404 Page Not Found: 
ERROR - 2020-07-27 20:32:48 --> 404 Page Not Found: 
ERROR - 2020-07-27 20:32:48 --> 404 Page Not Found: 
ERROR - 2020-07-27 20:32:48 --> 404 Page Not Found: 
ERROR - 2020-07-27 20:32:48 --> 404 Page Not Found: 
ERROR - 2020-07-27 20:32:48 --> 404 Page Not Found: 
ERROR - 2020-07-27 20:32:48 --> 404 Page Not Found: 
ERROR - 2020-07-27 20:32:48 --> 404 Page Not Found: 
ERROR - 2020-07-27 20:32:48 --> 404 Page Not Found: 
ERROR - 2020-07-27 20:32:48 --> 404 Page Not Found: 
ERROR - 2020-07-27 20:32:48 --> 404 Page Not Found: 
ERROR - 2020-07-27 20:32:49 --> 404 Page Not Found: 
ERROR - 2020-07-27 20:32:49 --> 404 Page Not Found: 
ERROR - 2020-07-27 20:32:49 --> 404 Page Not Found: 
ERROR - 2020-07-27 20:32:49 --> 404 Page Not Found: 
ERROR - 2020-07-27 20:32:49 --> 404 Page Not Found: 
ERROR - 2020-07-27 20:32:49 --> 404 Page Not Found: 
ERROR - 2020-07-27 20:32:49 --> 404 Page Not Found: 
ERROR - 2020-07-27 20:32:49 --> 404 Page Not Found: 
ERROR - 2020-07-27 17:02:51 --> 404 Page Not Found: Assets/property
ERROR - 2020-07-27 20:32:51 --> 404 Page Not Found: 
ERROR - 2020-07-27 20:34:18 --> Unable to write cache file: C:\shivaprasad\FBP\FBP.COM\application\cache/
ERROR - 2020-07-27 20:34:18 --> 404 Page Not Found: 
ERROR - 2020-07-27 20:34:18 --> 404 Page Not Found: 
ERROR - 2020-07-27 20:34:18 --> 404 Page Not Found: 
ERROR - 2020-07-27 20:34:18 --> 404 Page Not Found: 
ERROR - 2020-07-27 20:34:18 --> 404 Page Not Found: 
ERROR - 2020-07-27 20:34:18 --> 404 Page Not Found: 
ERROR - 2020-07-27 20:34:18 --> 404 Page Not Found: 
ERROR - 2020-07-27 20:34:18 --> 404 Page Not Found: 
ERROR - 2020-07-27 20:34:18 --> 404 Page Not Found: 
ERROR - 2020-07-27 20:34:18 --> 404 Page Not Found: 
ERROR - 2020-07-27 20:34:18 --> 404 Page Not Found: 
ERROR - 2020-07-27 20:34:18 --> 404 Page Not Found: 
ERROR - 2020-07-27 20:34:18 --> 404 Page Not Found: 
ERROR - 2020-07-27 20:34:19 --> 404 Page Not Found: 
ERROR - 2020-07-27 20:34:19 --> 404 Page Not Found: 
ERROR - 2020-07-27 20:34:19 --> 404 Page Not Found: 
ERROR - 2020-07-27 20:34:19 --> 404 Page Not Found: 
ERROR - 2020-07-27 20:34:19 --> 404 Page Not Found: 
ERROR - 2020-07-27 20:34:19 --> 404 Page Not Found: 
ERROR - 2020-07-27 20:34:19 --> 404 Page Not Found: 
ERROR - 2020-07-27 20:34:19 --> 404 Page Not Found: 
ERROR - 2020-07-27 20:34:19 --> 404 Page Not Found: 
ERROR - 2020-07-27 20:34:19 --> 404 Page Not Found: 
ERROR - 2020-07-27 20:34:19 --> 404 Page Not Found: 
ERROR - 2020-07-27 20:34:19 --> 404 Page Not Found: 
ERROR - 2020-07-27 20:34:19 --> 404 Page Not Found: 
ERROR - 2020-07-27 20:34:19 --> 404 Page Not Found: 
ERROR - 2020-07-27 20:34:19 --> 404 Page Not Found: 
ERROR - 2020-07-27 20:34:19 --> 404 Page Not Found: 
ERROR - 2020-07-27 20:34:19 --> 404 Page Not Found: 
ERROR - 2020-07-27 20:34:19 --> 404 Page Not Found: 
ERROR - 2020-07-27 20:34:19 --> 404 Page Not Found: 
ERROR - 2020-07-27 20:34:20 --> 404 Page Not Found: 
ERROR - 2020-07-27 20:34:20 --> 404 Page Not Found: 
ERROR - 2020-07-27 20:34:20 --> 404 Page Not Found: 
ERROR - 2020-07-27 20:34:20 --> 404 Page Not Found: 
ERROR - 2020-07-27 20:34:20 --> 404 Page Not Found: 
ERROR - 2020-07-27 20:34:20 --> 404 Page Not Found: 
ERROR - 2020-07-27 17:04:20 --> 404 Page Not Found: Assets/property
ERROR - 2020-07-27 17:04:22 --> 404 Page Not Found: Bangalore/north_bangalore
ERROR - 2020-07-27 20:34:22 --> 404 Page Not Found: 
ERROR - 2020-07-27 20:34:22 --> 404 Page Not Found: 
ERROR - 2020-07-27 17:04:22 --> 404 Page Not Found: Uploads/eldorado_jasper
ERROR - 2020-07-27 20:34:22 --> 404 Page Not Found: 
ERROR - 2020-07-27 20:34:22 --> 404 Page Not Found: 
ERROR - 2020-07-27 20:34:22 --> 404 Page Not Found: 
ERROR - 2020-07-27 20:34:22 --> 404 Page Not Found: 
ERROR - 2020-07-27 20:34:22 --> 404 Page Not Found: 
ERROR - 2020-07-27 20:34:22 --> 404 Page Not Found: 
ERROR - 2020-07-27 20:34:22 --> 404 Page Not Found: 
ERROR - 2020-07-27 20:34:22 --> 404 Page Not Found: 
ERROR - 2020-07-27 17:04:23 --> 404 Page Not Found: Assets/property
ERROR - 2020-07-27 20:34:55 --> Unable to write cache file: C:\shivaprasad\FBP\FBP.COM\application\cache/
ERROR - 2020-07-27 20:34:56 --> 404 Page Not Found: 
ERROR - 2020-07-27 20:34:56 --> 404 Page Not Found: 
ERROR - 2020-07-27 20:34:56 --> 404 Page Not Found: 
ERROR - 2020-07-27 20:34:56 --> 404 Page Not Found: 
ERROR - 2020-07-27 20:34:56 --> 404 Page Not Found: 
ERROR - 2020-07-27 20:34:56 --> 404 Page Not Found: 
ERROR - 2020-07-27 20:34:56 --> 404 Page Not Found: 
ERROR - 2020-07-27 20:34:56 --> 404 Page Not Found: 
ERROR - 2020-07-27 20:34:56 --> 404 Page Not Found: 
ERROR - 2020-07-27 20:34:56 --> 404 Page Not Found: 
ERROR - 2020-07-27 20:34:56 --> 404 Page Not Found: 
ERROR - 2020-07-27 20:34:56 --> 404 Page Not Found: 
ERROR - 2020-07-27 20:34:56 --> 404 Page Not Found: 
ERROR - 2020-07-27 20:34:56 --> 404 Page Not Found: 
ERROR - 2020-07-27 20:34:56 --> 404 Page Not Found: 
ERROR - 2020-07-27 20:34:56 --> 404 Page Not Found: 
ERROR - 2020-07-27 20:34:56 --> 404 Page Not Found: 
ERROR - 2020-07-27 20:34:56 --> 404 Page Not Found: 
ERROR - 2020-07-27 20:34:56 --> 404 Page Not Found: 
ERROR - 2020-07-27 20:34:56 --> 404 Page Not Found: 
ERROR - 2020-07-27 20:34:56 --> 404 Page Not Found: 
ERROR - 2020-07-27 20:34:56 --> 404 Page Not Found: 
ERROR - 2020-07-27 20:34:57 --> 404 Page Not Found: 
ERROR - 2020-07-27 20:34:57 --> 404 Page Not Found: 
ERROR - 2020-07-27 20:34:57 --> 404 Page Not Found: 
ERROR - 2020-07-27 20:34:57 --> 404 Page Not Found: 
ERROR - 2020-07-27 20:34:57 --> 404 Page Not Found: 
ERROR - 2020-07-27 20:34:57 --> 404 Page Not Found: 
ERROR - 2020-07-27 20:34:57 --> 404 Page Not Found: 
ERROR - 2020-07-27 20:34:57 --> 404 Page Not Found: 
ERROR - 2020-07-27 20:34:57 --> 404 Page Not Found: 
ERROR - 2020-07-27 20:34:57 --> 404 Page Not Found: 
ERROR - 2020-07-27 20:34:57 --> 404 Page Not Found: 
ERROR - 2020-07-27 20:34:57 --> 404 Page Not Found: 
ERROR - 2020-07-27 20:34:57 --> 404 Page Not Found: 
ERROR - 2020-07-27 20:34:57 --> 404 Page Not Found: 
ERROR - 2020-07-27 20:34:57 --> 404 Page Not Found: 
ERROR - 2020-07-27 20:34:57 --> 404 Page Not Found: 
ERROR - 2020-07-27 17:04:58 --> 404 Page Not Found: Assets/property
ERROR - 2020-07-27 17:05:01 --> 404 Page Not Found: Bangalore/devarachikkanahalli
ERROR - 2020-07-27 20:35:02 --> 404 Page Not Found: 
ERROR - 2020-07-27 17:05:02 --> 404 Page Not Found: Uploads/sona_vistaas
ERROR - 2020-07-27 20:35:02 --> 404 Page Not Found: 
ERROR - 2020-07-27 20:35:02 --> 404 Page Not Found: 
ERROR - 2020-07-27 20:35:02 --> 404 Page Not Found: 
ERROR - 2020-07-27 20:35:02 --> 404 Page Not Found: 
ERROR - 2020-07-27 20:35:02 --> 404 Page Not Found: 
ERROR - 2020-07-27 20:35:02 --> 404 Page Not Found: 
ERROR - 2020-07-27 20:35:02 --> 404 Page Not Found: 
ERROR - 2020-07-27 17:05:03 --> 404 Page Not Found: Assets/property
ERROR - 2020-07-27 17:05:12 --> 404 Page Not Found: Assets/property
ERROR - 2020-07-27 17:05:24 --> 404 Page Not Found: Assets/property
ERROR - 2020-07-27 20:46:50 --> Unable to write cache file: C:\shivaprasad\FBP\FBP.COM\application\cache/
ERROR - 2020-07-27 20:46:55 --> Unable to write cache file: C:\shivaprasad\FBP\FBP.COM\application\cache/
ERROR - 2020-07-27 20:47:00 --> Unable to write cache file: C:\shivaprasad\FBP\FBP.COM\application\cache/
ERROR - 2020-07-27 20:49:12 --> Unable to write cache file: C:\shivaprasad\FBP\FBP.COM\application\cache/
ERROR - 2020-07-27 20:49:13 --> 404 Page Not Found: 
ERROR - 2020-07-27 20:49:13 --> 404 Page Not Found: 
ERROR - 2020-07-27 20:49:13 --> 404 Page Not Found: 
ERROR - 2020-07-27 20:49:13 --> 404 Page Not Found: 
ERROR - 2020-07-27 20:49:13 --> 404 Page Not Found: 
ERROR - 2020-07-27 20:49:13 --> 404 Page Not Found: 
ERROR - 2020-07-27 20:49:13 --> 404 Page Not Found: 
ERROR - 2020-07-27 20:49:13 --> 404 Page Not Found: 
ERROR - 2020-07-27 20:49:13 --> 404 Page Not Found: 
ERROR - 2020-07-27 20:49:13 --> 404 Page Not Found: 
ERROR - 2020-07-27 20:49:13 --> 404 Page Not Found: 
ERROR - 2020-07-27 20:49:13 --> 404 Page Not Found: 
ERROR - 2020-07-27 20:49:13 --> 404 Page Not Found: 
ERROR - 2020-07-27 20:49:13 --> 404 Page Not Found: 
ERROR - 2020-07-27 20:49:13 --> 404 Page Not Found: 
ERROR - 2020-07-27 20:49:13 --> 404 Page Not Found: 
ERROR - 2020-07-27 20:49:13 --> 404 Page Not Found: 
ERROR - 2020-07-27 20:49:13 --> 404 Page Not Found: 
ERROR - 2020-07-27 20:49:13 --> 404 Page Not Found: 
ERROR - 2020-07-27 20:49:13 --> 404 Page Not Found: 
ERROR - 2020-07-27 20:49:13 --> 404 Page Not Found: 
ERROR - 2020-07-27 20:49:13 --> 404 Page Not Found: 
ERROR - 2020-07-27 20:49:13 --> 404 Page Not Found: 
ERROR - 2020-07-27 20:49:13 --> 404 Page Not Found: 
ERROR - 2020-07-27 20:49:14 --> 404 Page Not Found: 
ERROR - 2020-07-27 20:49:14 --> 404 Page Not Found: 
ERROR - 2020-07-27 20:49:14 --> 404 Page Not Found: 
ERROR - 2020-07-27 20:49:14 --> 404 Page Not Found: 
ERROR - 2020-07-27 20:49:14 --> 404 Page Not Found: 
ERROR - 2020-07-27 20:49:14 --> 404 Page Not Found: 
ERROR - 2020-07-27 20:49:14 --> 404 Page Not Found: 
ERROR - 2020-07-27 20:49:14 --> 404 Page Not Found: 
ERROR - 2020-07-27 20:49:14 --> 404 Page Not Found: 
ERROR - 2020-07-27 20:49:14 --> 404 Page Not Found: 
ERROR - 2020-07-27 20:49:14 --> 404 Page Not Found: 
ERROR - 2020-07-27 20:49:14 --> 404 Page Not Found: 
ERROR - 2020-07-27 20:49:14 --> 404 Page Not Found: 
ERROR - 2020-07-27 20:49:14 --> 404 Page Not Found: 
ERROR - 2020-07-27 20:49:19 --> Unable to write cache file: C:\shivaprasad\FBP\FBP.COM\application\cache/
ERROR - 2020-07-27 20:49:45 --> Unable to write cache file: C:\shivaprasad\FBP\FBP.COM\application\cache/
ERROR - 2020-07-27 20:49:51 --> Unable to write cache file: C:\shivaprasad\FBP\FBP.COM\application\cache/
ERROR - 2020-07-27 20:49:58 --> Unable to write cache file: C:\shivaprasad\FBP\FBP.COM\application\cache/
ERROR - 2020-07-27 21:09:49 --> Unable to write cache file: C:\shivaprasad\FBP\FBP.COM\application\cache/
ERROR - 2020-07-27 21:09:49 --> 404 Page Not Found: 
ERROR - 2020-07-27 21:09:49 --> 404 Page Not Found: 
ERROR - 2020-07-27 21:09:49 --> 404 Page Not Found: 
ERROR - 2020-07-27 21:09:49 --> 404 Page Not Found: 
ERROR - 2020-07-27 21:09:49 --> 404 Page Not Found: 
ERROR - 2020-07-27 21:09:49 --> 404 Page Not Found: 
ERROR - 2020-07-27 21:09:49 --> 404 Page Not Found: 
ERROR - 2020-07-27 21:09:49 --> 404 Page Not Found: 
ERROR - 2020-07-27 21:09:49 --> 404 Page Not Found: 
ERROR - 2020-07-27 21:09:50 --> 404 Page Not Found: 
ERROR - 2020-07-27 21:09:50 --> 404 Page Not Found: 
ERROR - 2020-07-27 21:09:50 --> 404 Page Not Found: 
ERROR - 2020-07-27 21:09:50 --> 404 Page Not Found: 
ERROR - 2020-07-27 21:09:50 --> 404 Page Not Found: 
ERROR - 2020-07-27 21:09:50 --> 404 Page Not Found: 
ERROR - 2020-07-27 21:09:50 --> 404 Page Not Found: 
ERROR - 2020-07-27 21:09:50 --> 404 Page Not Found: 
ERROR - 2020-07-27 21:09:50 --> 404 Page Not Found: 
ERROR - 2020-07-27 21:09:50 --> 404 Page Not Found: 
ERROR - 2020-07-27 21:09:50 --> 404 Page Not Found: 
ERROR - 2020-07-27 21:09:50 --> 404 Page Not Found: 
ERROR - 2020-07-27 21:09:50 --> 404 Page Not Found: 
ERROR - 2020-07-27 21:09:50 --> 404 Page Not Found: 
ERROR - 2020-07-27 21:09:50 --> 404 Page Not Found: 
ERROR - 2020-07-27 21:09:50 --> 404 Page Not Found: 
ERROR - 2020-07-27 21:09:50 --> 404 Page Not Found: 
ERROR - 2020-07-27 21:09:50 --> 404 Page Not Found: 
ERROR - 2020-07-27 21:09:50 --> 404 Page Not Found: 
ERROR - 2020-07-27 21:09:50 --> 404 Page Not Found: 
ERROR - 2020-07-27 21:09:50 --> 404 Page Not Found: 
ERROR - 2020-07-27 21:09:50 --> 404 Page Not Found: 
ERROR - 2020-07-27 21:09:50 --> 404 Page Not Found: 
ERROR - 2020-07-27 21:09:51 --> 404 Page Not Found: 
ERROR - 2020-07-27 21:09:51 --> 404 Page Not Found: 
ERROR - 2020-07-27 21:09:51 --> 404 Page Not Found: 
ERROR - 2020-07-27 21:09:51 --> 404 Page Not Found: 
ERROR - 2020-07-27 21:09:51 --> 404 Page Not Found: 
ERROR - 2020-07-27 21:09:51 --> 404 Page Not Found: 
ERROR - 2020-07-27 21:09:55 --> Unable to write cache file: C:\shivaprasad\FBP\FBP.COM\application\cache/
