ERROR - 2020-07-31 10:38:33 --> Unable to write cache file: C:\shivaprasad\FBP\FBP.COM\application\cache/
ERROR - 2020-07-31 10:38:34 --> 404 Page Not Found: 
ERROR - 2020-07-31 10:38:34 --> 404 Page Not Found: 
ERROR - 2020-07-31 10:38:34 --> 404 Page Not Found: 
ERROR - 2020-07-31 10:38:34 --> 404 Page Not Found: 
ERROR - 2020-07-31 10:38:34 --> 404 Page Not Found: 
ERROR - 2020-07-31 10:38:34 --> 404 Page Not Found: 
ERROR - 2020-07-31 10:38:34 --> 404 Page Not Found: 
ERROR - 2020-07-31 10:38:34 --> 404 Page Not Found: 
ERROR - 2020-07-31 10:38:34 --> 404 Page Not Found: 
ERROR - 2020-07-31 10:38:34 --> 404 Page Not Found: 
ERROR - 2020-07-31 10:38:34 --> 404 Page Not Found: 
ERROR - 2020-07-31 10:38:34 --> 404 Page Not Found: 
ERROR - 2020-07-31 10:38:34 --> 404 Page Not Found: 
ERROR - 2020-07-31 10:38:34 --> 404 Page Not Found: 
ERROR - 2020-07-31 10:38:34 --> 404 Page Not Found: 
ERROR - 2020-07-31 10:38:34 --> 404 Page Not Found: 
ERROR - 2020-07-31 10:38:34 --> 404 Page Not Found: 
ERROR - 2020-07-31 10:38:34 --> 404 Page Not Found: 
ERROR - 2020-07-31 10:38:35 --> 404 Page Not Found: 
ERROR - 2020-07-31 10:38:35 --> 404 Page Not Found: 
ERROR - 2020-07-31 10:38:35 --> 404 Page Not Found: 
ERROR - 2020-07-31 10:38:35 --> 404 Page Not Found: 
ERROR - 2020-07-31 10:38:35 --> 404 Page Not Found: 
ERROR - 2020-07-31 10:38:35 --> 404 Page Not Found: 
ERROR - 2020-07-31 10:38:35 --> 404 Page Not Found: 
ERROR - 2020-07-31 10:38:35 --> 404 Page Not Found: 
ERROR - 2020-07-31 10:38:35 --> 404 Page Not Found: 
ERROR - 2020-07-31 10:38:35 --> 404 Page Not Found: 
ERROR - 2020-07-31 10:38:35 --> 404 Page Not Found: 
ERROR - 2020-07-31 10:38:35 --> 404 Page Not Found: 
ERROR - 2020-07-31 10:38:35 --> 404 Page Not Found: 
ERROR - 2020-07-31 10:38:35 --> 404 Page Not Found: 
ERROR - 2020-07-31 10:38:35 --> 404 Page Not Found: 
ERROR - 2020-07-31 10:38:35 --> 404 Page Not Found: 
ERROR - 2020-07-31 10:38:35 --> 404 Page Not Found: 
ERROR - 2020-07-31 10:38:35 --> 404 Page Not Found: 
ERROR - 2020-07-31 10:38:35 --> 404 Page Not Found: 
ERROR - 2020-07-31 10:38:35 --> 404 Page Not Found: 
ERROR - 2020-07-31 10:38:38 --> Unable to write cache file: C:\shivaprasad\FBP\FBP.COM\application\cache/
ERROR - 2020-07-31 12:22:20 --> Unable to write cache file: C:\shivaprasad\FBP\FBP.COM\application\cache/
ERROR - 2020-07-31 12:22:20 --> 404 Page Not Found: 
ERROR - 2020-07-31 12:22:20 --> 404 Page Not Found: 
ERROR - 2020-07-31 12:22:20 --> 404 Page Not Found: 
ERROR - 2020-07-31 12:22:20 --> 404 Page Not Found: 
ERROR - 2020-07-31 12:22:20 --> 404 Page Not Found: 
ERROR - 2020-07-31 12:22:21 --> 404 Page Not Found: 
ERROR - 2020-07-31 12:22:21 --> 404 Page Not Found: 
ERROR - 2020-07-31 12:22:21 --> 404 Page Not Found: 
ERROR - 2020-07-31 12:22:21 --> 404 Page Not Found: 
ERROR - 2020-07-31 12:22:21 --> 404 Page Not Found: 
ERROR - 2020-07-31 12:22:21 --> 404 Page Not Found: 
ERROR - 2020-07-31 12:22:21 --> 404 Page Not Found: 
ERROR - 2020-07-31 12:22:21 --> 404 Page Not Found: 
ERROR - 2020-07-31 12:22:21 --> 404 Page Not Found: 
ERROR - 2020-07-31 12:22:21 --> 404 Page Not Found: 
ERROR - 2020-07-31 12:22:21 --> 404 Page Not Found: 
ERROR - 2020-07-31 12:22:21 --> 404 Page Not Found: 
ERROR - 2020-07-31 12:22:21 --> 404 Page Not Found: 
ERROR - 2020-07-31 12:22:21 --> 404 Page Not Found: 
ERROR - 2020-07-31 12:22:21 --> 404 Page Not Found: 
ERROR - 2020-07-31 12:22:21 --> 404 Page Not Found: 
ERROR - 2020-07-31 12:22:21 --> 404 Page Not Found: 
ERROR - 2020-07-31 12:22:22 --> 404 Page Not Found: 
ERROR - 2020-07-31 12:22:22 --> 404 Page Not Found: 
ERROR - 2020-07-31 12:22:22 --> 404 Page Not Found: 
ERROR - 2020-07-31 12:22:22 --> 404 Page Not Found: 
ERROR - 2020-07-31 12:22:22 --> 404 Page Not Found: 
ERROR - 2020-07-31 12:22:22 --> 404 Page Not Found: 
ERROR - 2020-07-31 12:22:22 --> 404 Page Not Found: 
ERROR - 2020-07-31 12:22:22 --> 404 Page Not Found: 
ERROR - 2020-07-31 12:22:22 --> 404 Page Not Found: 
ERROR - 2020-07-31 12:22:22 --> 404 Page Not Found: 
ERROR - 2020-07-31 12:22:22 --> 404 Page Not Found: 
ERROR - 2020-07-31 12:22:22 --> 404 Page Not Found: 
ERROR - 2020-07-31 12:22:22 --> 404 Page Not Found: 
ERROR - 2020-07-31 12:22:22 --> 404 Page Not Found: 
ERROR - 2020-07-31 12:22:22 --> 404 Page Not Found: 
ERROR - 2020-07-31 12:22:22 --> 404 Page Not Found: 
ERROR - 2020-07-31 12:22:26 --> Unable to write cache file: C:\shivaprasad\FBP\FBP.COM\application\cache/
ERROR - 2020-07-31 12:26:04 --> Unable to write cache file: C:\shivaprasad\FBP\FBP.COM\application\cache/
ERROR - 2020-07-31 12:26:04 --> 404 Page Not Found: 
ERROR - 2020-07-31 12:26:04 --> 404 Page Not Found: 
ERROR - 2020-07-31 12:26:04 --> 404 Page Not Found: 
ERROR - 2020-07-31 12:26:04 --> 404 Page Not Found: 
ERROR - 2020-07-31 12:26:04 --> 404 Page Not Found: 
ERROR - 2020-07-31 12:26:04 --> 404 Page Not Found: 
ERROR - 2020-07-31 12:26:04 --> 404 Page Not Found: 
ERROR - 2020-07-31 12:26:04 --> 404 Page Not Found: 
ERROR - 2020-07-31 12:26:04 --> 404 Page Not Found: 
ERROR - 2020-07-31 12:26:04 --> 404 Page Not Found: 
ERROR - 2020-07-31 12:26:05 --> 404 Page Not Found: 
ERROR - 2020-07-31 12:26:05 --> 404 Page Not Found: 
ERROR - 2020-07-31 12:26:05 --> 404 Page Not Found: 
ERROR - 2020-07-31 12:26:05 --> 404 Page Not Found: 
ERROR - 2020-07-31 12:26:05 --> 404 Page Not Found: 
ERROR - 2020-07-31 12:26:05 --> 404 Page Not Found: 
ERROR - 2020-07-31 12:26:05 --> 404 Page Not Found: 
ERROR - 2020-07-31 12:26:05 --> 404 Page Not Found: 
ERROR - 2020-07-31 12:26:05 --> 404 Page Not Found: 
ERROR - 2020-07-31 12:26:05 --> 404 Page Not Found: 
ERROR - 2020-07-31 12:26:05 --> 404 Page Not Found: 
ERROR - 2020-07-31 12:26:05 --> 404 Page Not Found: 
ERROR - 2020-07-31 12:26:05 --> 404 Page Not Found: 
ERROR - 2020-07-31 12:26:05 --> 404 Page Not Found: 
ERROR - 2020-07-31 12:26:05 --> 404 Page Not Found: 
ERROR - 2020-07-31 12:26:05 --> 404 Page Not Found: 
ERROR - 2020-07-31 12:26:05 --> 404 Page Not Found: 
ERROR - 2020-07-31 12:26:05 --> 404 Page Not Found: 
ERROR - 2020-07-31 12:26:06 --> 404 Page Not Found: 
ERROR - 2020-07-31 12:26:06 --> 404 Page Not Found: 
ERROR - 2020-07-31 12:26:06 --> 404 Page Not Found: 
ERROR - 2020-07-31 12:26:06 --> 404 Page Not Found: 
ERROR - 2020-07-31 12:26:06 --> 404 Page Not Found: 
ERROR - 2020-07-31 12:26:06 --> 404 Page Not Found: 
ERROR - 2020-07-31 12:26:06 --> 404 Page Not Found: 
ERROR - 2020-07-31 12:26:06 --> 404 Page Not Found: 
ERROR - 2020-07-31 12:26:06 --> 404 Page Not Found: 
ERROR - 2020-07-31 12:26:06 --> 404 Page Not Found: 
ERROR - 2020-07-31 12:26:10 --> Unable to write cache file: C:\shivaprasad\FBP\FBP.COM\application\cache/
ERROR - 2020-07-31 12:28:28 --> Unable to write cache file: C:\shivaprasad\FBP\FBP.COM\application\cache/
ERROR - 2020-07-31 12:28:28 --> 404 Page Not Found: 
ERROR - 2020-07-31 12:28:29 --> 404 Page Not Found: 
ERROR - 2020-07-31 12:28:29 --> 404 Page Not Found: 
ERROR - 2020-07-31 12:28:29 --> 404 Page Not Found: 
ERROR - 2020-07-31 12:28:29 --> 404 Page Not Found: 
ERROR - 2020-07-31 12:28:29 --> 404 Page Not Found: 
ERROR - 2020-07-31 12:28:29 --> 404 Page Not Found: 
ERROR - 2020-07-31 12:28:29 --> 404 Page Not Found: 
ERROR - 2020-07-31 12:28:29 --> 404 Page Not Found: 
ERROR - 2020-07-31 12:28:29 --> 404 Page Not Found: 
ERROR - 2020-07-31 12:28:29 --> 404 Page Not Found: 
ERROR - 2020-07-31 12:28:29 --> 404 Page Not Found: 
ERROR - 2020-07-31 12:28:29 --> 404 Page Not Found: 
ERROR - 2020-07-31 12:28:29 --> 404 Page Not Found: 
ERROR - 2020-07-31 12:28:29 --> 404 Page Not Found: 
ERROR - 2020-07-31 12:28:30 --> 404 Page Not Found: 
ERROR - 2020-07-31 12:28:30 --> 404 Page Not Found: 
ERROR - 2020-07-31 12:28:30 --> 404 Page Not Found: 
ERROR - 2020-07-31 12:28:30 --> 404 Page Not Found: 
ERROR - 2020-07-31 12:28:30 --> 404 Page Not Found: 
ERROR - 2020-07-31 12:28:34 --> Unable to write cache file: C:\shivaprasad\FBP\FBP.COM\application\cache/
ERROR - 2020-07-31 12:28:34 --> 404 Page Not Found: 
ERROR - 2020-07-31 12:28:34 --> 404 Page Not Found: 
ERROR - 2020-07-31 12:28:34 --> 404 Page Not Found: 
ERROR - 2020-07-31 12:28:35 --> 404 Page Not Found: 
ERROR - 2020-07-31 12:28:35 --> 404 Page Not Found: 
ERROR - 2020-07-31 12:28:35 --> 404 Page Not Found: 
ERROR - 2020-07-31 12:28:35 --> 404 Page Not Found: 
ERROR - 2020-07-31 12:28:35 --> 404 Page Not Found: 
ERROR - 2020-07-31 12:28:39 --> Unable to write cache file: C:\shivaprasad\FBP\FBP.COM\application\cache/
ERROR - 2020-07-31 12:28:39 --> 404 Page Not Found: 
ERROR - 2020-07-31 12:28:39 --> 404 Page Not Found: 
ERROR - 2020-07-31 12:28:39 --> 404 Page Not Found: 
ERROR - 2020-07-31 12:28:39 --> 404 Page Not Found: 
ERROR - 2020-07-31 12:28:39 --> 404 Page Not Found: 
ERROR - 2020-07-31 12:28:39 --> 404 Page Not Found: 
ERROR - 2020-07-31 12:28:39 --> Severity: Warning --> Illegal string offset 'bhk' C:\shivaprasad\FBP\FBP.COM\application\controllers\Home.php 118
ERROR - 2020-07-31 12:28:39 --> Severity: Warning --> Illegal string offset 'bhk_range' C:\shivaprasad\FBP\FBP.COM\application\controllers\Home.php 118
ERROR - 2020-07-31 12:28:39 --> Severity: Warning --> Illegal string offset 'price' C:\shivaprasad\FBP\FBP.COM\application\controllers\Home.php 119
ERROR - 2020-07-31 12:28:39 --> Severity: Warning --> Illegal string offset 'price_range' C:\shivaprasad\FBP\FBP.COM\application\controllers\Home.php 119
ERROR - 2020-07-31 12:28:39 --> Severity: Warning --> Illegal string offset 'baths' C:\shivaprasad\FBP\FBP.COM\application\controllers\Home.php 120
ERROR - 2020-07-31 12:28:39 --> Severity: Warning --> Illegal string offset 'baths_range' C:\shivaprasad\FBP\FBP.COM\application\controllers\Home.php 120
ERROR - 2020-07-31 12:28:47 --> 404 Page Not Found: 
ERROR - 2020-07-31 12:28:47 --> 404 Page Not Found: 
ERROR - 2020-07-31 12:28:47 --> 404 Page Not Found: 
ERROR - 2020-07-31 12:28:47 --> 404 Page Not Found: 
ERROR - 2020-07-31 12:28:52 --> Unable to write cache file: C:\shivaprasad\FBP\FBP.COM\application\cache/
ERROR - 2020-07-31 12:28:52 --> 404 Page Not Found: 
ERROR - 2020-07-31 12:28:52 --> 404 Page Not Found: 
ERROR - 2020-07-31 12:28:52 --> 404 Page Not Found: 
ERROR - 2020-07-31 12:28:52 --> 404 Page Not Found: 
ERROR - 2020-07-31 12:28:52 --> 404 Page Not Found: 
ERROR - 2020-07-31 12:28:52 --> 404 Page Not Found: 
ERROR - 2020-07-31 12:28:52 --> 404 Page Not Found: 
ERROR - 2020-07-31 12:28:52 --> 404 Page Not Found: 
ERROR - 2020-07-31 12:28:52 --> 404 Page Not Found: 
ERROR - 2020-07-31 12:28:56 --> Unable to write cache file: C:\shivaprasad\FBP\FBP.COM\application\cache/
ERROR - 2020-07-31 12:28:56 --> 404 Page Not Found: 
ERROR - 2020-07-31 12:28:56 --> 404 Page Not Found: 
ERROR - 2020-07-31 12:28:56 --> 404 Page Not Found: 
ERROR - 2020-07-31 12:28:57 --> 404 Page Not Found: 
ERROR - 2020-07-31 12:28:57 --> 404 Page Not Found: 
ERROR - 2020-07-31 12:29:02 --> Unable to write cache file: C:\shivaprasad\FBP\FBP.COM\application\cache/
ERROR - 2020-07-31 12:29:06 --> Unable to write cache file: C:\shivaprasad\FBP\FBP.COM\application\cache/
ERROR - 2020-07-31 12:29:11 --> Unable to write cache file: C:\shivaprasad\FBP\FBP.COM\application\cache/
ERROR - 2020-07-31 12:29:15 --> Unable to write cache file: C:\shivaprasad\FBP\FBP.COM\application\cache/
ERROR - 2020-07-31 12:29:18 --> Unable to write cache file: C:\shivaprasad\FBP\FBP.COM\application\cache/
ERROR - 2020-07-31 12:29:26 --> Unable to write cache file: C:\shivaprasad\FBP\FBP.COM\application\cache/
ERROR - 2020-07-31 12:29:26 --> 404 Page Not Found: 
ERROR - 2020-07-31 12:29:27 --> 404 Page Not Found: 
ERROR - 2020-07-31 12:29:27 --> 404 Page Not Found: 
ERROR - 2020-07-31 12:29:27 --> 404 Page Not Found: 
ERROR - 2020-07-31 12:29:27 --> 404 Page Not Found: 
ERROR - 2020-07-31 12:29:27 --> 404 Page Not Found: 
ERROR - 2020-07-31 12:29:27 --> 404 Page Not Found: 
ERROR - 2020-07-31 12:29:27 --> 404 Page Not Found: 
ERROR - 2020-07-31 12:29:27 --> 404 Page Not Found: 
ERROR - 2020-07-31 12:29:31 --> Unable to write cache file: C:\shivaprasad\FBP\FBP.COM\application\cache/
ERROR - 2020-07-31 12:29:32 --> 404 Page Not Found: 
ERROR - 2020-07-31 12:29:35 --> Unable to write cache file: C:\shivaprasad\FBP\FBP.COM\application\cache/
ERROR - 2020-07-31 12:29:38 --> Unable to write cache file: C:\shivaprasad\FBP\FBP.COM\application\cache/
ERROR - 2020-07-31 12:31:18 --> Unable to write cache file: C:\shivaprasad\FBP\FBP.COM\application\cache/
ERROR - 2020-07-31 12:31:24 --> Unable to write cache file: C:\shivaprasad\FBP\FBP.COM\application\cache/
ERROR - 2020-07-31 12:31:28 --> Unable to write cache file: C:\shivaprasad\FBP\FBP.COM\application\cache/
ERROR - 2020-07-31 12:31:31 --> Unable to write cache file: C:\shivaprasad\FBP\FBP.COM\application\cache/
ERROR - 2020-07-31 12:31:35 --> Unable to write cache file: C:\shivaprasad\FBP\FBP.COM\application\cache/
ERROR - 2020-07-31 12:31:39 --> Unable to write cache file: C:\shivaprasad\FBP\FBP.COM\application\cache/
ERROR - 2020-07-31 12:31:42 --> Unable to write cache file: C:\shivaprasad\FBP\FBP.COM\application\cache/
ERROR - 2020-07-31 12:31:46 --> Unable to write cache file: C:\shivaprasad\FBP\FBP.COM\application\cache/
ERROR - 2020-07-31 12:31:49 --> Unable to write cache file: C:\shivaprasad\FBP\FBP.COM\application\cache/
ERROR - 2020-07-31 12:31:53 --> Unable to write cache file: C:\shivaprasad\FBP\FBP.COM\application\cache/
ERROR - 2020-07-31 12:31:56 --> Unable to write cache file: C:\shivaprasad\FBP\FBP.COM\application\cache/
ERROR - 2020-07-31 12:31:59 --> Unable to write cache file: C:\shivaprasad\FBP\FBP.COM\application\cache/
ERROR - 2020-07-31 12:32:02 --> Unable to write cache file: C:\shivaprasad\FBP\FBP.COM\application\cache/
ERROR - 2020-07-31 12:32:06 --> Unable to write cache file: C:\shivaprasad\FBP\FBP.COM\application\cache/
ERROR - 2020-07-31 12:32:09 --> Unable to write cache file: C:\shivaprasad\FBP\FBP.COM\application\cache/
ERROR - 2020-07-31 12:32:12 --> Unable to write cache file: C:\shivaprasad\FBP\FBP.COM\application\cache/
ERROR - 2020-07-31 12:32:15 --> Unable to write cache file: C:\shivaprasad\FBP\FBP.COM\application\cache/
ERROR - 2020-07-31 12:32:18 --> Unable to write cache file: C:\shivaprasad\FBP\FBP.COM\application\cache/
ERROR - 2020-07-31 12:32:22 --> Unable to write cache file: C:\shivaprasad\FBP\FBP.COM\application\cache/
ERROR - 2020-07-31 12:32:25 --> Unable to write cache file: C:\shivaprasad\FBP\FBP.COM\application\cache/
ERROR - 2020-07-31 12:32:28 --> Unable to write cache file: C:\shivaprasad\FBP\FBP.COM\application\cache/
ERROR - 2020-07-31 12:32:32 --> Unable to write cache file: C:\shivaprasad\FBP\FBP.COM\application\cache/
ERROR - 2020-07-31 12:32:35 --> Unable to write cache file: C:\shivaprasad\FBP\FBP.COM\application\cache/
ERROR - 2020-07-31 12:32:40 --> Unable to write cache file: C:\shivaprasad\FBP\FBP.COM\application\cache/
ERROR - 2020-07-31 12:32:44 --> Unable to write cache file: C:\shivaprasad\FBP\FBP.COM\application\cache/
ERROR - 2020-07-31 12:32:48 --> Unable to write cache file: C:\shivaprasad\FBP\FBP.COM\application\cache/
ERROR - 2020-07-31 12:32:51 --> Unable to write cache file: C:\shivaprasad\FBP\FBP.COM\application\cache/
ERROR - 2020-07-31 12:32:55 --> Unable to write cache file: C:\shivaprasad\FBP\FBP.COM\application\cache/
ERROR - 2020-07-31 12:32:59 --> Unable to write cache file: C:\shivaprasad\FBP\FBP.COM\application\cache/
ERROR - 2020-07-31 12:33:02 --> Unable to write cache file: C:\shivaprasad\FBP\FBP.COM\application\cache/
ERROR - 2020-07-31 12:33:07 --> Unable to write cache file: C:\shivaprasad\FBP\FBP.COM\application\cache/
ERROR - 2020-07-31 12:33:10 --> Unable to write cache file: C:\shivaprasad\FBP\FBP.COM\application\cache/
ERROR - 2020-07-31 12:33:14 --> Unable to write cache file: C:\shivaprasad\FBP\FBP.COM\application\cache/
ERROR - 2020-07-31 12:33:18 --> Unable to write cache file: C:\shivaprasad\FBP\FBP.COM\application\cache/
ERROR - 2020-07-31 12:33:21 --> Unable to write cache file: C:\shivaprasad\FBP\FBP.COM\application\cache/
ERROR - 2020-07-31 12:33:25 --> Unable to write cache file: C:\shivaprasad\FBP\FBP.COM\application\cache/
ERROR - 2020-07-31 12:33:30 --> Unable to write cache file: C:\shivaprasad\FBP\FBP.COM\application\cache/
ERROR - 2020-07-31 12:33:30 --> Unable to write cache file: C:\shivaprasad\FBP\FBP.COM\application\cache/
ERROR - 2020-07-31 12:33:34 --> Unable to write cache file: C:\shivaprasad\FBP\FBP.COM\application\cache/
ERROR - 2020-07-31 12:33:38 --> Unable to write cache file: C:\shivaprasad\FBP\FBP.COM\application\cache/
ERROR - 2020-07-31 12:33:41 --> Unable to write cache file: C:\shivaprasad\FBP\FBP.COM\application\cache/
ERROR - 2020-07-31 12:33:45 --> Unable to write cache file: C:\shivaprasad\FBP\FBP.COM\application\cache/
ERROR - 2020-07-31 12:33:49 --> Unable to write cache file: C:\shivaprasad\FBP\FBP.COM\application\cache/
ERROR - 2020-07-31 12:33:53 --> Unable to write cache file: C:\shivaprasad\FBP\FBP.COM\application\cache/
ERROR - 2020-07-31 12:33:56 --> Unable to write cache file: C:\shivaprasad\FBP\FBP.COM\application\cache/
ERROR - 2020-07-31 12:34:00 --> Unable to write cache file: C:\shivaprasad\FBP\FBP.COM\application\cache/
ERROR - 2020-07-31 12:34:05 --> Unable to write cache file: C:\shivaprasad\FBP\FBP.COM\application\cache/
ERROR - 2020-07-31 12:34:09 --> Unable to write cache file: C:\shivaprasad\FBP\FBP.COM\application\cache/
ERROR - 2020-07-31 12:34:13 --> Unable to write cache file: C:\shivaprasad\FBP\FBP.COM\application\cache/
ERROR - 2020-07-31 12:34:17 --> Unable to write cache file: C:\shivaprasad\FBP\FBP.COM\application\cache/
ERROR - 2020-07-31 12:34:21 --> Unable to write cache file: C:\shivaprasad\FBP\FBP.COM\application\cache/
ERROR - 2020-07-31 12:34:25 --> Unable to write cache file: C:\shivaprasad\FBP\FBP.COM\application\cache/
ERROR - 2020-07-31 12:34:28 --> Unable to write cache file: C:\shivaprasad\FBP\FBP.COM\application\cache/
ERROR - 2020-07-31 12:34:32 --> Unable to write cache file: C:\shivaprasad\FBP\FBP.COM\application\cache/
ERROR - 2020-07-31 12:34:35 --> Unable to write cache file: C:\shivaprasad\FBP\FBP.COM\application\cache/
ERROR - 2020-07-31 12:34:38 --> Unable to write cache file: C:\shivaprasad\FBP\FBP.COM\application\cache/
ERROR - 2020-07-31 12:34:42 --> Unable to write cache file: C:\shivaprasad\FBP\FBP.COM\application\cache/
ERROR - 2020-07-31 12:34:46 --> Unable to write cache file: C:\shivaprasad\FBP\FBP.COM\application\cache/
ERROR - 2020-07-31 12:34:49 --> Unable to write cache file: C:\shivaprasad\FBP\FBP.COM\application\cache/
ERROR - 2020-07-31 12:34:53 --> Unable to write cache file: C:\shivaprasad\FBP\FBP.COM\application\cache/
ERROR - 2020-07-31 12:34:57 --> Unable to write cache file: C:\shivaprasad\FBP\FBP.COM\application\cache/
ERROR - 2020-07-31 12:35:00 --> Unable to write cache file: C:\shivaprasad\FBP\FBP.COM\application\cache/
ERROR - 2020-07-31 12:35:04 --> Unable to write cache file: C:\shivaprasad\FBP\FBP.COM\application\cache/
ERROR - 2020-07-31 12:35:08 --> Unable to write cache file: C:\shivaprasad\FBP\FBP.COM\application\cache/
ERROR - 2020-07-31 12:35:11 --> Unable to write cache file: C:\shivaprasad\FBP\FBP.COM\application\cache/
ERROR - 2020-07-31 12:35:15 --> Unable to write cache file: C:\shivaprasad\FBP\FBP.COM\application\cache/
ERROR - 2020-07-31 12:35:18 --> Unable to write cache file: C:\shivaprasad\FBP\FBP.COM\application\cache/
ERROR - 2020-07-31 12:35:22 --> Unable to write cache file: C:\shivaprasad\FBP\FBP.COM\application\cache/
ERROR - 2020-07-31 12:35:25 --> Unable to write cache file: C:\shivaprasad\FBP\FBP.COM\application\cache/
ERROR - 2020-07-31 12:35:29 --> Unable to write cache file: C:\shivaprasad\FBP\FBP.COM\application\cache/
ERROR - 2020-07-31 12:35:33 --> Unable to write cache file: C:\shivaprasad\FBP\FBP.COM\application\cache/
ERROR - 2020-07-31 12:35:36 --> Unable to write cache file: C:\shivaprasad\FBP\FBP.COM\application\cache/
ERROR - 2020-07-31 12:35:40 --> Unable to write cache file: C:\shivaprasad\FBP\FBP.COM\application\cache/
ERROR - 2020-07-31 12:35:43 --> Unable to write cache file: C:\shivaprasad\FBP\FBP.COM\application\cache/
ERROR - 2020-07-31 12:35:47 --> Unable to write cache file: C:\shivaprasad\FBP\FBP.COM\application\cache/
ERROR - 2020-07-31 12:35:51 --> Unable to write cache file: C:\shivaprasad\FBP\FBP.COM\application\cache/
ERROR - 2020-07-31 12:35:55 --> Unable to write cache file: C:\shivaprasad\FBP\FBP.COM\application\cache/
ERROR - 2020-07-31 12:37:25 --> Severity: Warning --> Illegal string offset 'bhk' C:\shivaprasad\FBP\FBP.COM\application\controllers\Home.php 118
ERROR - 2020-07-31 12:37:25 --> Severity: Warning --> Illegal string offset 'bhk_range' C:\shivaprasad\FBP\FBP.COM\application\controllers\Home.php 118
ERROR - 2020-07-31 12:37:25 --> Severity: Warning --> Illegal string offset 'price' C:\shivaprasad\FBP\FBP.COM\application\controllers\Home.php 119
ERROR - 2020-07-31 12:37:25 --> Severity: Warning --> Illegal string offset 'price_range' C:\shivaprasad\FBP\FBP.COM\application\controllers\Home.php 119
ERROR - 2020-07-31 12:37:25 --> Severity: Warning --> Illegal string offset 'baths' C:\shivaprasad\FBP\FBP.COM\application\controllers\Home.php 120
ERROR - 2020-07-31 12:37:25 --> Severity: Warning --> Illegal string offset 'baths_range' C:\shivaprasad\FBP\FBP.COM\application\controllers\Home.php 120
ERROR - 2020-07-31 12:37:40 --> Unable to write cache file: C:\shivaprasad\FBP\FBP.COM\application\cache/
ERROR - 2020-07-31 12:37:46 --> Unable to write cache file: C:\shivaprasad\FBP\FBP.COM\application\cache/
ERROR - 2020-07-31 12:37:50 --> Unable to write cache file: C:\shivaprasad\FBP\FBP.COM\application\cache/
ERROR - 2020-07-31 12:37:55 --> Unable to write cache file: C:\shivaprasad\FBP\FBP.COM\application\cache/
ERROR - 2020-07-31 12:37:59 --> Unable to write cache file: C:\shivaprasad\FBP\FBP.COM\application\cache/
ERROR - 2020-07-31 12:38:02 --> Unable to write cache file: C:\shivaprasad\FBP\FBP.COM\application\cache/
ERROR - 2020-07-31 12:38:06 --> Unable to write cache file: C:\shivaprasad\FBP\FBP.COM\application\cache/
ERROR - 2020-07-31 12:38:10 --> Unable to write cache file: C:\shivaprasad\FBP\FBP.COM\application\cache/
ERROR - 2020-07-31 12:38:15 --> Unable to write cache file: C:\shivaprasad\FBP\FBP.COM\application\cache/
ERROR - 2020-07-31 12:38:19 --> Unable to write cache file: C:\shivaprasad\FBP\FBP.COM\application\cache/
ERROR - 2020-07-31 12:38:23 --> Unable to write cache file: C:\shivaprasad\FBP\FBP.COM\application\cache/
ERROR - 2020-07-31 12:38:27 --> Unable to write cache file: C:\shivaprasad\FBP\FBP.COM\application\cache/
ERROR - 2020-07-31 12:38:32 --> Unable to write cache file: C:\shivaprasad\FBP\FBP.COM\application\cache/
ERROR - 2020-07-31 12:38:32 --> Unable to write cache file: C:\shivaprasad\FBP\FBP.COM\application\cache/
ERROR - 2020-07-31 12:38:37 --> Unable to write cache file: C:\shivaprasad\FBP\FBP.COM\application\cache/
ERROR - 2020-07-31 12:38:42 --> Unable to write cache file: C:\shivaprasad\FBP\FBP.COM\application\cache/
ERROR - 2020-07-31 12:38:46 --> Unable to write cache file: C:\shivaprasad\FBP\FBP.COM\application\cache/
ERROR - 2020-07-31 12:38:51 --> Unable to write cache file: C:\shivaprasad\FBP\FBP.COM\application\cache/
ERROR - 2020-07-31 12:38:56 --> Unable to write cache file: C:\shivaprasad\FBP\FBP.COM\application\cache/
ERROR - 2020-07-31 12:39:00 --> Unable to write cache file: C:\shivaprasad\FBP\FBP.COM\application\cache/
ERROR - 2020-07-31 12:40:24 --> Unable to write cache file: C:\shivaprasad\FBP\FBP.COM\application\cache/
ERROR - 2020-07-31 12:40:41 --> Unable to write cache file: C:\shivaprasad\FBP\FBP.COM\application\cache/
ERROR - 2020-07-31 12:43:21 --> Unable to write cache file: C:\shivaprasad\FBP\FBP.COM\application\cache/
ERROR - 2020-07-31 12:52:39 --> Unable to write cache file: C:\shivaprasad\FBP\FBP.COM\application\cache/
ERROR - 2020-07-31 12:52:47 --> Unable to write cache file: C:\shivaprasad\FBP\FBP.COM\application\cache/
ERROR - 2020-07-31 12:53:42 --> Unable to write cache file: C:\shivaprasad\FBP\FBP.COM\application\cache/
ERROR - 2020-07-31 12:53:53 --> Unable to write cache file: C:\shivaprasad\FBP\FBP.COM\application\cache/
ERROR - 2020-07-31 12:58:04 --> Unable to write cache file: C:\shivaprasad\FBP\FBP.COM\application\cache/
ERROR - 2020-07-31 12:58:10 --> Unable to write cache file: C:\shivaprasad\FBP\FBP.COM\application\cache/
ERROR - 2020-07-31 12:58:14 --> Unable to write cache file: C:\shivaprasad\FBP\FBP.COM\application\cache/
ERROR - 2020-07-31 12:58:19 --> Unable to write cache file: C:\shivaprasad\FBP\FBP.COM\application\cache/
ERROR - 2020-07-31 12:58:23 --> Unable to write cache file: C:\shivaprasad\FBP\FBP.COM\application\cache/
ERROR - 2020-07-31 12:58:27 --> Unable to write cache file: C:\shivaprasad\FBP\FBP.COM\application\cache/
ERROR - 2020-07-31 12:58:32 --> Unable to write cache file: C:\shivaprasad\FBP\FBP.COM\application\cache/
ERROR - 2020-07-31 12:58:37 --> Unable to write cache file: C:\shivaprasad\FBP\FBP.COM\application\cache/
ERROR - 2020-07-31 12:58:43 --> Unable to write cache file: C:\shivaprasad\FBP\FBP.COM\application\cache/
ERROR - 2020-07-31 12:58:48 --> Unable to write cache file: C:\shivaprasad\FBP\FBP.COM\application\cache/
ERROR - 2020-07-31 12:58:53 --> Unable to write cache file: C:\shivaprasad\FBP\FBP.COM\application\cache/
ERROR - 2020-07-31 12:59:00 --> Unable to write cache file: C:\shivaprasad\FBP\FBP.COM\application\cache/
ERROR - 2020-07-31 12:59:06 --> Unable to write cache file: C:\shivaprasad\FBP\FBP.COM\application\cache/
ERROR - 2020-07-31 12:59:12 --> Unable to write cache file: C:\shivaprasad\FBP\FBP.COM\application\cache/
ERROR - 2020-07-31 12:59:18 --> Unable to write cache file: C:\shivaprasad\FBP\FBP.COM\application\cache/
ERROR - 2020-07-31 12:59:23 --> Unable to write cache file: C:\shivaprasad\FBP\FBP.COM\application\cache/
ERROR - 2020-07-31 12:59:29 --> Unable to write cache file: C:\shivaprasad\FBP\FBP.COM\application\cache/
ERROR - 2020-07-31 12:59:35 --> Unable to write cache file: C:\shivaprasad\FBP\FBP.COM\application\cache/
ERROR - 2020-07-31 12:59:40 --> Unable to write cache file: C:\shivaprasad\FBP\FBP.COM\application\cache/
ERROR - 2020-07-31 12:59:45 --> Unable to write cache file: C:\shivaprasad\FBP\FBP.COM\application\cache/
ERROR - 2020-07-31 12:59:50 --> Unable to write cache file: C:\shivaprasad\FBP\FBP.COM\application\cache/
ERROR - 2020-07-31 12:59:55 --> Unable to write cache file: C:\shivaprasad\FBP\FBP.COM\application\cache/
ERROR - 2020-07-31 13:00:00 --> Unable to write cache file: C:\shivaprasad\FBP\FBP.COM\application\cache/
ERROR - 2020-07-31 13:00:05 --> Unable to write cache file: C:\shivaprasad\FBP\FBP.COM\application\cache/
ERROR - 2020-07-31 13:00:09 --> Unable to write cache file: C:\shivaprasad\FBP\FBP.COM\application\cache/
ERROR - 2020-07-31 13:00:14 --> Unable to write cache file: C:\shivaprasad\FBP\FBP.COM\application\cache/
ERROR - 2020-07-31 13:00:18 --> Unable to write cache file: C:\shivaprasad\FBP\FBP.COM\application\cache/
ERROR - 2020-07-31 13:00:22 --> Unable to write cache file: C:\shivaprasad\FBP\FBP.COM\application\cache/
ERROR - 2020-07-31 13:00:27 --> Unable to write cache file: C:\shivaprasad\FBP\FBP.COM\application\cache/
ERROR - 2020-07-31 13:00:32 --> Unable to write cache file: C:\shivaprasad\FBP\FBP.COM\application\cache/
ERROR - 2020-07-31 13:00:37 --> Unable to write cache file: C:\shivaprasad\FBP\FBP.COM\application\cache/
ERROR - 2020-07-31 13:00:41 --> Unable to write cache file: C:\shivaprasad\FBP\FBP.COM\application\cache/
ERROR - 2020-07-31 13:00:46 --> Unable to write cache file: C:\shivaprasad\FBP\FBP.COM\application\cache/
ERROR - 2020-07-31 13:00:50 --> Unable to write cache file: C:\shivaprasad\FBP\FBP.COM\application\cache/
ERROR - 2020-07-31 13:00:56 --> Unable to write cache file: C:\shivaprasad\FBP\FBP.COM\application\cache/
ERROR - 2020-07-31 13:01:03 --> Unable to write cache file: C:\shivaprasad\FBP\FBP.COM\application\cache/
ERROR - 2020-07-31 13:01:09 --> Unable to write cache file: C:\shivaprasad\FBP\FBP.COM\application\cache/
ERROR - 2020-07-31 13:01:14 --> Unable to write cache file: C:\shivaprasad\FBP\FBP.COM\application\cache/
ERROR - 2020-07-31 13:01:19 --> Unable to write cache file: C:\shivaprasad\FBP\FBP.COM\application\cache/
ERROR - 2020-07-31 13:01:24 --> Unable to write cache file: C:\shivaprasad\FBP\FBP.COM\application\cache/
ERROR - 2020-07-31 13:01:30 --> Unable to write cache file: C:\shivaprasad\FBP\FBP.COM\application\cache/
ERROR - 2020-07-31 13:01:36 --> Unable to write cache file: C:\shivaprasad\FBP\FBP.COM\application\cache/
ERROR - 2020-07-31 13:01:41 --> Unable to write cache file: C:\shivaprasad\FBP\FBP.COM\application\cache/
ERROR - 2020-07-31 13:01:47 --> Unable to write cache file: C:\shivaprasad\FBP\FBP.COM\application\cache/
ERROR - 2020-07-31 13:01:52 --> Unable to write cache file: C:\shivaprasad\FBP\FBP.COM\application\cache/
ERROR - 2020-07-31 13:01:58 --> Unable to write cache file: C:\shivaprasad\FBP\FBP.COM\application\cache/
ERROR - 2020-07-31 13:02:05 --> Unable to write cache file: C:\shivaprasad\FBP\FBP.COM\application\cache/
ERROR - 2020-07-31 13:02:11 --> Unable to write cache file: C:\shivaprasad\FBP\FBP.COM\application\cache/
ERROR - 2020-07-31 13:02:16 --> Unable to write cache file: C:\shivaprasad\FBP\FBP.COM\application\cache/
ERROR - 2020-07-31 13:08:05 --> Unable to write cache file: C:\shivaprasad\FBP\FBP.COM\application\cache/
ERROR - 2020-07-31 13:08:11 --> Unable to write cache file: C:\shivaprasad\FBP\FBP.COM\application\cache/
ERROR - 2020-07-31 13:08:16 --> Unable to write cache file: C:\shivaprasad\FBP\FBP.COM\application\cache/
ERROR - 2020-07-31 13:08:22 --> Unable to write cache file: C:\shivaprasad\FBP\FBP.COM\application\cache/
ERROR - 2020-07-31 13:08:27 --> Unable to write cache file: C:\shivaprasad\FBP\FBP.COM\application\cache/
ERROR - 2020-07-31 13:08:33 --> Unable to write cache file: C:\shivaprasad\FBP\FBP.COM\application\cache/
ERROR - 2020-07-31 13:08:37 --> Unable to write cache file: C:\shivaprasad\FBP\FBP.COM\application\cache/
ERROR - 2020-07-31 13:08:40 --> Unable to write cache file: C:\shivaprasad\FBP\FBP.COM\application\cache/
ERROR - 2020-07-31 13:08:44 --> Unable to write cache file: C:\shivaprasad\FBP\FBP.COM\application\cache/
ERROR - 2020-07-31 13:08:47 --> Unable to write cache file: C:\shivaprasad\FBP\FBP.COM\application\cache/
ERROR - 2020-07-31 13:11:52 --> Unable to write cache file: C:\shivaprasad\FBP\FBP.COM\application\cache/
ERROR - 2020-07-31 13:11:56 --> Unable to write cache file: C:\shivaprasad\FBP\FBP.COM\application\cache/
ERROR - 2020-07-31 13:12:03 --> Unable to write cache file: C:\shivaprasad\FBP\FBP.COM\application\cache/
ERROR - 2020-07-31 13:12:08 --> Unable to write cache file: C:\shivaprasad\FBP\FBP.COM\application\cache/
ERROR - 2020-07-31 13:12:12 --> Unable to write cache file: C:\shivaprasad\FBP\FBP.COM\application\cache/
ERROR - 2020-07-31 13:12:16 --> Unable to write cache file: C:\shivaprasad\FBP\FBP.COM\application\cache/
ERROR - 2020-07-31 13:12:20 --> Unable to write cache file: C:\shivaprasad\FBP\FBP.COM\application\cache/
ERROR - 2020-07-31 13:12:25 --> Unable to write cache file: C:\shivaprasad\FBP\FBP.COM\application\cache/
ERROR - 2020-07-31 13:12:30 --> Unable to write cache file: C:\shivaprasad\FBP\FBP.COM\application\cache/
ERROR - 2020-07-31 13:12:36 --> Unable to write cache file: C:\shivaprasad\FBP\FBP.COM\application\cache/
ERROR - 2020-07-31 13:12:41 --> Unable to write cache file: C:\shivaprasad\FBP\FBP.COM\application\cache/
ERROR - 2020-07-31 13:12:46 --> Unable to write cache file: C:\shivaprasad\FBP\FBP.COM\application\cache/
ERROR - 2020-07-31 13:12:51 --> Unable to write cache file: C:\shivaprasad\FBP\FBP.COM\application\cache/
ERROR - 2020-07-31 13:12:55 --> Unable to write cache file: C:\shivaprasad\FBP\FBP.COM\application\cache/
ERROR - 2020-07-31 13:12:59 --> Unable to write cache file: C:\shivaprasad\FBP\FBP.COM\application\cache/
ERROR - 2020-07-31 13:13:03 --> Unable to write cache file: C:\shivaprasad\FBP\FBP.COM\application\cache/
ERROR - 2020-07-31 13:13:07 --> Unable to write cache file: C:\shivaprasad\FBP\FBP.COM\application\cache/
ERROR - 2020-07-31 13:13:07 --> Unable to write cache file: C:\shivaprasad\FBP\FBP.COM\application\cache/
ERROR - 2020-07-31 13:13:11 --> Unable to write cache file: C:\shivaprasad\FBP\FBP.COM\application\cache/
ERROR - 2020-07-31 13:13:15 --> Unable to write cache file: C:\shivaprasad\FBP\FBP.COM\application\cache/
ERROR - 2020-07-31 13:13:19 --> Unable to write cache file: C:\shivaprasad\FBP\FBP.COM\application\cache/
ERROR - 2020-07-31 13:13:23 --> Unable to write cache file: C:\shivaprasad\FBP\FBP.COM\application\cache/
ERROR - 2020-07-31 13:13:28 --> Unable to write cache file: C:\shivaprasad\FBP\FBP.COM\application\cache/
ERROR - 2020-07-31 13:13:32 --> Unable to write cache file: C:\shivaprasad\FBP\FBP.COM\application\cache/
ERROR - 2020-07-31 13:13:36 --> Unable to write cache file: C:\shivaprasad\FBP\FBP.COM\application\cache/
ERROR - 2020-07-31 13:13:41 --> Unable to write cache file: C:\shivaprasad\FBP\FBP.COM\application\cache/
ERROR - 2020-07-31 13:13:45 --> Unable to write cache file: C:\shivaprasad\FBP\FBP.COM\application\cache/
ERROR - 2020-07-31 13:13:49 --> Unable to write cache file: C:\shivaprasad\FBP\FBP.COM\application\cache/
ERROR - 2020-07-31 13:13:54 --> Unable to write cache file: C:\shivaprasad\FBP\FBP.COM\application\cache/
ERROR - 2020-07-31 13:13:58 --> Unable to write cache file: C:\shivaprasad\FBP\FBP.COM\application\cache/
ERROR - 2020-07-31 13:14:02 --> Unable to write cache file: C:\shivaprasad\FBP\FBP.COM\application\cache/
ERROR - 2020-07-31 13:14:06 --> Unable to write cache file: C:\shivaprasad\FBP\FBP.COM\application\cache/
ERROR - 2020-07-31 13:14:11 --> Unable to write cache file: C:\shivaprasad\FBP\FBP.COM\application\cache/
ERROR - 2020-07-31 13:14:15 --> Unable to write cache file: C:\shivaprasad\FBP\FBP.COM\application\cache/
ERROR - 2020-07-31 13:14:19 --> Unable to write cache file: C:\shivaprasad\FBP\FBP.COM\application\cache/
ERROR - 2020-07-31 13:14:23 --> Unable to write cache file: C:\shivaprasad\FBP\FBP.COM\application\cache/
ERROR - 2020-07-31 13:14:27 --> Unable to write cache file: C:\shivaprasad\FBP\FBP.COM\application\cache/
ERROR - 2020-07-31 13:14:31 --> Unable to write cache file: C:\shivaprasad\FBP\FBP.COM\application\cache/
ERROR - 2020-07-31 13:14:35 --> Unable to write cache file: C:\shivaprasad\FBP\FBP.COM\application\cache/
ERROR - 2020-07-31 13:14:38 --> Unable to write cache file: C:\shivaprasad\FBP\FBP.COM\application\cache/
ERROR - 2020-07-31 13:14:42 --> Unable to write cache file: C:\shivaprasad\FBP\FBP.COM\application\cache/
ERROR - 2020-07-31 13:14:46 --> Unable to write cache file: C:\shivaprasad\FBP\FBP.COM\application\cache/
ERROR - 2020-07-31 13:14:49 --> Unable to write cache file: C:\shivaprasad\FBP\FBP.COM\application\cache/
ERROR - 2020-07-31 13:14:53 --> Unable to write cache file: C:\shivaprasad\FBP\FBP.COM\application\cache/
ERROR - 2020-07-31 13:14:57 --> Unable to write cache file: C:\shivaprasad\FBP\FBP.COM\application\cache/
ERROR - 2020-07-31 13:15:02 --> Unable to write cache file: C:\shivaprasad\FBP\FBP.COM\application\cache/
ERROR - 2020-07-31 13:15:07 --> Unable to write cache file: C:\shivaprasad\FBP\FBP.COM\application\cache/
ERROR - 2020-07-31 13:15:11 --> Unable to write cache file: C:\shivaprasad\FBP\FBP.COM\application\cache/
ERROR - 2020-07-31 13:15:15 --> Unable to write cache file: C:\shivaprasad\FBP\FBP.COM\application\cache/
ERROR - 2020-07-31 13:15:20 --> Unable to write cache file: C:\shivaprasad\FBP\FBP.COM\application\cache/
ERROR - 2020-07-31 13:15:24 --> Unable to write cache file: C:\shivaprasad\FBP\FBP.COM\application\cache/
ERROR - 2020-07-31 13:15:28 --> Unable to write cache file: C:\shivaprasad\FBP\FBP.COM\application\cache/
ERROR - 2020-07-31 13:15:32 --> Unable to write cache file: C:\shivaprasad\FBP\FBP.COM\application\cache/
ERROR - 2020-07-31 13:15:35 --> Unable to write cache file: C:\shivaprasad\FBP\FBP.COM\application\cache/
ERROR - 2020-07-31 13:15:39 --> Unable to write cache file: C:\shivaprasad\FBP\FBP.COM\application\cache/
ERROR - 2020-07-31 13:15:43 --> Unable to write cache file: C:\shivaprasad\FBP\FBP.COM\application\cache/
ERROR - 2020-07-31 13:15:46 --> Unable to write cache file: C:\shivaprasad\FBP\FBP.COM\application\cache/
ERROR - 2020-07-31 13:15:50 --> Unable to write cache file: C:\shivaprasad\FBP\FBP.COM\application\cache/
ERROR - 2020-07-31 13:15:54 --> Unable to write cache file: C:\shivaprasad\FBP\FBP.COM\application\cache/
ERROR - 2020-07-31 13:15:57 --> Unable to write cache file: C:\shivaprasad\FBP\FBP.COM\application\cache/
ERROR - 2020-07-31 13:16:01 --> Unable to write cache file: C:\shivaprasad\FBP\FBP.COM\application\cache/
ERROR - 2020-07-31 13:16:06 --> Unable to write cache file: C:\shivaprasad\FBP\FBP.COM\application\cache/
ERROR - 2020-07-31 13:16:06 --> Unable to write cache file: C:\shivaprasad\FBP\FBP.COM\application\cache/
ERROR - 2020-07-31 13:16:11 --> Unable to write cache file: C:\shivaprasad\FBP\FBP.COM\application\cache/
ERROR - 2020-07-31 13:16:11 --> Unable to write cache file: C:\shivaprasad\FBP\FBP.COM\application\cache/
ERROR - 2020-07-31 13:16:15 --> Unable to write cache file: C:\shivaprasad\FBP\FBP.COM\application\cache/
ERROR - 2020-07-31 13:16:19 --> Unable to write cache file: C:\shivaprasad\FBP\FBP.COM\application\cache/
ERROR - 2020-07-31 13:16:23 --> Unable to write cache file: C:\shivaprasad\FBP\FBP.COM\application\cache/
ERROR - 2020-07-31 13:16:26 --> Unable to write cache file: C:\shivaprasad\FBP\FBP.COM\application\cache/
ERROR - 2020-07-31 13:16:30 --> Unable to write cache file: C:\shivaprasad\FBP\FBP.COM\application\cache/
ERROR - 2020-07-31 13:16:34 --> Unable to write cache file: C:\shivaprasad\FBP\FBP.COM\application\cache/
ERROR - 2020-07-31 13:16:38 --> Unable to write cache file: C:\shivaprasad\FBP\FBP.COM\application\cache/
ERROR - 2020-07-31 13:16:43 --> Unable to write cache file: C:\shivaprasad\FBP\FBP.COM\application\cache/
ERROR - 2020-07-31 13:16:43 --> Unable to write cache file: C:\shivaprasad\FBP\FBP.COM\application\cache/
ERROR - 2020-07-31 13:16:47 --> Unable to write cache file: C:\shivaprasad\FBP\FBP.COM\application\cache/
ERROR - 2020-07-31 13:16:51 --> Unable to write cache file: C:\shivaprasad\FBP\FBP.COM\application\cache/
ERROR - 2020-07-31 13:16:55 --> Unable to write cache file: C:\shivaprasad\FBP\FBP.COM\application\cache/
ERROR - 2020-07-31 13:16:59 --> Unable to write cache file: C:\shivaprasad\FBP\FBP.COM\application\cache/
ERROR - 2020-07-31 13:17:04 --> Unable to write cache file: C:\shivaprasad\FBP\FBP.COM\application\cache/
ERROR - 2020-07-31 13:17:08 --> Unable to write cache file: C:\shivaprasad\FBP\FBP.COM\application\cache/
ERROR - 2020-07-31 13:17:12 --> Unable to write cache file: C:\shivaprasad\FBP\FBP.COM\application\cache/
ERROR - 2020-07-31 13:17:17 --> Unable to write cache file: C:\shivaprasad\FBP\FBP.COM\application\cache/
ERROR - 2020-07-31 13:17:22 --> Unable to write cache file: C:\shivaprasad\FBP\FBP.COM\application\cache/
ERROR - 2020-07-31 13:17:27 --> Unable to write cache file: C:\shivaprasad\FBP\FBP.COM\application\cache/
ERROR - 2020-07-31 13:17:31 --> Unable to write cache file: C:\shivaprasad\FBP\FBP.COM\application\cache/
ERROR - 2020-07-31 13:17:35 --> Unable to write cache file: C:\shivaprasad\FBP\FBP.COM\application\cache/
ERROR - 2020-07-31 13:17:39 --> Unable to write cache file: C:\shivaprasad\FBP\FBP.COM\application\cache/
ERROR - 2020-07-31 13:17:43 --> Unable to write cache file: C:\shivaprasad\FBP\FBP.COM\application\cache/
ERROR - 2020-07-31 13:19:24 --> Unable to write cache file: C:\shivaprasad\FBP\FBP.COM\application\cache/
ERROR - 2020-07-31 13:19:33 --> Unable to write cache file: C:\shivaprasad\FBP\FBP.COM\application\cache/
ERROR - 2020-07-31 13:19:39 --> Unable to write cache file: C:\shivaprasad\FBP\FBP.COM\application\cache/
ERROR - 2020-07-31 13:19:43 --> Unable to write cache file: C:\shivaprasad\FBP\FBP.COM\application\cache/
ERROR - 2020-07-31 13:19:46 --> Unable to write cache file: C:\shivaprasad\FBP\FBP.COM\application\cache/
ERROR - 2020-07-31 13:19:50 --> Unable to write cache file: C:\shivaprasad\FBP\FBP.COM\application\cache/
ERROR - 2020-07-31 13:19:54 --> Unable to write cache file: C:\shivaprasad\FBP\FBP.COM\application\cache/
ERROR - 2020-07-31 13:19:58 --> Unable to write cache file: C:\shivaprasad\FBP\FBP.COM\application\cache/
ERROR - 2020-07-31 13:20:02 --> Unable to write cache file: C:\shivaprasad\FBP\FBP.COM\application\cache/
ERROR - 2020-07-31 13:20:06 --> Unable to write cache file: C:\shivaprasad\FBP\FBP.COM\application\cache/
ERROR - 2020-07-31 13:20:11 --> Unable to write cache file: C:\shivaprasad\FBP\FBP.COM\application\cache/
ERROR - 2020-07-31 13:20:15 --> Unable to write cache file: C:\shivaprasad\FBP\FBP.COM\application\cache/
ERROR - 2020-07-31 13:20:19 --> Unable to write cache file: C:\shivaprasad\FBP\FBP.COM\application\cache/
ERROR - 2020-07-31 13:20:24 --> Unable to write cache file: C:\shivaprasad\FBP\FBP.COM\application\cache/
ERROR - 2020-07-31 13:20:28 --> Unable to write cache file: C:\shivaprasad\FBP\FBP.COM\application\cache/
ERROR - 2020-07-31 13:20:31 --> Unable to write cache file: C:\shivaprasad\FBP\FBP.COM\application\cache/
ERROR - 2020-07-31 13:20:35 --> Unable to write cache file: C:\shivaprasad\FBP\FBP.COM\application\cache/
ERROR - 2020-07-31 13:20:39 --> Unable to write cache file: C:\shivaprasad\FBP\FBP.COM\application\cache/
ERROR - 2020-07-31 13:20:44 --> Unable to write cache file: C:\shivaprasad\FBP\FBP.COM\application\cache/
ERROR - 2020-07-31 13:20:48 --> Unable to write cache file: C:\shivaprasad\FBP\FBP.COM\application\cache/
ERROR - 2020-07-31 13:20:54 --> Unable to write cache file: C:\shivaprasad\FBP\FBP.COM\application\cache/
ERROR - 2020-07-31 13:20:58 --> Unable to write cache file: C:\shivaprasad\FBP\FBP.COM\application\cache/
ERROR - 2020-07-31 13:21:02 --> Unable to write cache file: C:\shivaprasad\FBP\FBP.COM\application\cache/
ERROR - 2020-07-31 13:21:06 --> Unable to write cache file: C:\shivaprasad\FBP\FBP.COM\application\cache/
ERROR - 2020-07-31 13:21:10 --> Unable to write cache file: C:\shivaprasad\FBP\FBP.COM\application\cache/
ERROR - 2020-07-31 13:21:14 --> Unable to write cache file: C:\shivaprasad\FBP\FBP.COM\application\cache/
ERROR - 2020-07-31 13:21:18 --> Unable to write cache file: C:\shivaprasad\FBP\FBP.COM\application\cache/
ERROR - 2020-07-31 13:21:22 --> Unable to write cache file: C:\shivaprasad\FBP\FBP.COM\application\cache/
ERROR - 2020-07-31 13:21:26 --> Unable to write cache file: C:\shivaprasad\FBP\FBP.COM\application\cache/
ERROR - 2020-07-31 13:21:30 --> Unable to write cache file: C:\shivaprasad\FBP\FBP.COM\application\cache/
ERROR - 2020-07-31 13:21:34 --> Unable to write cache file: C:\shivaprasad\FBP\FBP.COM\application\cache/
ERROR - 2020-07-31 13:21:38 --> Unable to write cache file: C:\shivaprasad\FBP\FBP.COM\application\cache/
ERROR - 2020-07-31 13:21:42 --> Unable to write cache file: C:\shivaprasad\FBP\FBP.COM\application\cache/
ERROR - 2020-07-31 13:21:46 --> Unable to write cache file: C:\shivaprasad\FBP\FBP.COM\application\cache/
ERROR - 2020-07-31 13:21:50 --> Unable to write cache file: C:\shivaprasad\FBP\FBP.COM\application\cache/
ERROR - 2020-07-31 13:21:54 --> Unable to write cache file: C:\shivaprasad\FBP\FBP.COM\application\cache/
ERROR - 2020-07-31 13:21:59 --> Unable to write cache file: C:\shivaprasad\FBP\FBP.COM\application\cache/
ERROR - 2020-07-31 13:22:04 --> Unable to write cache file: C:\shivaprasad\FBP\FBP.COM\application\cache/
ERROR - 2020-07-31 13:22:08 --> Unable to write cache file: C:\shivaprasad\FBP\FBP.COM\application\cache/
ERROR - 2020-07-31 13:22:13 --> Unable to write cache file: C:\shivaprasad\FBP\FBP.COM\application\cache/
ERROR - 2020-07-31 13:22:17 --> Unable to write cache file: C:\shivaprasad\FBP\FBP.COM\application\cache/
ERROR - 2020-07-31 13:22:23 --> Unable to write cache file: C:\shivaprasad\FBP\FBP.COM\application\cache/
ERROR - 2020-07-31 13:22:27 --> Unable to write cache file: C:\shivaprasad\FBP\FBP.COM\application\cache/
ERROR - 2020-07-31 13:22:32 --> Unable to write cache file: C:\shivaprasad\FBP\FBP.COM\application\cache/
ERROR - 2020-07-31 13:22:36 --> Unable to write cache file: C:\shivaprasad\FBP\FBP.COM\application\cache/
ERROR - 2020-07-31 13:22:40 --> Unable to write cache file: C:\shivaprasad\FBP\FBP.COM\application\cache/
ERROR - 2020-07-31 13:22:44 --> Unable to write cache file: C:\shivaprasad\FBP\FBP.COM\application\cache/
ERROR - 2020-07-31 13:22:48 --> Unable to write cache file: C:\shivaprasad\FBP\FBP.COM\application\cache/
ERROR - 2020-07-31 13:22:53 --> Unable to write cache file: C:\shivaprasad\FBP\FBP.COM\application\cache/
ERROR - 2020-07-31 13:22:58 --> Unable to write cache file: C:\shivaprasad\FBP\FBP.COM\application\cache/
ERROR - 2020-07-31 13:23:03 --> Unable to write cache file: C:\shivaprasad\FBP\FBP.COM\application\cache/
ERROR - 2020-07-31 13:23:08 --> Unable to write cache file: C:\shivaprasad\FBP\FBP.COM\application\cache/
ERROR - 2020-07-31 13:23:12 --> Unable to write cache file: C:\shivaprasad\FBP\FBP.COM\application\cache/
ERROR - 2020-07-31 13:23:16 --> Unable to write cache file: C:\shivaprasad\FBP\FBP.COM\application\cache/
ERROR - 2020-07-31 13:23:19 --> Unable to write cache file: C:\shivaprasad\FBP\FBP.COM\application\cache/
ERROR - 2020-07-31 13:23:23 --> Unable to write cache file: C:\shivaprasad\FBP\FBP.COM\application\cache/
ERROR - 2020-07-31 13:23:27 --> Unable to write cache file: C:\shivaprasad\FBP\FBP.COM\application\cache/
ERROR - 2020-07-31 13:23:30 --> Unable to write cache file: C:\shivaprasad\FBP\FBP.COM\application\cache/
ERROR - 2020-07-31 13:23:34 --> Unable to write cache file: C:\shivaprasad\FBP\FBP.COM\application\cache/
ERROR - 2020-07-31 13:23:38 --> Unable to write cache file: C:\shivaprasad\FBP\FBP.COM\application\cache/
ERROR - 2020-07-31 13:23:42 --> Unable to write cache file: C:\shivaprasad\FBP\FBP.COM\application\cache/
ERROR - 2020-07-31 13:23:45 --> Unable to write cache file: C:\shivaprasad\FBP\FBP.COM\application\cache/
ERROR - 2020-07-31 13:23:50 --> Unable to write cache file: C:\shivaprasad\FBP\FBP.COM\application\cache/
ERROR - 2020-07-31 13:23:54 --> Unable to write cache file: C:\shivaprasad\FBP\FBP.COM\application\cache/
ERROR - 2020-07-31 13:23:58 --> Unable to write cache file: C:\shivaprasad\FBP\FBP.COM\application\cache/
ERROR - 2020-07-31 13:24:03 --> Unable to write cache file: C:\shivaprasad\FBP\FBP.COM\application\cache/
ERROR - 2020-07-31 13:24:08 --> Unable to write cache file: C:\shivaprasad\FBP\FBP.COM\application\cache/
ERROR - 2020-07-31 13:24:13 --> Unable to write cache file: C:\shivaprasad\FBP\FBP.COM\application\cache/
ERROR - 2020-07-31 13:24:19 --> Unable to write cache file: C:\shivaprasad\FBP\FBP.COM\application\cache/
ERROR - 2020-07-31 13:24:23 --> Unable to write cache file: C:\shivaprasad\FBP\FBP.COM\application\cache/
ERROR - 2020-07-31 13:24:27 --> Unable to write cache file: C:\shivaprasad\FBP\FBP.COM\application\cache/
ERROR - 2020-07-31 13:24:31 --> Unable to write cache file: C:\shivaprasad\FBP\FBP.COM\application\cache/
ERROR - 2020-07-31 13:24:35 --> Unable to write cache file: C:\shivaprasad\FBP\FBP.COM\application\cache/
ERROR - 2020-07-31 13:24:40 --> Unable to write cache file: C:\shivaprasad\FBP\FBP.COM\application\cache/
ERROR - 2020-07-31 13:24:46 --> Unable to write cache file: C:\shivaprasad\FBP\FBP.COM\application\cache/
ERROR - 2020-07-31 13:38:22 --> Unable to write cache file: C:\shivaprasad\FBP\FBP.COM\application\cache/
ERROR - 2020-07-31 13:38:28 --> Unable to write cache file: C:\shivaprasad\FBP\FBP.COM\application\cache/
ERROR - 2020-07-31 13:38:32 --> Unable to write cache file: C:\shivaprasad\FBP\FBP.COM\application\cache/
ERROR - 2020-07-31 13:38:37 --> Unable to write cache file: C:\shivaprasad\FBP\FBP.COM\application\cache/
ERROR - 2020-07-31 13:38:41 --> Unable to write cache file: C:\shivaprasad\FBP\FBP.COM\application\cache/
ERROR - 2020-07-31 13:38:44 --> Unable to write cache file: C:\shivaprasad\FBP\FBP.COM\application\cache/
ERROR - 2020-07-31 13:38:48 --> Unable to write cache file: C:\shivaprasad\FBP\FBP.COM\application\cache/
ERROR - 2020-07-31 13:38:52 --> Unable to write cache file: C:\shivaprasad\FBP\FBP.COM\application\cache/
ERROR - 2020-07-31 13:38:56 --> Unable to write cache file: C:\shivaprasad\FBP\FBP.COM\application\cache/
ERROR - 2020-07-31 13:38:59 --> Unable to write cache file: C:\shivaprasad\FBP\FBP.COM\application\cache/
ERROR - 2020-07-31 13:39:03 --> Unable to write cache file: C:\shivaprasad\FBP\FBP.COM\application\cache/
ERROR - 2020-07-31 13:39:07 --> Unable to write cache file: C:\shivaprasad\FBP\FBP.COM\application\cache/
ERROR - 2020-07-31 13:39:12 --> Unable to write cache file: C:\shivaprasad\FBP\FBP.COM\application\cache/
ERROR - 2020-07-31 13:39:16 --> Unable to write cache file: C:\shivaprasad\FBP\FBP.COM\application\cache/
ERROR - 2020-07-31 13:39:19 --> Unable to write cache file: C:\shivaprasad\FBP\FBP.COM\application\cache/
ERROR - 2020-07-31 13:39:23 --> Unable to write cache file: C:\shivaprasad\FBP\FBP.COM\application\cache/
ERROR - 2020-07-31 13:39:27 --> Unable to write cache file: C:\shivaprasad\FBP\FBP.COM\application\cache/
ERROR - 2020-07-31 13:39:31 --> Unable to write cache file: C:\shivaprasad\FBP\FBP.COM\application\cache/
ERROR - 2020-07-31 13:39:36 --> Unable to write cache file: C:\shivaprasad\FBP\FBP.COM\application\cache/
ERROR - 2020-07-31 13:39:41 --> Unable to write cache file: C:\shivaprasad\FBP\FBP.COM\application\cache/
ERROR - 2020-07-31 13:39:45 --> Unable to write cache file: C:\shivaprasad\FBP\FBP.COM\application\cache/
ERROR - 2020-07-31 13:39:49 --> Unable to write cache file: C:\shivaprasad\FBP\FBP.COM\application\cache/
ERROR - 2020-07-31 13:39:53 --> Unable to write cache file: C:\shivaprasad\FBP\FBP.COM\application\cache/
ERROR - 2020-07-31 13:39:58 --> Unable to write cache file: C:\shivaprasad\FBP\FBP.COM\application\cache/
ERROR - 2020-07-31 13:40:01 --> Unable to write cache file: C:\shivaprasad\FBP\FBP.COM\application\cache/
ERROR - 2020-07-31 13:40:05 --> Unable to write cache file: C:\shivaprasad\FBP\FBP.COM\application\cache/
ERROR - 2020-07-31 13:40:09 --> Unable to write cache file: C:\shivaprasad\FBP\FBP.COM\application\cache/
ERROR - 2020-07-31 13:40:13 --> Unable to write cache file: C:\shivaprasad\FBP\FBP.COM\application\cache/
ERROR - 2020-07-31 13:40:16 --> Unable to write cache file: C:\shivaprasad\FBP\FBP.COM\application\cache/
ERROR - 2020-07-31 13:40:20 --> Unable to write cache file: C:\shivaprasad\FBP\FBP.COM\application\cache/
ERROR - 2020-07-31 13:40:24 --> Unable to write cache file: C:\shivaprasad\FBP\FBP.COM\application\cache/
ERROR - 2020-07-31 13:40:28 --> Unable to write cache file: C:\shivaprasad\FBP\FBP.COM\application\cache/
ERROR - 2020-07-31 13:40:32 --> Unable to write cache file: C:\shivaprasad\FBP\FBP.COM\application\cache/
ERROR - 2020-07-31 13:40:35 --> Unable to write cache file: C:\shivaprasad\FBP\FBP.COM\application\cache/
ERROR - 2020-07-31 13:40:40 --> Unable to write cache file: C:\shivaprasad\FBP\FBP.COM\application\cache/
ERROR - 2020-07-31 13:40:44 --> Unable to write cache file: C:\shivaprasad\FBP\FBP.COM\application\cache/
ERROR - 2020-07-31 13:40:47 --> Unable to write cache file: C:\shivaprasad\FBP\FBP.COM\application\cache/
ERROR - 2020-07-31 13:40:51 --> Unable to write cache file: C:\shivaprasad\FBP\FBP.COM\application\cache/
ERROR - 2020-07-31 13:40:55 --> Unable to write cache file: C:\shivaprasad\FBP\FBP.COM\application\cache/
ERROR - 2020-07-31 13:40:59 --> Unable to write cache file: C:\shivaprasad\FBP\FBP.COM\application\cache/
ERROR - 2020-07-31 13:41:04 --> Unable to write cache file: C:\shivaprasad\FBP\FBP.COM\application\cache/
ERROR - 2020-07-31 13:41:08 --> Unable to write cache file: C:\shivaprasad\FBP\FBP.COM\application\cache/
ERROR - 2020-07-31 13:41:13 --> Unable to write cache file: C:\shivaprasad\FBP\FBP.COM\application\cache/
ERROR - 2020-07-31 13:41:17 --> Unable to write cache file: C:\shivaprasad\FBP\FBP.COM\application\cache/
ERROR - 2020-07-31 13:41:20 --> Unable to write cache file: C:\shivaprasad\FBP\FBP.COM\application\cache/
ERROR - 2020-07-31 13:41:25 --> Unable to write cache file: C:\shivaprasad\FBP\FBP.COM\application\cache/
ERROR - 2020-07-31 13:41:29 --> Unable to write cache file: C:\shivaprasad\FBP\FBP.COM\application\cache/
ERROR - 2020-07-31 13:41:33 --> Unable to write cache file: C:\shivaprasad\FBP\FBP.COM\application\cache/
ERROR - 2020-07-31 13:41:37 --> Unable to write cache file: C:\shivaprasad\FBP\FBP.COM\application\cache/
ERROR - 2020-07-31 13:41:40 --> Unable to write cache file: C:\shivaprasad\FBP\FBP.COM\application\cache/
ERROR - 2020-07-31 13:41:44 --> Unable to write cache file: C:\shivaprasad\FBP\FBP.COM\application\cache/
ERROR - 2020-07-31 13:41:48 --> Unable to write cache file: C:\shivaprasad\FBP\FBP.COM\application\cache/
ERROR - 2020-07-31 13:41:52 --> Unable to write cache file: C:\shivaprasad\FBP\FBP.COM\application\cache/
ERROR - 2020-07-31 13:41:56 --> Unable to write cache file: C:\shivaprasad\FBP\FBP.COM\application\cache/
ERROR - 2020-07-31 13:42:00 --> Unable to write cache file: C:\shivaprasad\FBP\FBP.COM\application\cache/
ERROR - 2020-07-31 13:42:05 --> Unable to write cache file: C:\shivaprasad\FBP\FBP.COM\application\cache/
ERROR - 2020-07-31 13:42:09 --> Unable to write cache file: C:\shivaprasad\FBP\FBP.COM\application\cache/
ERROR - 2020-07-31 13:42:14 --> Unable to write cache file: C:\shivaprasad\FBP\FBP.COM\application\cache/
ERROR - 2020-07-31 13:42:18 --> Unable to write cache file: C:\shivaprasad\FBP\FBP.COM\application\cache/
ERROR - 2020-07-31 13:42:22 --> Unable to write cache file: C:\shivaprasad\FBP\FBP.COM\application\cache/
ERROR - 2020-07-31 13:42:27 --> Unable to write cache file: C:\shivaprasad\FBP\FBP.COM\application\cache/
ERROR - 2020-07-31 13:42:31 --> Unable to write cache file: C:\shivaprasad\FBP\FBP.COM\application\cache/
ERROR - 2020-07-31 13:42:35 --> Unable to write cache file: C:\shivaprasad\FBP\FBP.COM\application\cache/
ERROR - 2020-07-31 13:42:39 --> Unable to write cache file: C:\shivaprasad\FBP\FBP.COM\application\cache/
ERROR - 2020-07-31 13:42:43 --> Unable to write cache file: C:\shivaprasad\FBP\FBP.COM\application\cache/
ERROR - 2020-07-31 13:42:47 --> Unable to write cache file: C:\shivaprasad\FBP\FBP.COM\application\cache/
ERROR - 2020-07-31 13:42:51 --> Unable to write cache file: C:\shivaprasad\FBP\FBP.COM\application\cache/
ERROR - 2020-07-31 13:42:54 --> Unable to write cache file: C:\shivaprasad\FBP\FBP.COM\application\cache/
ERROR - 2020-07-31 13:42:58 --> Unable to write cache file: C:\shivaprasad\FBP\FBP.COM\application\cache/
ERROR - 2020-07-31 13:43:02 --> Unable to write cache file: C:\shivaprasad\FBP\FBP.COM\application\cache/
ERROR - 2020-07-31 13:43:06 --> Unable to write cache file: C:\shivaprasad\FBP\FBP.COM\application\cache/
ERROR - 2020-07-31 13:43:09 --> Unable to write cache file: C:\shivaprasad\FBP\FBP.COM\application\cache/
ERROR - 2020-07-31 13:43:13 --> Unable to write cache file: C:\shivaprasad\FBP\FBP.COM\application\cache/
ERROR - 2020-07-31 13:43:17 --> Unable to write cache file: C:\shivaprasad\FBP\FBP.COM\application\cache/
ERROR - 2020-07-31 13:43:20 --> Unable to write cache file: C:\shivaprasad\FBP\FBP.COM\application\cache/
ERROR - 2020-07-31 13:43:24 --> Unable to write cache file: C:\shivaprasad\FBP\FBP.COM\application\cache/
ERROR - 2020-07-31 13:43:28 --> Unable to write cache file: C:\shivaprasad\FBP\FBP.COM\application\cache/
ERROR - 2020-07-31 13:43:31 --> Unable to write cache file: C:\shivaprasad\FBP\FBP.COM\application\cache/
ERROR - 2020-07-31 18:41:30 --> Unable to write cache file: C:\shivaprasad\FBP\FBP.COM\application\cache/
ERROR - 2020-07-31 18:41:34 --> Unable to write cache file: C:\shivaprasad\FBP\FBP.COM\application\cache/
ERROR - 2020-07-31 18:41:36 --> Unable to write cache file: C:\shivaprasad\FBP\FBP.COM\application\cache/
ERROR - 2020-07-31 18:41:39 --> Unable to write cache file: C:\shivaprasad\FBP\FBP.COM\application\cache/
ERROR - 2020-07-31 18:41:41 --> Unable to write cache file: C:\shivaprasad\FBP\FBP.COM\application\cache/
ERROR - 2020-07-31 18:41:44 --> Unable to write cache file: C:\shivaprasad\FBP\FBP.COM\application\cache/
ERROR - 2020-07-31 18:41:47 --> Unable to write cache file: C:\shivaprasad\FBP\FBP.COM\application\cache/
ERROR - 2020-07-31 18:41:50 --> Unable to write cache file: C:\shivaprasad\FBP\FBP.COM\application\cache/
ERROR - 2020-07-31 18:41:53 --> Unable to write cache file: C:\shivaprasad\FBP\FBP.COM\application\cache/
ERROR - 2020-07-31 18:41:55 --> Unable to write cache file: C:\shivaprasad\FBP\FBP.COM\application\cache/
ERROR - 2020-07-31 18:41:58 --> Unable to write cache file: C:\shivaprasad\FBP\FBP.COM\application\cache/
ERROR - 2020-07-31 18:42:02 --> Unable to write cache file: C:\shivaprasad\FBP\FBP.COM\application\cache/
ERROR - 2020-07-31 18:42:04 --> Unable to write cache file: C:\shivaprasad\FBP\FBP.COM\application\cache/
ERROR - 2020-07-31 18:42:07 --> Unable to write cache file: C:\shivaprasad\FBP\FBP.COM\application\cache/
ERROR - 2020-07-31 18:42:10 --> Unable to write cache file: C:\shivaprasad\FBP\FBP.COM\application\cache/
ERROR - 2020-07-31 18:42:12 --> Unable to write cache file: C:\shivaprasad\FBP\FBP.COM\application\cache/
ERROR - 2020-07-31 18:42:16 --> Unable to write cache file: C:\shivaprasad\FBP\FBP.COM\application\cache/
ERROR - 2020-07-31 18:42:19 --> Unable to write cache file: C:\shivaprasad\FBP\FBP.COM\application\cache/
ERROR - 2020-07-31 18:42:22 --> Unable to write cache file: C:\shivaprasad\FBP\FBP.COM\application\cache/
ERROR - 2020-07-31 18:42:26 --> Unable to write cache file: C:\shivaprasad\FBP\FBP.COM\application\cache/
ERROR - 2020-07-31 18:42:28 --> Unable to write cache file: C:\shivaprasad\FBP\FBP.COM\application\cache/
ERROR - 2020-07-31 18:42:31 --> Unable to write cache file: C:\shivaprasad\FBP\FBP.COM\application\cache/
ERROR - 2020-07-31 18:42:34 --> Unable to write cache file: C:\shivaprasad\FBP\FBP.COM\application\cache/
ERROR - 2020-07-31 18:42:37 --> Unable to write cache file: C:\shivaprasad\FBP\FBP.COM\application\cache/
ERROR - 2020-07-31 18:42:39 --> Unable to write cache file: C:\shivaprasad\FBP\FBP.COM\application\cache/
ERROR - 2020-07-31 18:42:42 --> Unable to write cache file: C:\shivaprasad\FBP\FBP.COM\application\cache/
ERROR - 2020-07-31 18:42:45 --> Unable to write cache file: C:\shivaprasad\FBP\FBP.COM\application\cache/
ERROR - 2020-07-31 18:42:49 --> Unable to write cache file: C:\shivaprasad\FBP\FBP.COM\application\cache/
ERROR - 2020-07-31 18:42:52 --> Unable to write cache file: C:\shivaprasad\FBP\FBP.COM\application\cache/
ERROR - 2020-07-31 18:42:55 --> Unable to write cache file: C:\shivaprasad\FBP\FBP.COM\application\cache/
ERROR - 2020-07-31 18:42:58 --> Unable to write cache file: C:\shivaprasad\FBP\FBP.COM\application\cache/
ERROR - 2020-07-31 18:43:00 --> Unable to write cache file: C:\shivaprasad\FBP\FBP.COM\application\cache/
ERROR - 2020-07-31 18:43:03 --> Unable to write cache file: C:\shivaprasad\FBP\FBP.COM\application\cache/
ERROR - 2020-07-31 18:43:06 --> Unable to write cache file: C:\shivaprasad\FBP\FBP.COM\application\cache/
ERROR - 2020-07-31 18:43:09 --> Unable to write cache file: C:\shivaprasad\FBP\FBP.COM\application\cache/
ERROR - 2020-07-31 18:43:12 --> Unable to write cache file: C:\shivaprasad\FBP\FBP.COM\application\cache/
ERROR - 2020-07-31 18:43:14 --> Unable to write cache file: C:\shivaprasad\FBP\FBP.COM\application\cache/
ERROR - 2020-07-31 18:43:17 --> Unable to write cache file: C:\shivaprasad\FBP\FBP.COM\application\cache/
ERROR - 2020-07-31 18:43:20 --> Unable to write cache file: C:\shivaprasad\FBP\FBP.COM\application\cache/
ERROR - 2020-07-31 18:43:23 --> Unable to write cache file: C:\shivaprasad\FBP\FBP.COM\application\cache/
ERROR - 2020-07-31 18:43:28 --> Unable to write cache file: C:\shivaprasad\FBP\FBP.COM\application\cache/
ERROR - 2020-07-31 18:43:31 --> Unable to write cache file: C:\shivaprasad\FBP\FBP.COM\application\cache/
ERROR - 2020-07-31 18:43:35 --> Unable to write cache file: C:\shivaprasad\FBP\FBP.COM\application\cache/
ERROR - 2020-07-31 18:43:38 --> Unable to write cache file: C:\shivaprasad\FBP\FBP.COM\application\cache/
ERROR - 2020-07-31 18:43:40 --> Unable to write cache file: C:\shivaprasad\FBP\FBP.COM\application\cache/
ERROR - 2020-07-31 18:43:43 --> Unable to write cache file: C:\shivaprasad\FBP\FBP.COM\application\cache/
ERROR - 2020-07-31 18:43:47 --> Unable to write cache file: C:\shivaprasad\FBP\FBP.COM\application\cache/
ERROR - 2020-07-31 18:43:51 --> Unable to write cache file: C:\shivaprasad\FBP\FBP.COM\application\cache/
ERROR - 2020-07-31 18:43:54 --> Unable to write cache file: C:\shivaprasad\FBP\FBP.COM\application\cache/
ERROR - 2020-07-31 18:43:57 --> Unable to write cache file: C:\shivaprasad\FBP\FBP.COM\application\cache/
ERROR - 2020-07-31 18:44:01 --> Unable to write cache file: C:\shivaprasad\FBP\FBP.COM\application\cache/
ERROR - 2020-07-31 18:44:05 --> Unable to write cache file: C:\shivaprasad\FBP\FBP.COM\application\cache/
ERROR - 2020-07-31 18:44:08 --> Unable to write cache file: C:\shivaprasad\FBP\FBP.COM\application\cache/
ERROR - 2020-07-31 18:44:11 --> Unable to write cache file: C:\shivaprasad\FBP\FBP.COM\application\cache/
ERROR - 2020-07-31 18:44:15 --> Unable to write cache file: C:\shivaprasad\FBP\FBP.COM\application\cache/
ERROR - 2020-07-31 18:44:19 --> Unable to write cache file: C:\shivaprasad\FBP\FBP.COM\application\cache/
ERROR - 2020-07-31 18:44:23 --> Unable to write cache file: C:\shivaprasad\FBP\FBP.COM\application\cache/
ERROR - 2020-07-31 18:44:26 --> Unable to write cache file: C:\shivaprasad\FBP\FBP.COM\application\cache/
ERROR - 2020-07-31 18:44:32 --> Unable to write cache file: C:\shivaprasad\FBP\FBP.COM\application\cache/
ERROR - 2020-07-31 18:44:36 --> Unable to write cache file: C:\shivaprasad\FBP\FBP.COM\application\cache/
ERROR - 2020-07-31 18:44:39 --> Unable to write cache file: C:\shivaprasad\FBP\FBP.COM\application\cache/
ERROR - 2020-07-31 18:44:42 --> Unable to write cache file: C:\shivaprasad\FBP\FBP.COM\application\cache/
ERROR - 2020-07-31 18:44:45 --> Unable to write cache file: C:\shivaprasad\FBP\FBP.COM\application\cache/
ERROR - 2020-07-31 18:44:48 --> Unable to write cache file: C:\shivaprasad\FBP\FBP.COM\application\cache/
ERROR - 2020-07-31 18:44:51 --> Unable to write cache file: C:\shivaprasad\FBP\FBP.COM\application\cache/
ERROR - 2020-07-31 18:44:54 --> Unable to write cache file: C:\shivaprasad\FBP\FBP.COM\application\cache/
ERROR - 2020-07-31 18:44:57 --> Unable to write cache file: C:\shivaprasad\FBP\FBP.COM\application\cache/
ERROR - 2020-07-31 18:45:00 --> Unable to write cache file: C:\shivaprasad\FBP\FBP.COM\application\cache/
ERROR - 2020-07-31 18:45:03 --> Unable to write cache file: C:\shivaprasad\FBP\FBP.COM\application\cache/
ERROR - 2020-07-31 18:45:07 --> Unable to write cache file: C:\shivaprasad\FBP\FBP.COM\application\cache/
ERROR - 2020-07-31 18:45:11 --> Unable to write cache file: C:\shivaprasad\FBP\FBP.COM\application\cache/
ERROR - 2020-07-31 18:45:14 --> Unable to write cache file: C:\shivaprasad\FBP\FBP.COM\application\cache/
ERROR - 2020-07-31 18:45:17 --> Unable to write cache file: C:\shivaprasad\FBP\FBP.COM\application\cache/
ERROR - 2020-07-31 18:45:20 --> Unable to write cache file: C:\shivaprasad\FBP\FBP.COM\application\cache/
ERROR - 2020-07-31 18:45:23 --> Unable to write cache file: C:\shivaprasad\FBP\FBP.COM\application\cache/
ERROR - 2020-07-31 18:45:26 --> Unable to write cache file: C:\shivaprasad\FBP\FBP.COM\application\cache/
ERROR - 2020-07-31 18:45:29 --> Unable to write cache file: C:\shivaprasad\FBP\FBP.COM\application\cache/
ERROR - 2020-07-31 18:45:33 --> Unable to write cache file: C:\shivaprasad\FBP\FBP.COM\application\cache/
ERROR - 2020-07-31 18:45:36 --> Unable to write cache file: C:\shivaprasad\FBP\FBP.COM\application\cache/
ERROR - 2020-07-31 18:45:39 --> Unable to write cache file: C:\shivaprasad\FBP\FBP.COM\application\cache/
ERROR - 2020-07-31 18:45:42 --> Unable to write cache file: C:\shivaprasad\FBP\FBP.COM\application\cache/
ERROR - 2020-07-31 18:45:46 --> Unable to write cache file: C:\shivaprasad\FBP\FBP.COM\application\cache/
ERROR - 2020-07-31 18:45:49 --> Unable to write cache file: C:\shivaprasad\FBP\FBP.COM\application\cache/
ERROR - 2020-07-31 18:45:52 --> Unable to write cache file: C:\shivaprasad\FBP\FBP.COM\application\cache/
ERROR - 2020-07-31 18:52:14 --> Unable to write cache file: C:\shivaprasad\FBP\FBP.COM\application\cache/
ERROR - 2020-07-31 18:52:16 --> Unable to write cache file: C:\shivaprasad\FBP\FBP.COM\application\cache/
ERROR - 2020-07-31 18:52:19 --> Unable to write cache file: C:\shivaprasad\FBP\FBP.COM\application\cache/
ERROR - 2020-07-31 18:52:21 --> Unable to write cache file: C:\shivaprasad\FBP\FBP.COM\application\cache/
ERROR - 2020-07-31 18:52:24 --> Unable to write cache file: C:\shivaprasad\FBP\FBP.COM\application\cache/
ERROR - 2020-07-31 18:52:26 --> Unable to write cache file: C:\shivaprasad\FBP\FBP.COM\application\cache/
ERROR - 2020-07-31 18:52:29 --> Unable to write cache file: C:\shivaprasad\FBP\FBP.COM\application\cache/
ERROR - 2020-07-31 18:52:31 --> Unable to write cache file: C:\shivaprasad\FBP\FBP.COM\application\cache/
ERROR - 2020-07-31 18:52:34 --> Unable to write cache file: C:\shivaprasad\FBP\FBP.COM\application\cache/
ERROR - 2020-07-31 18:55:26 --> Unable to write cache file: C:\shivaprasad\FBP\FBP.COM\application\cache/
ERROR - 2020-07-31 18:55:29 --> Unable to write cache file: C:\shivaprasad\FBP\FBP.COM\application\cache/
ERROR - 2020-07-31 18:55:31 --> Unable to write cache file: C:\shivaprasad\FBP\FBP.COM\application\cache/
ERROR - 2020-07-31 18:55:33 --> Unable to write cache file: C:\shivaprasad\FBP\FBP.COM\application\cache/
ERROR - 2020-07-31 18:55:36 --> Unable to write cache file: C:\shivaprasad\FBP\FBP.COM\application\cache/
ERROR - 2020-07-31 18:55:38 --> Unable to write cache file: C:\shivaprasad\FBP\FBP.COM\application\cache/
ERROR - 2020-07-31 18:55:40 --> Unable to write cache file: C:\shivaprasad\FBP\FBP.COM\application\cache/
ERROR - 2020-07-31 18:55:45 --> Unable to write cache file: C:\shivaprasad\FBP\FBP.COM\application\cache/
ERROR - 2020-07-31 18:55:47 --> Unable to write cache file: C:\shivaprasad\FBP\FBP.COM\application\cache/
ERROR - 2020-07-31 18:55:50 --> Unable to write cache file: C:\shivaprasad\FBP\FBP.COM\application\cache/
ERROR - 2020-07-31 18:55:53 --> Unable to write cache file: C:\shivaprasad\FBP\FBP.COM\application\cache/
ERROR - 2020-07-31 18:55:55 --> Unable to write cache file: C:\shivaprasad\FBP\FBP.COM\application\cache/
ERROR - 2020-07-31 18:55:58 --> Unable to write cache file: C:\shivaprasad\FBP\FBP.COM\application\cache/
ERROR - 2020-07-31 18:56:41 --> Unable to write cache file: C:\shivaprasad\FBP\FBP.COM\application\cache/
ERROR - 2020-07-31 18:56:43 --> Unable to write cache file: C:\shivaprasad\FBP\FBP.COM\application\cache/
ERROR - 2020-07-31 18:56:46 --> Unable to write cache file: C:\shivaprasad\FBP\FBP.COM\application\cache/
ERROR - 2020-07-31 18:56:48 --> Unable to write cache file: C:\shivaprasad\FBP\FBP.COM\application\cache/
ERROR - 2020-07-31 18:56:51 --> Unable to write cache file: C:\shivaprasad\FBP\FBP.COM\application\cache/
ERROR - 2020-07-31 18:56:53 --> Unable to write cache file: C:\shivaprasad\FBP\FBP.COM\application\cache/
ERROR - 2020-07-31 19:17:19 --> Unable to write cache file: C:\shivaprasad\FBP\FBP.COM\application\cache/
ERROR - 2020-07-31 19:17:21 --> Unable to write cache file: C:\shivaprasad\FBP\FBP.COM\application\cache/
ERROR - 2020-07-31 19:17:23 --> Unable to write cache file: C:\shivaprasad\FBP\FBP.COM\application\cache/
ERROR - 2020-07-31 19:17:28 --> Unable to write cache file: C:\shivaprasad\FBP\FBP.COM\application\cache/
ERROR - 2020-07-31 19:17:31 --> Unable to write cache file: C:\shivaprasad\FBP\FBP.COM\application\cache/
ERROR - 2020-07-31 19:17:34 --> Unable to write cache file: C:\shivaprasad\FBP\FBP.COM\application\cache/
ERROR - 2020-07-31 19:17:37 --> Unable to write cache file: C:\shivaprasad\FBP\FBP.COM\application\cache/
ERROR - 2020-07-31 19:17:41 --> Unable to write cache file: C:\shivaprasad\FBP\FBP.COM\application\cache/
ERROR - 2020-07-31 19:17:44 --> Unable to write cache file: C:\shivaprasad\FBP\FBP.COM\application\cache/
ERROR - 2020-07-31 19:17:48 --> Unable to write cache file: C:\shivaprasad\FBP\FBP.COM\application\cache/
ERROR - 2020-07-31 19:17:51 --> Unable to write cache file: C:\shivaprasad\FBP\FBP.COM\application\cache/
ERROR - 2020-07-31 19:17:54 --> Unable to write cache file: C:\shivaprasad\FBP\FBP.COM\application\cache/
ERROR - 2020-07-31 19:18:05 --> Unable to write cache file: C:\shivaprasad\FBP\FBP.COM\application\cache/
ERROR - 2020-07-31 19:18:08 --> Unable to write cache file: C:\shivaprasad\FBP\FBP.COM\application\cache/
ERROR - 2020-07-31 19:18:11 --> Unable to write cache file: C:\shivaprasad\FBP\FBP.COM\application\cache/
ERROR - 2020-07-31 19:18:14 --> Unable to write cache file: C:\shivaprasad\FBP\FBP.COM\application\cache/
ERROR - 2020-07-31 19:18:17 --> Unable to write cache file: C:\shivaprasad\FBP\FBP.COM\application\cache/
ERROR - 2020-07-31 19:19:13 --> Unable to write cache file: C:\shivaprasad\FBP\FBP.COM\application\cache/
ERROR - 2020-07-31 19:19:16 --> Unable to write cache file: C:\shivaprasad\FBP\FBP.COM\application\cache/
ERROR - 2020-07-31 19:19:20 --> Unable to write cache file: C:\shivaprasad\FBP\FBP.COM\application\cache/
ERROR - 2020-07-31 19:19:23 --> Unable to write cache file: C:\shivaprasad\FBP\FBP.COM\application\cache/
ERROR - 2020-07-31 19:19:28 --> Unable to write cache file: C:\shivaprasad\FBP\FBP.COM\application\cache/
ERROR - 2020-07-31 19:19:32 --> Unable to write cache file: C:\shivaprasad\FBP\FBP.COM\application\cache/
ERROR - 2020-07-31 19:19:36 --> Unable to write cache file: C:\shivaprasad\FBP\FBP.COM\application\cache/
ERROR - 2020-07-31 19:26:07 --> Unable to write cache file: C:\shivaprasad\FBP\FBP.COM\application\cache/
ERROR - 2020-07-31 19:26:10 --> Unable to write cache file: C:\shivaprasad\FBP\FBP.COM\application\cache/
ERROR - 2020-07-31 19:26:12 --> Unable to write cache file: C:\shivaprasad\FBP\FBP.COM\application\cache/
ERROR - 2020-07-31 19:26:15 --> Unable to write cache file: C:\shivaprasad\FBP\FBP.COM\application\cache/
ERROR - 2020-07-31 19:26:18 --> Unable to write cache file: C:\shivaprasad\FBP\FBP.COM\application\cache/
ERROR - 2020-07-31 19:26:21 --> Unable to write cache file: C:\shivaprasad\FBP\FBP.COM\application\cache/
ERROR - 2020-07-31 19:26:24 --> Unable to write cache file: C:\shivaprasad\FBP\FBP.COM\application\cache/
ERROR - 2020-07-31 19:26:27 --> Unable to write cache file: C:\shivaprasad\FBP\FBP.COM\application\cache/
ERROR - 2020-07-31 19:26:30 --> Unable to write cache file: C:\shivaprasad\FBP\FBP.COM\application\cache/
ERROR - 2020-07-31 19:26:33 --> Unable to write cache file: C:\shivaprasad\FBP\FBP.COM\application\cache/
ERROR - 2020-07-31 19:26:35 --> Unable to write cache file: C:\shivaprasad\FBP\FBP.COM\application\cache/
ERROR - 2020-07-31 19:26:38 --> Unable to write cache file: C:\shivaprasad\FBP\FBP.COM\application\cache/
ERROR - 2020-07-31 19:26:41 --> Unable to write cache file: C:\shivaprasad\FBP\FBP.COM\application\cache/
ERROR - 2020-07-31 19:26:44 --> Unable to write cache file: C:\shivaprasad\FBP\FBP.COM\application\cache/
ERROR - 2020-07-31 19:26:47 --> Unable to write cache file: C:\shivaprasad\FBP\FBP.COM\application\cache/
ERROR - 2020-07-31 19:26:49 --> Unable to write cache file: C:\shivaprasad\FBP\FBP.COM\application\cache/
ERROR - 2020-07-31 19:26:52 --> Unable to write cache file: C:\shivaprasad\FBP\FBP.COM\application\cache/
ERROR - 2020-07-31 19:26:55 --> Unable to write cache file: C:\shivaprasad\FBP\FBP.COM\application\cache/
ERROR - 2020-07-31 19:26:57 --> Unable to write cache file: C:\shivaprasad\FBP\FBP.COM\application\cache/
ERROR - 2020-07-31 19:27:01 --> Unable to write cache file: C:\shivaprasad\FBP\FBP.COM\application\cache/
ERROR - 2020-07-31 19:27:01 --> Severity: Warning --> Illegal string offset 'bhk' C:\shivaprasad\FBP\FBP.COM\application\controllers\Home.php 118
ERROR - 2020-07-31 19:27:01 --> Severity: Warning --> Illegal string offset 'bhk_range' C:\shivaprasad\FBP\FBP.COM\application\controllers\Home.php 118
ERROR - 2020-07-31 19:27:01 --> Severity: Warning --> Illegal string offset 'price' C:\shivaprasad\FBP\FBP.COM\application\controllers\Home.php 119
ERROR - 2020-07-31 19:27:01 --> Severity: Warning --> Illegal string offset 'price_range' C:\shivaprasad\FBP\FBP.COM\application\controllers\Home.php 119
ERROR - 2020-07-31 19:27:01 --> Severity: Warning --> Illegal string offset 'baths' C:\shivaprasad\FBP\FBP.COM\application\controllers\Home.php 120
ERROR - 2020-07-31 19:27:01 --> Severity: Warning --> Illegal string offset 'baths_range' C:\shivaprasad\FBP\FBP.COM\application\controllers\Home.php 120
ERROR - 2020-07-31 19:27:11 --> Unable to write cache file: C:\shivaprasad\FBP\FBP.COM\application\cache/
ERROR - 2020-07-31 19:27:11 --> Severity: Warning --> Illegal string offset 'bhk' C:\shivaprasad\FBP\FBP.COM\application\controllers\Home.php 118
ERROR - 2020-07-31 19:27:11 --> Severity: Warning --> Illegal string offset 'bhk_range' C:\shivaprasad\FBP\FBP.COM\application\controllers\Home.php 118
ERROR - 2020-07-31 19:27:11 --> Severity: Warning --> Illegal string offset 'price' C:\shivaprasad\FBP\FBP.COM\application\controllers\Home.php 119
ERROR - 2020-07-31 19:27:11 --> Severity: Warning --> Illegal string offset 'price_range' C:\shivaprasad\FBP\FBP.COM\application\controllers\Home.php 119
ERROR - 2020-07-31 19:27:11 --> Severity: Warning --> Illegal string offset 'baths' C:\shivaprasad\FBP\FBP.COM\application\controllers\Home.php 120
ERROR - 2020-07-31 19:27:11 --> Severity: Warning --> Illegal string offset 'baths_range' C:\shivaprasad\FBP\FBP.COM\application\controllers\Home.php 120
ERROR - 2020-07-31 19:27:20 --> Unable to write cache file: C:\shivaprasad\FBP\FBP.COM\application\cache/
ERROR - 2020-07-31 19:27:23 --> Unable to write cache file: C:\shivaprasad\FBP\FBP.COM\application\cache/
ERROR - 2020-07-31 19:27:26 --> Unable to write cache file: C:\shivaprasad\FBP\FBP.COM\application\cache/
ERROR - 2020-07-31 19:27:29 --> Unable to write cache file: C:\shivaprasad\FBP\FBP.COM\application\cache/
ERROR - 2020-07-31 19:27:32 --> Unable to write cache file: C:\shivaprasad\FBP\FBP.COM\application\cache/
ERROR - 2020-07-31 19:27:35 --> Unable to write cache file: C:\shivaprasad\FBP\FBP.COM\application\cache/
ERROR - 2020-07-31 19:27:38 --> Unable to write cache file: C:\shivaprasad\FBP\FBP.COM\application\cache/
ERROR - 2020-07-31 19:27:41 --> Unable to write cache file: C:\shivaprasad\FBP\FBP.COM\application\cache/
ERROR - 2020-07-31 19:27:44 --> Unable to write cache file: C:\shivaprasad\FBP\FBP.COM\application\cache/
ERROR - 2020-07-31 19:27:47 --> Unable to write cache file: C:\shivaprasad\FBP\FBP.COM\application\cache/
ERROR - 2020-07-31 19:27:50 --> Unable to write cache file: C:\shivaprasad\FBP\FBP.COM\application\cache/
ERROR - 2020-07-31 19:27:53 --> Unable to write cache file: C:\shivaprasad\FBP\FBP.COM\application\cache/
ERROR - 2020-07-31 19:27:56 --> Unable to write cache file: C:\shivaprasad\FBP\FBP.COM\application\cache/
ERROR - 2020-07-31 19:27:59 --> Unable to write cache file: C:\shivaprasad\FBP\FBP.COM\application\cache/
ERROR - 2020-07-31 19:28:02 --> Unable to write cache file: C:\shivaprasad\FBP\FBP.COM\application\cache/
ERROR - 2020-07-31 19:28:05 --> Unable to write cache file: C:\shivaprasad\FBP\FBP.COM\application\cache/
ERROR - 2020-07-31 19:28:08 --> Unable to write cache file: C:\shivaprasad\FBP\FBP.COM\application\cache/
ERROR - 2020-07-31 19:28:13 --> Unable to write cache file: C:\shivaprasad\FBP\FBP.COM\application\cache/
ERROR - 2020-07-31 19:28:16 --> Unable to write cache file: C:\shivaprasad\FBP\FBP.COM\application\cache/
ERROR - 2020-07-31 19:28:19 --> Unable to write cache file: C:\shivaprasad\FBP\FBP.COM\application\cache/
ERROR - 2020-07-31 19:28:22 --> Unable to write cache file: C:\shivaprasad\FBP\FBP.COM\application\cache/
ERROR - 2020-07-31 19:28:26 --> Unable to write cache file: C:\shivaprasad\FBP\FBP.COM\application\cache/
ERROR - 2020-07-31 19:28:29 --> Unable to write cache file: C:\shivaprasad\FBP\FBP.COM\application\cache/
ERROR - 2020-07-31 19:28:32 --> Unable to write cache file: C:\shivaprasad\FBP\FBP.COM\application\cache/
ERROR - 2020-07-31 19:31:06 --> Unable to write cache file: C:\shivaprasad\FBP\FBP.COM\application\cache/
ERROR - 2020-07-31 19:31:10 --> Unable to write cache file: C:\shivaprasad\FBP\FBP.COM\application\cache/
ERROR - 2020-07-31 19:31:10 --> Unable to write cache file: C:\shivaprasad\FBP\FBP.COM\application\cache/
ERROR - 2020-07-31 19:31:14 --> Unable to write cache file: C:\shivaprasad\FBP\FBP.COM\application\cache/
ERROR - 2020-07-31 19:31:18 --> Unable to write cache file: C:\shivaprasad\FBP\FBP.COM\application\cache/
ERROR - 2020-07-31 19:31:21 --> Unable to write cache file: C:\shivaprasad\FBP\FBP.COM\application\cache/
ERROR - 2020-07-31 19:31:24 --> Unable to write cache file: C:\shivaprasad\FBP\FBP.COM\application\cache/
ERROR - 2020-07-31 19:31:39 --> Unable to write cache file: C:\shivaprasad\FBP\FBP.COM\application\cache/
ERROR - 2020-07-31 19:31:43 --> Unable to write cache file: C:\shivaprasad\FBP\FBP.COM\application\cache/
ERROR - 2020-07-31 19:31:47 --> Unable to write cache file: C:\shivaprasad\FBP\FBP.COM\application\cache/
ERROR - 2020-07-31 19:31:50 --> Unable to write cache file: C:\shivaprasad\FBP\FBP.COM\application\cache/
ERROR - 2020-07-31 19:31:55 --> Unable to write cache file: C:\shivaprasad\FBP\FBP.COM\application\cache/
ERROR - 2020-07-31 19:31:59 --> Unable to write cache file: C:\shivaprasad\FBP\FBP.COM\application\cache/
ERROR - 2020-07-31 19:32:02 --> Unable to write cache file: C:\shivaprasad\FBP\FBP.COM\application\cache/
ERROR - 2020-07-31 19:32:05 --> Unable to write cache file: C:\shivaprasad\FBP\FBP.COM\application\cache/
ERROR - 2020-07-31 19:32:09 --> Unable to write cache file: C:\shivaprasad\FBP\FBP.COM\application\cache/
ERROR - 2020-07-31 19:32:12 --> Unable to write cache file: C:\shivaprasad\FBP\FBP.COM\application\cache/
ERROR - 2020-07-31 19:32:15 --> Unable to write cache file: C:\shivaprasad\FBP\FBP.COM\application\cache/
ERROR - 2020-07-31 19:32:19 --> Unable to write cache file: C:\shivaprasad\FBP\FBP.COM\application\cache/
ERROR - 2020-07-31 19:32:34 --> Unable to write cache file: C:\shivaprasad\FBP\FBP.COM\application\cache/
ERROR - 2020-07-31 19:32:38 --> Unable to write cache file: C:\shivaprasad\FBP\FBP.COM\application\cache/
ERROR - 2020-07-31 19:32:42 --> Unable to write cache file: C:\shivaprasad\FBP\FBP.COM\application\cache/
ERROR - 2020-07-31 19:32:45 --> Unable to write cache file: C:\shivaprasad\FBP\FBP.COM\application\cache/
ERROR - 2020-07-31 19:32:48 --> Unable to write cache file: C:\shivaprasad\FBP\FBP.COM\application\cache/
ERROR - 2020-07-31 19:32:51 --> Unable to write cache file: C:\shivaprasad\FBP\FBP.COM\application\cache/
ERROR - 2020-07-31 19:32:54 --> Unable to write cache file: C:\shivaprasad\FBP\FBP.COM\application\cache/
ERROR - 2020-07-31 19:32:57 --> Unable to write cache file: C:\shivaprasad\FBP\FBP.COM\application\cache/
ERROR - 2020-07-31 19:33:02 --> Unable to write cache file: C:\shivaprasad\FBP\FBP.COM\application\cache/
ERROR - 2020-07-31 19:33:05 --> Unable to write cache file: C:\shivaprasad\FBP\FBP.COM\application\cache/
ERROR - 2020-07-31 19:33:08 --> Unable to write cache file: C:\shivaprasad\FBP\FBP.COM\application\cache/
ERROR - 2020-07-31 19:33:12 --> Unable to write cache file: C:\shivaprasad\FBP\FBP.COM\application\cache/
ERROR - 2020-07-31 19:33:15 --> Unable to write cache file: C:\shivaprasad\FBP\FBP.COM\application\cache/
ERROR - 2020-07-31 19:33:19 --> Unable to write cache file: C:\shivaprasad\FBP\FBP.COM\application\cache/
ERROR - 2020-07-31 19:33:23 --> Unable to write cache file: C:\shivaprasad\FBP\FBP.COM\application\cache/
ERROR - 2020-07-31 19:33:27 --> Unable to write cache file: C:\shivaprasad\FBP\FBP.COM\application\cache/
ERROR - 2020-07-31 19:33:31 --> Unable to write cache file: C:\shivaprasad\FBP\FBP.COM\application\cache/
ERROR - 2020-07-31 19:33:35 --> Unable to write cache file: C:\shivaprasad\FBP\FBP.COM\application\cache/
ERROR - 2020-07-31 19:33:38 --> Unable to write cache file: C:\shivaprasad\FBP\FBP.COM\application\cache/
ERROR - 2020-07-31 19:33:42 --> Unable to write cache file: C:\shivaprasad\FBP\FBP.COM\application\cache/
ERROR - 2020-07-31 19:34:54 --> Unable to write cache file: C:\shivaprasad\FBP\FBP.COM\application\cache/
ERROR - 2020-07-31 19:35:02 --> Unable to write cache file: C:\shivaprasad\FBP\FBP.COM\application\cache/
ERROR - 2020-07-31 19:35:06 --> Unable to write cache file: C:\shivaprasad\FBP\FBP.COM\application\cache/
ERROR - 2020-07-31 19:35:09 --> Unable to write cache file: C:\shivaprasad\FBP\FBP.COM\application\cache/
ERROR - 2020-07-31 19:35:12 --> Unable to write cache file: C:\shivaprasad\FBP\FBP.COM\application\cache/
ERROR - 2020-07-31 19:35:16 --> Unable to write cache file: C:\shivaprasad\FBP\FBP.COM\application\cache/
ERROR - 2020-07-31 19:35:19 --> Unable to write cache file: C:\shivaprasad\FBP\FBP.COM\application\cache/
ERROR - 2020-07-31 19:35:22 --> Unable to write cache file: C:\shivaprasad\FBP\FBP.COM\application\cache/
ERROR - 2020-07-31 19:35:25 --> Unable to write cache file: C:\shivaprasad\FBP\FBP.COM\application\cache/
ERROR - 2020-07-31 19:36:19 --> Unable to write cache file: C:\shivaprasad\FBP\FBP.COM\application\cache/
ERROR - 2020-07-31 19:36:22 --> Unable to write cache file: C:\shivaprasad\FBP\FBP.COM\application\cache/
ERROR - 2020-07-31 19:36:25 --> Unable to write cache file: C:\shivaprasad\FBP\FBP.COM\application\cache/
ERROR - 2020-07-31 19:36:27 --> Unable to write cache file: C:\shivaprasad\FBP\FBP.COM\application\cache/
ERROR - 2020-07-31 19:36:30 --> Unable to write cache file: C:\shivaprasad\FBP\FBP.COM\application\cache/
ERROR - 2020-07-31 19:36:33 --> Unable to write cache file: C:\shivaprasad\FBP\FBP.COM\application\cache/
ERROR - 2020-07-31 19:36:36 --> Unable to write cache file: C:\shivaprasad\FBP\FBP.COM\application\cache/
ERROR - 2020-07-31 19:36:40 --> Unable to write cache file: C:\shivaprasad\FBP\FBP.COM\application\cache/
ERROR - 2020-07-31 19:36:43 --> Unable to write cache file: C:\shivaprasad\FBP\FBP.COM\application\cache/
ERROR - 2020-07-31 19:36:46 --> Unable to write cache file: C:\shivaprasad\FBP\FBP.COM\application\cache/
ERROR - 2020-07-31 19:36:49 --> Unable to write cache file: C:\shivaprasad\FBP\FBP.COM\application\cache/
ERROR - 2020-07-31 19:36:52 --> Unable to write cache file: C:\shivaprasad\FBP\FBP.COM\application\cache/
