ERROR - 2020-07-30 13:44:34 --> Unable to write cache file: C:\shivaprasad\FBP\FBP.COM\application\cache/
ERROR - 2020-07-30 13:44:35 --> 404 Page Not Found: 
ERROR - 2020-07-30 13:44:35 --> 404 Page Not Found: 
ERROR - 2020-07-30 13:44:35 --> 404 Page Not Found: 
ERROR - 2020-07-30 13:44:35 --> 404 Page Not Found: 
ERROR - 2020-07-30 13:44:35 --> 404 Page Not Found: 
ERROR - 2020-07-30 13:44:35 --> 404 Page Not Found: 
ERROR - 2020-07-30 13:44:36 --> 404 Page Not Found: 
ERROR - 2020-07-30 13:44:36 --> 404 Page Not Found: 
ERROR - 2020-07-30 13:44:36 --> 404 Page Not Found: 
ERROR - 2020-07-30 13:44:36 --> 404 Page Not Found: 
ERROR - 2020-07-30 13:44:36 --> 404 Page Not Found: 
ERROR - 2020-07-30 13:44:36 --> 404 Page Not Found: 
ERROR - 2020-07-30 13:44:36 --> 404 Page Not Found: 
ERROR - 2020-07-30 13:44:36 --> 404 Page Not Found: 
ERROR - 2020-07-30 13:44:36 --> 404 Page Not Found: 
ERROR - 2020-07-30 13:44:36 --> 404 Page Not Found: 
ERROR - 2020-07-30 13:44:36 --> 404 Page Not Found: 
ERROR - 2020-07-30 13:44:36 --> 404 Page Not Found: 
ERROR - 2020-07-30 13:44:36 --> 404 Page Not Found: 
ERROR - 2020-07-30 13:44:36 --> 404 Page Not Found: 
ERROR - 2020-07-30 13:44:36 --> 404 Page Not Found: 
ERROR - 2020-07-30 13:44:36 --> 404 Page Not Found: 
ERROR - 2020-07-30 13:44:36 --> 404 Page Not Found: 
ERROR - 2020-07-30 13:44:36 --> 404 Page Not Found: 
ERROR - 2020-07-30 13:44:36 --> 404 Page Not Found: 
ERROR - 2020-07-30 13:44:36 --> 404 Page Not Found: 
ERROR - 2020-07-30 13:44:36 --> 404 Page Not Found: 
ERROR - 2020-07-30 13:44:37 --> 404 Page Not Found: 
ERROR - 2020-07-30 13:44:37 --> 404 Page Not Found: 
ERROR - 2020-07-30 13:44:37 --> 404 Page Not Found: 
ERROR - 2020-07-30 13:44:37 --> 404 Page Not Found: 
ERROR - 2020-07-30 13:44:37 --> 404 Page Not Found: 
ERROR - 2020-07-30 13:44:37 --> 404 Page Not Found: 
ERROR - 2020-07-30 13:44:37 --> 404 Page Not Found: 
ERROR - 2020-07-30 13:44:37 --> 404 Page Not Found: 
ERROR - 2020-07-30 13:44:37 --> 404 Page Not Found: 
ERROR - 2020-07-30 13:44:37 --> 404 Page Not Found: 
ERROR - 2020-07-30 13:44:37 --> 404 Page Not Found: 
ERROR - 2020-07-30 13:44:41 --> Unable to write cache file: C:\shivaprasad\FBP\FBP.COM\application\cache/
ERROR - 2020-07-30 13:44:48 --> Unable to write cache file: C:\shivaprasad\FBP\FBP.COM\application\cache/
ERROR - 2020-07-30 13:44:50 --> Unable to write cache file: C:\shivaprasad\FBP\FBP.COM\application\cache/
ERROR - 2020-07-30 13:45:58 --> Unable to write cache file: C:\shivaprasad\FBP\FBP.COM\application\cache/
ERROR - 2020-07-30 13:46:01 --> Unable to write cache file: C:\shivaprasad\FBP\FBP.COM\application\cache/
ERROR - 2020-07-30 13:46:01 --> 404 Page Not Found: 
ERROR - 2020-07-30 13:46:01 --> 404 Page Not Found: 
ERROR - 2020-07-30 13:46:01 --> 404 Page Not Found: 
ERROR - 2020-07-30 13:46:04 --> Unable to write cache file: C:\shivaprasad\FBP\FBP.COM\application\cache/
ERROR - 2020-07-30 13:46:06 --> Unable to write cache file: C:\shivaprasad\FBP\FBP.COM\application\cache/
ERROR - 2020-07-30 16:41:22 --> Unable to write cache file: C:\shivaprasad\FBP\FBP.COM\application\cache/
ERROR - 2020-07-30 16:41:24 --> Unable to write cache file: C:\shivaprasad\FBP\FBP.COM\application\cache/
ERROR - 2020-07-30 16:41:29 --> Unable to write cache file: C:\shivaprasad\FBP\FBP.COM\application\cache/
ERROR - 2020-07-30 16:41:31 --> Unable to write cache file: C:\shivaprasad\FBP\FBP.COM\application\cache/
ERROR - 2020-07-30 16:42:18 --> 404 Page Not Found: 
ERROR - 2020-07-30 16:42:18 --> 404 Page Not Found: 
ERROR - 2020-07-30 16:42:18 --> 404 Page Not Found: 
ERROR - 2020-07-30 16:42:21 --> Unable to write cache file: C:\shivaprasad\FBP\FBP.COM\application\cache/
ERROR - 2020-07-30 16:42:24 --> Unable to write cache file: C:\shivaprasad\FBP\FBP.COM\application\cache/
ERROR - 2020-07-30 17:12:30 --> 404 Page Not Found: 
ERROR - 2020-07-30 17:12:30 --> 404 Page Not Found: 
ERROR - 2020-07-30 17:12:30 --> 404 Page Not Found: 
ERROR - 2020-07-30 17:12:30 --> 404 Page Not Found: 
ERROR - 2020-07-30 17:12:30 --> 404 Page Not Found: 
ERROR - 2020-07-30 17:12:30 --> 404 Page Not Found: 
ERROR - 2020-07-30 17:12:30 --> 404 Page Not Found: 
ERROR - 2020-07-30 17:12:30 --> 404 Page Not Found: 
ERROR - 2020-07-30 17:12:30 --> 404 Page Not Found: 
ERROR - 2020-07-30 17:12:33 --> Unable to write cache file: C:\shivaprasad\FBP\FBP.COM\application\cache/
ERROR - 2020-07-30 17:12:35 --> Unable to write cache file: C:\shivaprasad\FBP\FBP.COM\application\cache/
ERROR - 2020-07-30 17:12:36 --> 404 Page Not Found: 
ERROR - 2020-07-30 17:12:37 --> 404 Page Not Found: 
ERROR - 2020-07-30 17:12:37 --> 404 Page Not Found: 
ERROR - 2020-07-30 17:12:39 --> Unable to write cache file: C:\shivaprasad\FBP\FBP.COM\application\cache/
ERROR - 2020-07-30 17:12:41 --> Unable to write cache file: C:\shivaprasad\FBP\FBP.COM\application\cache/
ERROR - 2020-07-30 17:13:22 --> 404 Page Not Found: 
ERROR - 2020-07-30 17:13:22 --> 404 Page Not Found: 
ERROR - 2020-07-30 17:13:22 --> 404 Page Not Found: 
ERROR - 2020-07-30 17:13:25 --> Unable to write cache file: C:\shivaprasad\FBP\FBP.COM\application\cache/
ERROR - 2020-07-30 17:13:27 --> Unable to write cache file: C:\shivaprasad\FBP\FBP.COM\application\cache/
ERROR - 2020-07-30 17:13:42 --> 404 Page Not Found: 
ERROR - 2020-07-30 17:13:42 --> 404 Page Not Found: 
ERROR - 2020-07-30 17:13:42 --> 404 Page Not Found: 
ERROR - 2020-07-30 17:13:45 --> Unable to write cache file: C:\shivaprasad\FBP\FBP.COM\application\cache/
ERROR - 2020-07-30 17:13:49 --> Unable to write cache file: C:\shivaprasad\FBP\FBP.COM\application\cache/
ERROR - 2020-07-30 17:13:49 --> 404 Page Not Found: 
ERROR - 2020-07-30 17:13:49 --> 404 Page Not Found: 
ERROR - 2020-07-30 17:13:49 --> 404 Page Not Found: 
ERROR - 2020-07-30 17:13:51 --> Unable to write cache file: C:\shivaprasad\FBP\FBP.COM\application\cache/
ERROR - 2020-07-30 17:13:54 --> Unable to write cache file: C:\shivaprasad\FBP\FBP.COM\application\cache/
ERROR - 2020-07-30 17:14:49 --> 404 Page Not Found: 
ERROR - 2020-07-30 17:14:49 --> 404 Page Not Found: 
ERROR - 2020-07-30 17:14:49 --> 404 Page Not Found: 
ERROR - 2020-07-30 17:14:52 --> Unable to write cache file: C:\shivaprasad\FBP\FBP.COM\application\cache/
ERROR - 2020-07-30 17:14:55 --> Unable to write cache file: C:\shivaprasad\FBP\FBP.COM\application\cache/
ERROR - 2020-07-30 17:15:09 --> 404 Page Not Found: 
ERROR - 2020-07-30 17:15:09 --> 404 Page Not Found: 
ERROR - 2020-07-30 17:15:09 --> 404 Page Not Found: 
ERROR - 2020-07-30 17:15:11 --> Unable to write cache file: C:\shivaprasad\FBP\FBP.COM\application\cache/
ERROR - 2020-07-30 17:15:14 --> Unable to write cache file: C:\shivaprasad\FBP\FBP.COM\application\cache/
ERROR - 2020-07-30 17:15:30 --> 404 Page Not Found: 
ERROR - 2020-07-30 17:15:30 --> 404 Page Not Found: 
ERROR - 2020-07-30 17:15:30 --> 404 Page Not Found: 
ERROR - 2020-07-30 17:15:33 --> Unable to write cache file: C:\shivaprasad\FBP\FBP.COM\application\cache/
ERROR - 2020-07-30 17:15:35 --> Unable to write cache file: C:\shivaprasad\FBP\FBP.COM\application\cache/
ERROR - 2020-07-30 17:17:28 --> Unable to write cache file: C:\shivaprasad\FBP\FBP.COM\application\cache/
ERROR - 2020-07-30 17:17:29 --> 404 Page Not Found: 
ERROR - 2020-07-30 17:17:29 --> 404 Page Not Found: 
ERROR - 2020-07-30 17:17:29 --> 404 Page Not Found: 
ERROR - 2020-07-30 17:17:29 --> 404 Page Not Found: 
ERROR - 2020-07-30 17:17:29 --> 404 Page Not Found: 
ERROR - 2020-07-30 17:17:29 --> 404 Page Not Found: 
ERROR - 2020-07-30 17:17:29 --> 404 Page Not Found: 
ERROR - 2020-07-30 17:17:29 --> 404 Page Not Found: 
ERROR - 2020-07-30 17:17:29 --> 404 Page Not Found: 
ERROR - 2020-07-30 17:17:29 --> 404 Page Not Found: 
ERROR - 2020-07-30 17:17:29 --> 404 Page Not Found: 
ERROR - 2020-07-30 17:17:29 --> 404 Page Not Found: 
ERROR - 2020-07-30 17:17:29 --> 404 Page Not Found: 
ERROR - 2020-07-30 17:17:29 --> 404 Page Not Found: 
ERROR - 2020-07-30 17:17:30 --> 404 Page Not Found: 
ERROR - 2020-07-30 17:17:30 --> 404 Page Not Found: 
ERROR - 2020-07-30 17:17:30 --> 404 Page Not Found: 
ERROR - 2020-07-30 17:17:30 --> 404 Page Not Found: 
ERROR - 2020-07-30 17:17:30 --> 404 Page Not Found: 
ERROR - 2020-07-30 17:17:30 --> 404 Page Not Found: 
ERROR - 2020-07-30 17:17:30 --> 404 Page Not Found: 
ERROR - 2020-07-30 17:17:30 --> 404 Page Not Found: 
ERROR - 2020-07-30 17:17:30 --> 404 Page Not Found: 
ERROR - 2020-07-30 17:17:30 --> 404 Page Not Found: 
ERROR - 2020-07-30 17:17:30 --> 404 Page Not Found: 
ERROR - 2020-07-30 17:17:30 --> 404 Page Not Found: 
ERROR - 2020-07-30 17:17:30 --> 404 Page Not Found: 
ERROR - 2020-07-30 17:17:30 --> 404 Page Not Found: 
ERROR - 2020-07-30 17:17:30 --> 404 Page Not Found: 
ERROR - 2020-07-30 17:17:30 --> 404 Page Not Found: 
ERROR - 2020-07-30 17:17:31 --> 404 Page Not Found: 
ERROR - 2020-07-30 17:17:31 --> 404 Page Not Found: 
ERROR - 2020-07-30 17:17:31 --> 404 Page Not Found: 
ERROR - 2020-07-30 17:17:31 --> 404 Page Not Found: 
ERROR - 2020-07-30 17:17:31 --> 404 Page Not Found: 
ERROR - 2020-07-30 17:17:31 --> 404 Page Not Found: 
ERROR - 2020-07-30 17:17:31 --> 404 Page Not Found: 
ERROR - 2020-07-30 17:17:31 --> 404 Page Not Found: 
ERROR - 2020-07-30 17:17:34 --> Unable to write cache file: C:\shivaprasad\FBP\FBP.COM\application\cache/
ERROR - 2020-07-30 17:17:34 --> Severity: Warning --> Illegal string offset 'bhk' C:\shivaprasad\FBP\FBP.COM\application\controllers\Home.php 118
ERROR - 2020-07-30 17:17:34 --> Severity: Warning --> Illegal string offset 'bhk_range' C:\shivaprasad\FBP\FBP.COM\application\controllers\Home.php 118
ERROR - 2020-07-30 17:17:34 --> Severity: Warning --> Illegal string offset 'price' C:\shivaprasad\FBP\FBP.COM\application\controllers\Home.php 119
ERROR - 2020-07-30 17:17:34 --> Severity: Warning --> Illegal string offset 'price_range' C:\shivaprasad\FBP\FBP.COM\application\controllers\Home.php 119
ERROR - 2020-07-30 17:17:34 --> Severity: Warning --> Illegal string offset 'baths' C:\shivaprasad\FBP\FBP.COM\application\controllers\Home.php 120
ERROR - 2020-07-30 17:17:34 --> Severity: Warning --> Illegal string offset 'baths_range' C:\shivaprasad\FBP\FBP.COM\application\controllers\Home.php 120
ERROR - 2020-07-30 17:17:40 --> 404 Page Not Found: 
ERROR - 2020-07-30 17:17:40 --> 404 Page Not Found: 
ERROR - 2020-07-30 17:17:40 --> 404 Page Not Found: 
ERROR - 2020-07-30 17:17:40 --> 404 Page Not Found: 
ERROR - 2020-07-30 17:17:40 --> 404 Page Not Found: 
ERROR - 2020-07-30 17:17:40 --> 404 Page Not Found: 
ERROR - 2020-07-30 17:17:40 --> 404 Page Not Found: 
ERROR - 2020-07-30 17:17:40 --> 404 Page Not Found: 
ERROR - 2020-07-30 17:17:40 --> 404 Page Not Found: 
ERROR - 2020-07-30 17:17:44 --> Unable to write cache file: C:\shivaprasad\FBP\FBP.COM\application\cache/
ERROR - 2020-07-30 17:17:45 --> Severity: error --> Exception: syntax error, unexpected '}' C:\shivaprasad\FBP\FBP.COM\application\views\property-design.php 14
ERROR - 2020-07-30 17:17:47 --> Unable to write cache file: C:\shivaprasad\FBP\FBP.COM\application\cache/
ERROR - 2020-07-30 17:17:49 --> Unable to write cache file: C:\shivaprasad\FBP\FBP.COM\application\cache/
ERROR - 2020-07-30 17:19:41 --> Unable to write cache file: C:\shivaprasad\FBP\FBP.COM\application\cache/
ERROR - 2020-07-30 17:19:41 --> 404 Page Not Found: 
ERROR - 2020-07-30 17:19:41 --> 404 Page Not Found: 
ERROR - 2020-07-30 17:19:47 --> Unable to write cache file: C:\shivaprasad\FBP\FBP.COM\application\cache/
ERROR - 2020-07-30 17:19:47 --> 404 Page Not Found: 
ERROR - 2020-07-30 17:33:02 --> 404 Page Not Found: 
ERROR - 2020-07-30 17:33:02 --> 404 Page Not Found: 
ERROR - 2020-07-30 17:33:02 --> 404 Page Not Found: 
ERROR - 2020-07-30 17:33:05 --> Unable to write cache file: C:\shivaprasad\FBP\FBP.COM\application\cache/
ERROR - 2020-07-30 17:33:07 --> Unable to write cache file: C:\shivaprasad\FBP\FBP.COM\application\cache/
ERROR - 2020-07-30 17:33:14 --> 404 Page Not Found: 
ERROR - 2020-07-30 17:33:14 --> 404 Page Not Found: 
ERROR - 2020-07-30 17:33:14 --> 404 Page Not Found: 
ERROR - 2020-07-30 17:33:17 --> Unable to write cache file: C:\shivaprasad\FBP\FBP.COM\application\cache/
ERROR - 2020-07-30 17:33:19 --> Unable to write cache file: C:\shivaprasad\FBP\FBP.COM\application\cache/
ERROR - 2020-07-30 17:33:32 --> 404 Page Not Found: 
ERROR - 2020-07-30 17:33:32 --> 404 Page Not Found: 
ERROR - 2020-07-30 17:33:32 --> 404 Page Not Found: 
ERROR - 2020-07-30 17:33:35 --> Unable to write cache file: C:\shivaprasad\FBP\FBP.COM\application\cache/
ERROR - 2020-07-30 17:33:37 --> Unable to write cache file: C:\shivaprasad\FBP\FBP.COM\application\cache/
ERROR - 2020-07-30 17:33:49 --> 404 Page Not Found: 
ERROR - 2020-07-30 17:33:49 --> 404 Page Not Found: 
ERROR - 2020-07-30 17:33:49 --> 404 Page Not Found: 
ERROR - 2020-07-30 17:33:52 --> Unable to write cache file: C:\shivaprasad\FBP\FBP.COM\application\cache/
ERROR - 2020-07-30 17:33:55 --> Unable to write cache file: C:\shivaprasad\FBP\FBP.COM\application\cache/
ERROR - 2020-07-30 17:34:04 --> 404 Page Not Found: 
ERROR - 2020-07-30 17:34:04 --> 404 Page Not Found: 
ERROR - 2020-07-30 17:34:04 --> 404 Page Not Found: 
ERROR - 2020-07-30 17:34:07 --> Unable to write cache file: C:\shivaprasad\FBP\FBP.COM\application\cache/
ERROR - 2020-07-30 17:34:11 --> Unable to write cache file: C:\shivaprasad\FBP\FBP.COM\application\cache/
ERROR - 2020-07-30 17:34:18 --> 404 Page Not Found: 
ERROR - 2020-07-30 17:34:18 --> 404 Page Not Found: 
ERROR - 2020-07-30 17:34:18 --> 404 Page Not Found: 
ERROR - 2020-07-30 17:34:21 --> Unable to write cache file: C:\shivaprasad\FBP\FBP.COM\application\cache/
ERROR - 2020-07-30 17:34:23 --> Unable to write cache file: C:\shivaprasad\FBP\FBP.COM\application\cache/
ERROR - 2020-07-30 17:35:02 --> 404 Page Not Found: 
ERROR - 2020-07-30 17:35:02 --> 404 Page Not Found: 
ERROR - 2020-07-30 17:35:02 --> 404 Page Not Found: 
ERROR - 2020-07-30 17:35:05 --> Unable to write cache file: C:\shivaprasad\FBP\FBP.COM\application\cache/
ERROR - 2020-07-30 17:35:08 --> Unable to write cache file: C:\shivaprasad\FBP\FBP.COM\application\cache/
ERROR - 2020-07-30 17:35:16 --> 404 Page Not Found: 
ERROR - 2020-07-30 17:35:17 --> 404 Page Not Found: 
ERROR - 2020-07-30 17:35:17 --> 404 Page Not Found: 
ERROR - 2020-07-30 17:35:19 --> Unable to write cache file: C:\shivaprasad\FBP\FBP.COM\application\cache/
ERROR - 2020-07-30 17:35:22 --> Unable to write cache file: C:\shivaprasad\FBP\FBP.COM\application\cache/
ERROR - 2020-07-30 17:35:30 --> 404 Page Not Found: 
ERROR - 2020-07-30 17:35:30 --> 404 Page Not Found: 
ERROR - 2020-07-30 17:35:30 --> 404 Page Not Found: 
ERROR - 2020-07-30 17:35:33 --> Unable to write cache file: C:\shivaprasad\FBP\FBP.COM\application\cache/
ERROR - 2020-07-30 17:35:35 --> Unable to write cache file: C:\shivaprasad\FBP\FBP.COM\application\cache/
ERROR - 2020-07-30 17:36:10 --> 404 Page Not Found: 
ERROR - 2020-07-30 17:36:10 --> 404 Page Not Found: 
ERROR - 2020-07-30 17:36:10 --> 404 Page Not Found: 
ERROR - 2020-07-30 17:36:13 --> Unable to write cache file: C:\shivaprasad\FBP\FBP.COM\application\cache/
ERROR - 2020-07-30 17:36:16 --> Unable to write cache file: C:\shivaprasad\FBP\FBP.COM\application\cache/
ERROR - 2020-07-30 17:36:48 --> 404 Page Not Found: 
ERROR - 2020-07-30 17:36:48 --> 404 Page Not Found: 
ERROR - 2020-07-30 17:36:48 --> 404 Page Not Found: 
ERROR - 2020-07-30 17:36:51 --> Unable to write cache file: C:\shivaprasad\FBP\FBP.COM\application\cache/
ERROR - 2020-07-30 17:36:54 --> Unable to write cache file: C:\shivaprasad\FBP\FBP.COM\application\cache/
ERROR - 2020-07-30 17:37:21 --> 404 Page Not Found: 
ERROR - 2020-07-30 17:37:21 --> 404 Page Not Found: 
ERROR - 2020-07-30 17:37:21 --> 404 Page Not Found: 
ERROR - 2020-07-30 17:37:24 --> Unable to write cache file: C:\shivaprasad\FBP\FBP.COM\application\cache/
ERROR - 2020-07-30 17:37:26 --> Unable to write cache file: C:\shivaprasad\FBP\FBP.COM\application\cache/
ERROR - 2020-07-30 17:38:01 --> 404 Page Not Found: 
ERROR - 2020-07-30 17:38:01 --> 404 Page Not Found: 
ERROR - 2020-07-30 17:38:01 --> 404 Page Not Found: 
ERROR - 2020-07-30 17:38:04 --> Unable to write cache file: C:\shivaprasad\FBP\FBP.COM\application\cache/
ERROR - 2020-07-30 17:38:07 --> Unable to write cache file: C:\shivaprasad\FBP\FBP.COM\application\cache/
ERROR - 2020-07-30 17:38:29 --> 404 Page Not Found: 
ERROR - 2020-07-30 17:38:29 --> 404 Page Not Found: 
ERROR - 2020-07-30 17:38:29 --> 404 Page Not Found: 
ERROR - 2020-07-30 17:38:29 --> 404 Page Not Found: 
ERROR - 2020-07-30 17:38:29 --> 404 Page Not Found: 
ERROR - 2020-07-30 17:38:29 --> 404 Page Not Found: 
ERROR - 2020-07-30 17:38:29 --> 404 Page Not Found: 
ERROR - 2020-07-30 17:38:29 --> 404 Page Not Found: 
ERROR - 2020-07-30 17:38:29 --> 404 Page Not Found: 
ERROR - 2020-07-30 17:38:32 --> Unable to write cache file: C:\shivaprasad\FBP\FBP.COM\application\cache/
ERROR - 2020-07-30 17:38:35 --> Unable to write cache file: C:\shivaprasad\FBP\FBP.COM\application\cache/
ERROR - 2020-07-30 17:38:46 --> Unable to write cache file: C:\shivaprasad\FBP\FBP.COM\application\cache/
ERROR - 2020-07-30 17:38:56 --> 404 Page Not Found: 
ERROR - 2020-07-30 17:38:57 --> 404 Page Not Found: 
ERROR - 2020-07-30 17:39:00 --> Unable to write cache file: C:\shivaprasad\FBP\FBP.COM\application\cache/
ERROR - 2020-07-30 17:39:04 --> Unable to write cache file: C:\shivaprasad\FBP\FBP.COM\application\cache/
ERROR - 2020-07-30 17:39:10 --> Unable to write cache file: C:\shivaprasad\FBP\FBP.COM\application\cache/
ERROR - 2020-07-30 17:39:39 --> 404 Page Not Found: 
ERROR - 2020-07-30 17:39:39 --> 404 Page Not Found: 
ERROR - 2020-07-30 17:39:39 --> 404 Page Not Found: 
ERROR - 2020-07-30 17:39:42 --> Unable to write cache file: C:\shivaprasad\FBP\FBP.COM\application\cache/
ERROR - 2020-07-30 17:39:44 --> Unable to write cache file: C:\shivaprasad\FBP\FBP.COM\application\cache/
ERROR - 2020-07-30 17:41:30 --> 404 Page Not Found: 
ERROR - 2020-07-30 17:41:30 --> 404 Page Not Found: 
ERROR - 2020-07-30 17:41:30 --> 404 Page Not Found: 
ERROR - 2020-07-30 17:41:33 --> Unable to write cache file: C:\shivaprasad\FBP\FBP.COM\application\cache/
ERROR - 2020-07-30 17:41:36 --> Unable to write cache file: C:\shivaprasad\FBP\FBP.COM\application\cache/
ERROR - 2020-07-30 17:41:39 --> Unable to write cache file: C:\shivaprasad\FBP\FBP.COM\application\cache/
ERROR - 2020-07-30 17:41:41 --> Unable to write cache file: C:\shivaprasad\FBP\FBP.COM\application\cache/
ERROR - 2020-07-30 17:41:41 --> 404 Page Not Found: 
ERROR - 2020-07-30 17:41:41 --> 404 Page Not Found: 
ERROR - 2020-07-30 17:41:41 --> 404 Page Not Found: 
ERROR - 2020-07-30 17:41:41 --> 404 Page Not Found: 
ERROR - 2020-07-30 17:41:41 --> 404 Page Not Found: 
ERROR - 2020-07-30 17:41:41 --> 404 Page Not Found: 
ERROR - 2020-07-30 17:41:41 --> 404 Page Not Found: 
ERROR - 2020-07-30 17:41:41 --> 404 Page Not Found: 
ERROR - 2020-07-30 17:41:44 --> Unable to write cache file: C:\shivaprasad\FBP\FBP.COM\application\cache/
ERROR - 2020-07-30 17:41:46 --> Unable to write cache file: C:\shivaprasad\FBP\FBP.COM\application\cache/
ERROR - 2020-07-30 17:41:47 --> 404 Page Not Found: 
ERROR - 2020-07-30 17:41:47 --> 404 Page Not Found: 
ERROR - 2020-07-30 17:41:47 --> 404 Page Not Found: 
ERROR - 2020-07-30 17:41:50 --> Unable to write cache file: C:\shivaprasad\FBP\FBP.COM\application\cache/
ERROR - 2020-07-30 17:41:52 --> Unable to write cache file: C:\shivaprasad\FBP\FBP.COM\application\cache/
ERROR - 2020-07-30 17:42:44 --> Unable to write cache file: C:\shivaprasad\FBP\FBP.COM\application\cache/
ERROR - 2020-07-30 17:42:47 --> Unable to write cache file: C:\shivaprasad\FBP\FBP.COM\application\cache/
ERROR - 2020-07-30 17:43:17 --> Unable to write cache file: C:\shivaprasad\FBP\FBP.COM\application\cache/
ERROR - 2020-07-30 17:44:32 --> Unable to write cache file: C:\shivaprasad\FBP\FBP.COM\application\cache/
ERROR - 2020-07-30 17:44:45 --> 404 Page Not Found: 
ERROR - 2020-07-30 17:44:45 --> 404 Page Not Found: 
ERROR - 2020-07-30 17:44:45 --> 404 Page Not Found: 
ERROR - 2020-07-30 17:44:48 --> Unable to write cache file: C:\shivaprasad\FBP\FBP.COM\application\cache/
ERROR - 2020-07-30 17:44:51 --> Unable to write cache file: C:\shivaprasad\FBP\FBP.COM\application\cache/
ERROR - 2020-07-30 17:44:51 --> 404 Page Not Found: 
ERROR - 2020-07-30 17:44:51 --> 404 Page Not Found: 
ERROR - 2020-07-30 17:44:51 --> 404 Page Not Found: 
ERROR - 2020-07-30 17:44:55 --> Unable to write cache file: C:\shivaprasad\FBP\FBP.COM\application\cache/
ERROR - 2020-07-30 17:44:57 --> Unable to write cache file: C:\shivaprasad\FBP\FBP.COM\application\cache/
