ERROR - 2020-07-28 11:07:59 --> Unable to write cache file: C:\shivaprasad\FBP\FBP.COM\application\cache/
ERROR - 2020-07-28 11:08:00 --> 404 Page Not Found: 
ERROR - 2020-07-28 11:08:00 --> 404 Page Not Found: 
ERROR - 2020-07-28 11:08:00 --> 404 Page Not Found: 
ERROR - 2020-07-28 11:08:00 --> 404 Page Not Found: 
ERROR - 2020-07-28 11:08:00 --> 404 Page Not Found: 
ERROR - 2020-07-28 11:08:00 --> 404 Page Not Found: 
ERROR - 2020-07-28 11:08:00 --> 404 Page Not Found: 
ERROR - 2020-07-28 11:08:00 --> 404 Page Not Found: 
ERROR - 2020-07-28 11:08:00 --> 404 Page Not Found: 
ERROR - 2020-07-28 11:08:00 --> 404 Page Not Found: 
ERROR - 2020-07-28 11:08:00 --> 404 Page Not Found: 
ERROR - 2020-07-28 11:08:00 --> 404 Page Not Found: 
ERROR - 2020-07-28 11:08:00 --> 404 Page Not Found: 
ERROR - 2020-07-28 11:08:00 --> 404 Page Not Found: 
ERROR - 2020-07-28 11:08:00 --> 404 Page Not Found: 
ERROR - 2020-07-28 11:08:00 --> 404 Page Not Found: 
ERROR - 2020-07-28 11:08:00 --> 404 Page Not Found: 
ERROR - 2020-07-28 11:08:00 --> 404 Page Not Found: 
ERROR - 2020-07-28 11:08:00 --> 404 Page Not Found: 
ERROR - 2020-07-28 11:08:00 --> 404 Page Not Found: 
ERROR - 2020-07-28 11:08:01 --> 404 Page Not Found: 
ERROR - 2020-07-28 11:08:01 --> 404 Page Not Found: 
ERROR - 2020-07-28 11:08:01 --> 404 Page Not Found: 
ERROR - 2020-07-28 11:08:01 --> 404 Page Not Found: 
ERROR - 2020-07-28 11:08:01 --> 404 Page Not Found: 
ERROR - 2020-07-28 11:08:01 --> 404 Page Not Found: 
ERROR - 2020-07-28 11:08:01 --> 404 Page Not Found: 
ERROR - 2020-07-28 11:08:01 --> 404 Page Not Found: 
ERROR - 2020-07-28 11:08:01 --> 404 Page Not Found: 
ERROR - 2020-07-28 11:08:01 --> 404 Page Not Found: 
ERROR - 2020-07-28 11:08:01 --> 404 Page Not Found: 
ERROR - 2020-07-28 11:08:01 --> 404 Page Not Found: 
ERROR - 2020-07-28 11:08:01 --> 404 Page Not Found: 
ERROR - 2020-07-28 11:08:01 --> 404 Page Not Found: 
ERROR - 2020-07-28 11:08:01 --> 404 Page Not Found: 
ERROR - 2020-07-28 11:08:01 --> 404 Page Not Found: 
ERROR - 2020-07-28 11:08:01 --> 404 Page Not Found: 
ERROR - 2020-07-28 11:08:01 --> 404 Page Not Found: 
ERROR - 2020-07-28 11:08:04 --> Unable to write cache file: C:\shivaprasad\FBP\FBP.COM\application\cache/
ERROR - 2020-07-28 11:15:27 --> Unable to write cache file: C:\shivaprasad\FBP\FBP.COM\application\cache/
ERROR - 2020-07-28 11:15:27 --> 404 Page Not Found: 
ERROR - 2020-07-28 11:15:27 --> 404 Page Not Found: 
ERROR - 2020-07-28 11:15:27 --> 404 Page Not Found: 
ERROR - 2020-07-28 11:15:27 --> 404 Page Not Found: 
ERROR - 2020-07-28 11:15:27 --> 404 Page Not Found: 
ERROR - 2020-07-28 11:15:27 --> 404 Page Not Found: 
ERROR - 2020-07-28 11:15:27 --> 404 Page Not Found: 
ERROR - 2020-07-28 11:15:27 --> 404 Page Not Found: 
ERROR - 2020-07-28 11:15:27 --> 404 Page Not Found: 
ERROR - 2020-07-28 11:15:27 --> 404 Page Not Found: 
ERROR - 2020-07-28 11:15:27 --> 404 Page Not Found: 
ERROR - 2020-07-28 11:15:27 --> 404 Page Not Found: 
ERROR - 2020-07-28 11:15:27 --> 404 Page Not Found: 
ERROR - 2020-07-28 11:15:28 --> 404 Page Not Found: 
ERROR - 2020-07-28 11:15:28 --> 404 Page Not Found: 
ERROR - 2020-07-28 11:15:28 --> 404 Page Not Found: 
ERROR - 2020-07-28 11:15:28 --> 404 Page Not Found: 
ERROR - 2020-07-28 11:15:28 --> 404 Page Not Found: 
ERROR - 2020-07-28 11:15:28 --> 404 Page Not Found: 
ERROR - 2020-07-28 11:15:28 --> 404 Page Not Found: 
ERROR - 2020-07-28 11:15:28 --> 404 Page Not Found: 
ERROR - 2020-07-28 11:15:28 --> 404 Page Not Found: 
ERROR - 2020-07-28 11:15:28 --> 404 Page Not Found: 
ERROR - 2020-07-28 11:15:28 --> 404 Page Not Found: 
ERROR - 2020-07-28 11:15:28 --> 404 Page Not Found: 
ERROR - 2020-07-28 11:15:28 --> 404 Page Not Found: 
ERROR - 2020-07-28 11:15:28 --> 404 Page Not Found: 
ERROR - 2020-07-28 11:15:28 --> 404 Page Not Found: 
ERROR - 2020-07-28 11:15:28 --> 404 Page Not Found: 
ERROR - 2020-07-28 11:15:28 --> 404 Page Not Found: 
ERROR - 2020-07-28 11:15:28 --> 404 Page Not Found: 
ERROR - 2020-07-28 11:15:28 --> 404 Page Not Found: 
ERROR - 2020-07-28 11:15:28 --> 404 Page Not Found: 
ERROR - 2020-07-28 11:15:28 --> 404 Page Not Found: 
ERROR - 2020-07-28 11:15:28 --> 404 Page Not Found: 
ERROR - 2020-07-28 11:15:28 --> 404 Page Not Found: 
ERROR - 2020-07-28 11:15:28 --> 404 Page Not Found: 
ERROR - 2020-07-28 11:15:29 --> 404 Page Not Found: 
ERROR - 2020-07-28 11:15:33 --> Unable to write cache file: C:\shivaprasad\FBP\FBP.COM\application\cache/
ERROR - 2020-07-28 11:24:05 --> Unable to write cache file: C:\shivaprasad\FBP\FBP.COM\application\cache/
ERROR - 2020-07-28 07:54:31 --> Severity: Warning --> Invalid argument supplied for foreach() C:\shivaprasad\FBP\FBP.COM\application\views\sitemap.php 10
ERROR - 2020-07-28 11:24:34 --> Unable to write cache file: C:\shivaprasad\FBP\FBP.COM\application\cache/
ERROR - 2020-07-28 07:54:34 --> Severity: Warning --> Invalid argument supplied for foreach() C:\shivaprasad\FBP\FBP.COM\application\views\sitemap.php 10
ERROR - 2020-07-28 07:54:34 --> Severity: Warning --> Invalid argument supplied for foreach() C:\shivaprasad\FBP\FBP.COM\application\views\sitemap.php 10
ERROR - 2020-07-28 07:55:16 --> Query error: Table 'nkmtein_fullbasket_new.snippets' doesn't exist - Invalid query: SELECT url_slug FROM snippets UNION SELECT tag_name FROM tags
ERROR - 2020-07-28 11:25:19 --> Unable to write cache file: C:\shivaprasad\FBP\FBP.COM\application\cache/
ERROR - 2020-07-28 11:27:13 --> Unable to write cache file: C:\shivaprasad\FBP\FBP.COM\application\cache/
ERROR - 2020-07-28 11:27:13 --> 404 Page Not Found: 
ERROR - 2020-07-28 11:27:13 --> 404 Page Not Found: 
ERROR - 2020-07-28 11:27:13 --> 404 Page Not Found: 
ERROR - 2020-07-28 11:27:13 --> 404 Page Not Found: 
ERROR - 2020-07-28 11:27:13 --> 404 Page Not Found: 
ERROR - 2020-07-28 11:27:14 --> 404 Page Not Found: 
ERROR - 2020-07-28 11:27:14 --> 404 Page Not Found: 
ERROR - 2020-07-28 11:27:14 --> 404 Page Not Found: 
ERROR - 2020-07-28 11:27:14 --> 404 Page Not Found: 
ERROR - 2020-07-28 11:27:14 --> 404 Page Not Found: 
ERROR - 2020-07-28 11:27:17 --> Unable to write cache file: C:\shivaprasad\FBP\FBP.COM\application\cache/
ERROR - 2020-07-28 11:27:19 --> 404 Page Not Found: 
ERROR - 2020-07-28 11:27:21 --> Unable to write cache file: C:\shivaprasad\FBP\FBP.COM\application\cache/
ERROR - 2020-07-28 08:06:02 --> Severity: error --> Exception: Call to a member function properties_site_map() on null C:\shivaprasad\FBP\FBP.COM\application\controllers\Sitemap.php 15
ERROR - 2020-07-28 11:36:04 --> Unable to write cache file: C:\shivaprasad\FBP\FBP.COM\application\cache/
ERROR - 2020-07-28 08:06:44 --> Severity: error --> Exception: Call to a member function load() on null C:\shivaprasad\FBP\FBP.COM\application\controllers\Sitemap.php 11
ERROR - 2020-07-28 11:36:47 --> Unable to write cache file: C:\shivaprasad\FBP\FBP.COM\application\cache/
ERROR - 2020-07-28 08:07:16 --> Severity: error --> Exception: Call to a member function load() on null C:\shivaprasad\FBP\FBP.COM\application\controllers\Sitemap.php 11
ERROR - 2020-07-28 11:37:19 --> Unable to write cache file: C:\shivaprasad\FBP\FBP.COM\application\cache/
ERROR - 2020-07-28 11:37:51 --> Unable to write cache file: C:\shivaprasad\FBP\FBP.COM\application\cache/
ERROR - 2020-07-28 08:09:16 --> Severity: Warning --> Invalid argument supplied for foreach() C:\shivaprasad\FBP\FBP.COM\application\views\sitemap.php 10
ERROR - 2020-07-28 11:39:18 --> Unable to write cache file: C:\shivaprasad\FBP\FBP.COM\application\cache/
ERROR - 2020-07-28 08:10:07 --> Severity: Warning --> Invalid argument supplied for foreach() C:\shivaprasad\FBP\FBP.COM\application\views\sitemap.php 13
ERROR - 2020-07-28 11:40:09 --> Unable to write cache file: C:\shivaprasad\FBP\FBP.COM\application\cache/
ERROR - 2020-07-28 08:11:08 --> Severity: Warning --> Invalid argument supplied for foreach() C:\shivaprasad\FBP\FBP.COM\application\views\sitemap.php 16
ERROR - 2020-07-28 11:41:10 --> Unable to write cache file: C:\shivaprasad\FBP\FBP.COM\application\cache/
ERROR - 2020-07-28 11:42:12 --> Unable to write cache file: C:\shivaprasad\FBP\FBP.COM\application\cache/
ERROR - 2020-07-28 11:42:23 --> Unable to write cache file: C:\shivaprasad\FBP\FBP.COM\application\cache/
ERROR - 2020-07-28 11:42:32 --> Unable to write cache file: C:\shivaprasad\FBP\FBP.COM\application\cache/
ERROR - 2020-07-28 12:13:43 --> Unable to write cache file: C:\shivaprasad\FBP\FBP.COM\application\cache/
ERROR - 2020-07-28 12:13:44 --> 404 Page Not Found: 
ERROR - 2020-07-28 12:13:44 --> 404 Page Not Found: 
ERROR - 2020-07-28 12:13:44 --> 404 Page Not Found: 
ERROR - 2020-07-28 12:13:44 --> 404 Page Not Found: 
ERROR - 2020-07-28 12:13:44 --> 404 Page Not Found: 
ERROR - 2020-07-28 12:13:44 --> 404 Page Not Found: 
ERROR - 2020-07-28 12:13:44 --> 404 Page Not Found: 
ERROR - 2020-07-28 12:13:44 --> 404 Page Not Found: 
ERROR - 2020-07-28 12:13:44 --> 404 Page Not Found: 
ERROR - 2020-07-28 12:13:44 --> 404 Page Not Found: 
ERROR - 2020-07-28 12:13:44 --> 404 Page Not Found: 
ERROR - 2020-07-28 12:13:44 --> 404 Page Not Found: 
ERROR - 2020-07-28 12:13:44 --> 404 Page Not Found: 
ERROR - 2020-07-28 12:13:44 --> 404 Page Not Found: 
ERROR - 2020-07-28 12:13:44 --> 404 Page Not Found: 
ERROR - 2020-07-28 12:13:44 --> 404 Page Not Found: 
ERROR - 2020-07-28 12:13:44 --> 404 Page Not Found: 
ERROR - 2020-07-28 12:13:44 --> 404 Page Not Found: 
ERROR - 2020-07-28 12:13:44 --> 404 Page Not Found: 
ERROR - 2020-07-28 12:13:44 --> 404 Page Not Found: 
ERROR - 2020-07-28 12:13:44 --> 404 Page Not Found: 
ERROR - 2020-07-28 12:13:44 --> 404 Page Not Found: 
ERROR - 2020-07-28 12:13:44 --> 404 Page Not Found: 
ERROR - 2020-07-28 12:13:44 --> 404 Page Not Found: 
ERROR - 2020-07-28 12:13:44 --> 404 Page Not Found: 
ERROR - 2020-07-28 12:13:45 --> 404 Page Not Found: 
ERROR - 2020-07-28 12:13:45 --> 404 Page Not Found: 
ERROR - 2020-07-28 12:13:45 --> 404 Page Not Found: 
ERROR - 2020-07-28 12:13:45 --> 404 Page Not Found: 
ERROR - 2020-07-28 12:13:45 --> 404 Page Not Found: 
ERROR - 2020-07-28 12:13:45 --> 404 Page Not Found: 
ERROR - 2020-07-28 12:13:45 --> 404 Page Not Found: 
ERROR - 2020-07-28 12:13:45 --> 404 Page Not Found: 
ERROR - 2020-07-28 12:13:45 --> 404 Page Not Found: 
ERROR - 2020-07-28 12:13:45 --> 404 Page Not Found: 
ERROR - 2020-07-28 12:13:45 --> 404 Page Not Found: 
ERROR - 2020-07-28 12:13:45 --> 404 Page Not Found: 
ERROR - 2020-07-28 12:13:45 --> 404 Page Not Found: 
ERROR - 2020-07-28 12:13:51 --> Unable to write cache file: C:\shivaprasad\FBP\FBP.COM\application\cache/
ERROR - 2020-07-28 12:14:03 --> Unable to write cache file: C:\shivaprasad\FBP\FBP.COM\application\cache/
ERROR - 2020-07-28 12:14:47 --> Unable to write cache file: C:\shivaprasad\FBP\FBP.COM\application\cache/
ERROR - 2020-07-28 12:14:48 --> 404 Page Not Found: 
ERROR - 2020-07-28 12:14:48 --> 404 Page Not Found: 
ERROR - 2020-07-28 12:14:48 --> 404 Page Not Found: 
ERROR - 2020-07-28 12:14:48 --> 404 Page Not Found: 
ERROR - 2020-07-28 12:14:48 --> 404 Page Not Found: 
ERROR - 2020-07-28 12:14:48 --> 404 Page Not Found: 
ERROR - 2020-07-28 12:14:48 --> 404 Page Not Found: 
ERROR - 2020-07-28 12:14:48 --> 404 Page Not Found: 
ERROR - 2020-07-28 12:14:48 --> 404 Page Not Found: 
ERROR - 2020-07-28 12:14:48 --> 404 Page Not Found: 
ERROR - 2020-07-28 12:14:48 --> 404 Page Not Found: 
ERROR - 2020-07-28 12:14:48 --> 404 Page Not Found: 
ERROR - 2020-07-28 12:14:48 --> 404 Page Not Found: 
ERROR - 2020-07-28 12:14:48 --> 404 Page Not Found: 
ERROR - 2020-07-28 12:14:48 --> 404 Page Not Found: 
ERROR - 2020-07-28 12:14:48 --> 404 Page Not Found: 
ERROR - 2020-07-28 12:14:48 --> 404 Page Not Found: 
ERROR - 2020-07-28 12:14:48 --> 404 Page Not Found: 
ERROR - 2020-07-28 12:14:48 --> 404 Page Not Found: 
ERROR - 2020-07-28 12:14:48 --> 404 Page Not Found: 
ERROR - 2020-07-28 12:14:48 --> 404 Page Not Found: 
ERROR - 2020-07-28 12:14:48 --> 404 Page Not Found: 
ERROR - 2020-07-28 12:14:48 --> 404 Page Not Found: 
ERROR - 2020-07-28 12:14:48 --> 404 Page Not Found: 
ERROR - 2020-07-28 12:14:48 --> 404 Page Not Found: 
ERROR - 2020-07-28 12:14:49 --> 404 Page Not Found: 
ERROR - 2020-07-28 12:14:49 --> 404 Page Not Found: 
ERROR - 2020-07-28 12:14:49 --> 404 Page Not Found: 
ERROR - 2020-07-28 12:14:49 --> 404 Page Not Found: 
ERROR - 2020-07-28 12:14:49 --> 404 Page Not Found: 
ERROR - 2020-07-28 12:14:49 --> 404 Page Not Found: 
ERROR - 2020-07-28 12:14:49 --> 404 Page Not Found: 
ERROR - 2020-07-28 12:14:49 --> 404 Page Not Found: 
ERROR - 2020-07-28 12:14:49 --> 404 Page Not Found: 
ERROR - 2020-07-28 12:14:49 --> 404 Page Not Found: 
ERROR - 2020-07-28 12:14:49 --> 404 Page Not Found: 
ERROR - 2020-07-28 12:14:49 --> 404 Page Not Found: 
ERROR - 2020-07-28 12:14:49 --> 404 Page Not Found: 
ERROR - 2020-07-28 12:14:52 --> Unable to write cache file: C:\shivaprasad\FBP\FBP.COM\application\cache/
ERROR - 2020-07-28 09:17:27 --> Severity: Warning --> include(libs/PHPCrawler.class.php): failed to open stream: No such file or directory C:\shivaprasad\FBP\FBP.COM\application\controllers\Sitemap.php 3
ERROR - 2020-07-28 09:17:27 --> Severity: Warning --> include(): Failed opening 'libs/PHPCrawler.class.php' for inclusion (include_path='C:\xampp\php\PEAR') C:\shivaprasad\FBP\FBP.COM\application\controllers\Sitemap.php 3
ERROR - 2020-07-28 09:17:27 --> Severity: error --> Exception: Class 'PHPCrawler' not found C:\shivaprasad\FBP\FBP.COM\application\controllers\Sitemap.php 6
ERROR - 2020-07-28 12:47:30 --> Unable to write cache file: C:\shivaprasad\FBP\FBP.COM\application\cache/
ERROR - 2020-07-28 12:47:46 --> Unable to write cache file: C:\shivaprasad\FBP\FBP.COM\application\cache/
ERROR - 2020-07-28 09:18:55 --> Severity: Warning --> Invalid argument supplied for foreach() C:\shivaprasad\FBP\FBP.COM\application\views\sitemap.php 9
ERROR - 2020-07-28 12:48:58 --> Unable to write cache file: C:\shivaprasad\FBP\FBP.COM\application\cache/
ERROR - 2020-07-28 09:19:47 --> Severity: Warning --> Invalid argument supplied for foreach() C:\shivaprasad\FBP\FBP.COM\application\views\sitemap.php 9
ERROR - 2020-07-28 12:49:50 --> Unable to write cache file: C:\shivaprasad\FBP\FBP.COM\application\cache/
ERROR - 2020-07-28 12:50:11 --> Unable to write cache file: C:\shivaprasad\FBP\FBP.COM\application\cache/
ERROR - 2020-07-28 12:50:21 --> 404 Page Not Found: 
ERROR - 2020-07-28 12:50:21 --> 404 Page Not Found: 
ERROR - 2020-07-28 12:50:21 --> 404 Page Not Found: 
ERROR - 2020-07-28 12:50:21 --> 404 Page Not Found: 
ERROR - 2020-07-28 12:50:23 --> Unable to write cache file: C:\shivaprasad\FBP\FBP.COM\application\cache/
ERROR - 2020-07-28 12:50:28 --> Unable to write cache file: C:\shivaprasad\FBP\FBP.COM\application\cache/
ERROR - 2020-07-28 12:50:28 --> 404 Page Not Found: 
ERROR - 2020-07-28 12:51:52 --> Unable to write cache file: C:\shivaprasad\FBP\FBP.COM\application\cache/
ERROR - 2020-07-28 12:52:25 --> Unable to write cache file: C:\shivaprasad\FBP\FBP.COM\application\cache/
ERROR - 2020-07-28 12:54:31 --> Unable to write cache file: C:\shivaprasad\FBP\FBP.COM\application\cache/
ERROR - 2020-07-28 12:55:29 --> Unable to write cache file: C:\shivaprasad\FBP\FBP.COM\application\cache/
ERROR - 2020-07-28 12:56:13 --> Unable to write cache file: C:\shivaprasad\FBP\FBP.COM\application\cache/
ERROR - 2020-07-28 12:56:29 --> Unable to write cache file: C:\shivaprasad\FBP\FBP.COM\application\cache/
ERROR - 2020-07-28 12:57:06 --> Unable to write cache file: C:\shivaprasad\FBP\FBP.COM\application\cache/
ERROR - 2020-07-28 12:57:55 --> Unable to write cache file: C:\shivaprasad\FBP\FBP.COM\application\cache/
ERROR - 2020-07-28 13:00:21 --> Unable to write cache file: C:\shivaprasad\FBP\FBP.COM\application\cache/
ERROR - 2020-07-28 13:00:33 --> Unable to write cache file: C:\shivaprasad\FBP\FBP.COM\application\cache/
ERROR - 2020-07-28 13:06:32 --> Unable to write cache file: C:\shivaprasad\FBP\FBP.COM\application\cache/
ERROR - 2020-07-28 13:07:06 --> Unable to write cache file: C:\shivaprasad\FBP\FBP.COM\application\cache/
ERROR - 2020-07-28 13:07:06 --> 404 Page Not Found: 
ERROR - 2020-07-28 13:07:06 --> 404 Page Not Found: 
ERROR - 2020-07-28 13:07:06 --> 404 Page Not Found: 
ERROR - 2020-07-28 13:07:06 --> 404 Page Not Found: 
ERROR - 2020-07-28 13:07:06 --> 404 Page Not Found: 
ERROR - 2020-07-28 13:07:06 --> 404 Page Not Found: 
ERROR - 2020-07-28 13:07:06 --> 404 Page Not Found: 
ERROR - 2020-07-28 13:07:06 --> 404 Page Not Found: 
ERROR - 2020-07-28 13:07:06 --> 404 Page Not Found: 
ERROR - 2020-07-28 13:07:06 --> 404 Page Not Found: 
ERROR - 2020-07-28 13:07:06 --> 404 Page Not Found: 
ERROR - 2020-07-28 13:07:06 --> 404 Page Not Found: 
ERROR - 2020-07-28 13:07:06 --> 404 Page Not Found: 
ERROR - 2020-07-28 13:07:07 --> 404 Page Not Found: 
ERROR - 2020-07-28 13:07:07 --> 404 Page Not Found: 
ERROR - 2020-07-28 13:07:07 --> 404 Page Not Found: 
ERROR - 2020-07-28 13:07:07 --> 404 Page Not Found: 
ERROR - 2020-07-28 13:07:07 --> 404 Page Not Found: 
ERROR - 2020-07-28 13:07:07 --> 404 Page Not Found: 
ERROR - 2020-07-28 13:07:07 --> 404 Page Not Found: 
ERROR - 2020-07-28 13:07:07 --> 404 Page Not Found: 
ERROR - 2020-07-28 13:07:07 --> 404 Page Not Found: 
ERROR - 2020-07-28 13:07:07 --> 404 Page Not Found: 
ERROR - 2020-07-28 13:07:07 --> 404 Page Not Found: 
ERROR - 2020-07-28 13:07:07 --> 404 Page Not Found: 
ERROR - 2020-07-28 13:07:07 --> 404 Page Not Found: 
ERROR - 2020-07-28 13:07:07 --> 404 Page Not Found: 
ERROR - 2020-07-28 13:07:07 --> 404 Page Not Found: 
ERROR - 2020-07-28 13:07:07 --> 404 Page Not Found: 
ERROR - 2020-07-28 13:07:07 --> 404 Page Not Found: 
ERROR - 2020-07-28 13:07:07 --> 404 Page Not Found: 
ERROR - 2020-07-28 13:07:07 --> 404 Page Not Found: 
ERROR - 2020-07-28 13:07:07 --> 404 Page Not Found: 
ERROR - 2020-07-28 13:07:07 --> 404 Page Not Found: 
ERROR - 2020-07-28 13:07:07 --> 404 Page Not Found: 
ERROR - 2020-07-28 13:07:07 --> 404 Page Not Found: 
ERROR - 2020-07-28 13:07:07 --> 404 Page Not Found: 
ERROR - 2020-07-28 13:07:08 --> 404 Page Not Found: 
ERROR - 2020-07-28 13:07:08 --> Severity: Warning --> Illegal string offset 'bhk' C:\shivaprasad\FBP\FBP.COM\application\controllers\Home.php 118
ERROR - 2020-07-28 13:07:08 --> Severity: Warning --> Illegal string offset 'bhk_range' C:\shivaprasad\FBP\FBP.COM\application\controllers\Home.php 118
ERROR - 2020-07-28 13:07:08 --> Severity: Warning --> Illegal string offset 'price' C:\shivaprasad\FBP\FBP.COM\application\controllers\Home.php 119
ERROR - 2020-07-28 13:07:08 --> Severity: Warning --> Illegal string offset 'price_range' C:\shivaprasad\FBP\FBP.COM\application\controllers\Home.php 119
ERROR - 2020-07-28 13:07:08 --> Severity: Warning --> Illegal string offset 'baths' C:\shivaprasad\FBP\FBP.COM\application\controllers\Home.php 120
ERROR - 2020-07-28 13:07:08 --> Severity: Warning --> Illegal string offset 'baths_range' C:\shivaprasad\FBP\FBP.COM\application\controllers\Home.php 120
ERROR - 2020-07-28 13:07:13 --> 404 Page Not Found: 
ERROR - 2020-07-28 13:07:13 --> 404 Page Not Found: 
ERROR - 2020-07-28 13:07:13 --> 404 Page Not Found: 
ERROR - 2020-07-28 13:07:13 --> 404 Page Not Found: 
ERROR - 2020-07-28 13:07:13 --> 404 Page Not Found: 
ERROR - 2020-07-28 13:07:14 --> 404 Page Not Found: 
ERROR - 2020-07-28 13:07:14 --> 404 Page Not Found: 
ERROR - 2020-07-28 13:07:14 --> 404 Page Not Found: 
ERROR - 2020-07-28 13:07:14 --> 404 Page Not Found: 
ERROR - 2020-07-28 13:07:14 --> 404 Page Not Found: 
ERROR - 2020-07-28 13:07:16 --> Unable to write cache file: C:\shivaprasad\FBP\FBP.COM\application\cache/
ERROR - 2020-07-28 13:07:18 --> Unable to write cache file: C:\shivaprasad\FBP\FBP.COM\application\cache/
ERROR - 2020-07-28 13:07:40 --> Severity: Warning --> Illegal string offset 'bhk' C:\shivaprasad\FBP\FBP.COM\application\controllers\Home.php 118
ERROR - 2020-07-28 13:07:40 --> Severity: Warning --> Illegal string offset 'bhk_range' C:\shivaprasad\FBP\FBP.COM\application\controllers\Home.php 118
ERROR - 2020-07-28 13:07:40 --> Severity: Warning --> Illegal string offset 'price' C:\shivaprasad\FBP\FBP.COM\application\controllers\Home.php 119
ERROR - 2020-07-28 13:07:40 --> Severity: Warning --> Illegal string offset 'price_range' C:\shivaprasad\FBP\FBP.COM\application\controllers\Home.php 119
ERROR - 2020-07-28 13:07:40 --> Severity: Warning --> Illegal string offset 'baths' C:\shivaprasad\FBP\FBP.COM\application\controllers\Home.php 120
ERROR - 2020-07-28 13:07:40 --> Severity: Warning --> Illegal string offset 'baths_range' C:\shivaprasad\FBP\FBP.COM\application\controllers\Home.php 120
ERROR - 2020-07-28 13:07:45 --> 404 Page Not Found: 
ERROR - 2020-07-28 13:07:45 --> 404 Page Not Found: 
ERROR - 2020-07-28 13:07:45 --> 404 Page Not Found: 
ERROR - 2020-07-28 13:07:45 --> 404 Page Not Found: 
ERROR - 2020-07-28 13:07:45 --> 404 Page Not Found: 
ERROR - 2020-07-28 13:07:45 --> 404 Page Not Found: 
ERROR - 2020-07-28 13:07:45 --> 404 Page Not Found: 
ERROR - 2020-07-28 13:07:45 --> 404 Page Not Found: 
ERROR - 2020-07-28 13:07:45 --> 404 Page Not Found: 
ERROR - 2020-07-28 13:07:45 --> 404 Page Not Found: 
ERROR - 2020-07-28 13:07:49 --> Unable to write cache file: C:\shivaprasad\FBP\FBP.COM\application\cache/
ERROR - 2020-07-28 13:07:51 --> Unable to write cache file: C:\shivaprasad\FBP\FBP.COM\application\cache/
ERROR - 2020-07-28 13:07:56 --> Unable to write cache file: C:\shivaprasad\FBP\FBP.COM\application\cache/
ERROR - 2020-07-28 13:07:59 --> 404 Page Not Found: 
ERROR - 2020-07-28 13:07:59 --> 404 Page Not Found: 
ERROR - 2020-07-28 13:07:59 --> 404 Page Not Found: 
ERROR - 2020-07-28 13:07:59 --> 404 Page Not Found: 
ERROR - 2020-07-28 13:07:59 --> 404 Page Not Found: 
ERROR - 2020-07-28 13:07:59 --> 404 Page Not Found: 
ERROR - 2020-07-28 13:07:59 --> 404 Page Not Found: 
ERROR - 2020-07-28 13:07:59 --> 404 Page Not Found: 
ERROR - 2020-07-28 13:07:59 --> 404 Page Not Found: 
ERROR - 2020-07-28 13:07:59 --> 404 Page Not Found: 
ERROR - 2020-07-28 13:08:02 --> Unable to write cache file: C:\shivaprasad\FBP\FBP.COM\application\cache/
ERROR - 2020-07-28 13:10:39 --> 404 Page Not Found: 
ERROR - 2020-07-28 13:10:39 --> 404 Page Not Found: 
ERROR - 2020-07-28 13:10:39 --> 404 Page Not Found: 
ERROR - 2020-07-28 13:10:39 --> 404 Page Not Found: 
ERROR - 2020-07-28 13:10:39 --> 404 Page Not Found: 
ERROR - 2020-07-28 13:10:39 --> 404 Page Not Found: 
ERROR - 2020-07-28 13:10:39 --> 404 Page Not Found: 
ERROR - 2020-07-28 13:10:39 --> 404 Page Not Found: 
ERROR - 2020-07-28 13:10:39 --> 404 Page Not Found: 
ERROR - 2020-07-28 13:10:39 --> 404 Page Not Found: 
ERROR - 2020-07-28 13:10:42 --> Unable to write cache file: C:\shivaprasad\FBP\FBP.COM\application\cache/
ERROR - 2020-07-28 13:10:47 --> 404 Page Not Found: 
ERROR - 2020-07-28 13:10:47 --> 404 Page Not Found: 
ERROR - 2020-07-28 13:10:47 --> 404 Page Not Found: 
ERROR - 2020-07-28 13:10:47 --> 404 Page Not Found: 
ERROR - 2020-07-28 13:10:47 --> 404 Page Not Found: 
ERROR - 2020-07-28 13:10:47 --> 404 Page Not Found: 
ERROR - 2020-07-28 13:10:47 --> 404 Page Not Found: 
ERROR - 2020-07-28 13:10:47 --> 404 Page Not Found: 
ERROR - 2020-07-28 13:10:47 --> 404 Page Not Found: 
ERROR - 2020-07-28 13:10:47 --> 404 Page Not Found: 
ERROR - 2020-07-28 13:10:50 --> Unable to write cache file: C:\shivaprasad\FBP\FBP.COM\application\cache/
ERROR - 2020-07-28 13:11:23 --> 404 Page Not Found: 
ERROR - 2020-07-28 13:11:23 --> 404 Page Not Found: 
ERROR - 2020-07-28 13:11:23 --> 404 Page Not Found: 
ERROR - 2020-07-28 13:11:23 --> 404 Page Not Found: 
ERROR - 2020-07-28 13:11:23 --> 404 Page Not Found: 
ERROR - 2020-07-28 13:11:23 --> 404 Page Not Found: 
ERROR - 2020-07-28 13:11:23 --> 404 Page Not Found: 
ERROR - 2020-07-28 13:11:23 --> 404 Page Not Found: 
ERROR - 2020-07-28 13:11:23 --> 404 Page Not Found: 
ERROR - 2020-07-28 13:11:23 --> 404 Page Not Found: 
ERROR - 2020-07-28 13:11:27 --> Unable to write cache file: C:\shivaprasad\FBP\FBP.COM\application\cache/
ERROR - 2020-07-28 13:11:31 --> 404 Page Not Found: 
ERROR - 2020-07-28 13:11:31 --> 404 Page Not Found: 
ERROR - 2020-07-28 13:11:31 --> 404 Page Not Found: 
ERROR - 2020-07-28 13:11:31 --> 404 Page Not Found: 
ERROR - 2020-07-28 13:11:31 --> 404 Page Not Found: 
ERROR - 2020-07-28 13:11:31 --> 404 Page Not Found: 
ERROR - 2020-07-28 13:11:31 --> 404 Page Not Found: 
ERROR - 2020-07-28 13:11:31 --> 404 Page Not Found: 
ERROR - 2020-07-28 13:11:31 --> 404 Page Not Found: 
ERROR - 2020-07-28 13:11:31 --> 404 Page Not Found: 
ERROR - 2020-07-28 13:11:34 --> Unable to write cache file: C:\shivaprasad\FBP\FBP.COM\application\cache/
ERROR - 2020-07-28 13:11:37 --> 404 Page Not Found: 
ERROR - 2020-07-28 13:11:37 --> 404 Page Not Found: 
ERROR - 2020-07-28 13:11:37 --> 404 Page Not Found: 
ERROR - 2020-07-28 13:11:37 --> 404 Page Not Found: 
ERROR - 2020-07-28 13:11:37 --> 404 Page Not Found: 
ERROR - 2020-07-28 13:11:37 --> 404 Page Not Found: 
ERROR - 2020-07-28 13:11:37 --> 404 Page Not Found: 
ERROR - 2020-07-28 13:11:37 --> 404 Page Not Found: 
ERROR - 2020-07-28 13:11:37 --> 404 Page Not Found: 
ERROR - 2020-07-28 13:11:37 --> 404 Page Not Found: 
ERROR - 2020-07-28 13:11:41 --> Unable to write cache file: C:\shivaprasad\FBP\FBP.COM\application\cache/
ERROR - 2020-07-28 09:45:19 --> Severity: error --> Exception: Call to a member function properties_site_map() on null C:\shivaprasad\FBP\FBP.COM\application\controllers\Sitemap.php 16
ERROR - 2020-07-28 13:15:22 --> Unable to write cache file: C:\shivaprasad\FBP\FBP.COM\application\cache/
ERROR - 2020-07-28 13:15:45 --> Unable to write cache file: C:\shivaprasad\FBP\FBP.COM\application\cache/
ERROR - 2020-07-28 13:18:12 --> Unable to write cache file: C:\shivaprasad\FBP\FBP.COM\application\cache/
ERROR - 2020-07-28 13:18:38 --> 404 Page Not Found: 
ERROR - 2020-07-28 13:18:42 --> Unable to write cache file: C:\shivaprasad\FBP\FBP.COM\application\cache/
ERROR - 2020-07-28 13:18:56 --> Unable to write cache file: C:\shivaprasad\FBP\FBP.COM\application\cache/
ERROR - 2020-07-28 13:19:16 --> 404 Page Not Found: 
ERROR - 2020-07-28 13:19:20 --> Unable to write cache file: C:\shivaprasad\FBP\FBP.COM\application\cache/
ERROR - 2020-07-28 13:19:23 --> Unable to write cache file: C:\shivaprasad\FBP\FBP.COM\application\cache/
ERROR - 2020-07-28 13:19:28 --> Unable to write cache file: C:\shivaprasad\FBP\FBP.COM\application\cache/
ERROR - 2020-07-28 13:19:32 --> Unable to write cache file: C:\shivaprasad\FBP\FBP.COM\application\cache/
ERROR - 2020-07-28 13:19:37 --> Unable to write cache file: C:\shivaprasad\FBP\FBP.COM\application\cache/
ERROR - 2020-07-28 13:19:37 --> 404 Page Not Found: 
ERROR - 2020-07-28 13:19:41 --> Unable to write cache file: C:\shivaprasad\FBP\FBP.COM\application\cache/
ERROR - 2020-07-28 13:19:54 --> Unable to write cache file: C:\shivaprasad\FBP\FBP.COM\application\cache/
ERROR - 2020-07-28 13:19:58 --> Unable to write cache file: C:\shivaprasad\FBP\FBP.COM\application\cache/
ERROR - 2020-07-28 13:21:47 --> Unable to write cache file: C:\shivaprasad\FBP\FBP.COM\application\cache/
ERROR - 2020-07-28 13:21:50 --> Unable to write cache file: C:\shivaprasad\FBP\FBP.COM\application\cache/
ERROR - 2020-07-28 13:21:55 --> Unable to write cache file: C:\shivaprasad\FBP\FBP.COM\application\cache/
ERROR - 2020-07-28 13:26:48 --> Unable to write cache file: C:\shivaprasad\FBP\FBP.COM\application\cache/
ERROR - 2020-07-28 13:26:59 --> Unable to write cache file: C:\shivaprasad\FBP\FBP.COM\application\cache/
ERROR - 2020-07-28 13:29:10 --> Unable to write cache file: C:\shivaprasad\FBP\FBP.COM\application\cache/
ERROR - 2020-07-28 13:29:10 --> 404 Page Not Found: 
ERROR - 2020-07-28 13:29:13 --> Unable to write cache file: C:\shivaprasad\FBP\FBP.COM\application\cache/
ERROR - 2020-07-28 13:32:55 --> Unable to write cache file: C:\shivaprasad\FBP\FBP.COM\application\cache/
ERROR - 2020-07-28 13:33:10 --> Unable to write cache file: C:\shivaprasad\FBP\FBP.COM\application\cache/
ERROR - 2020-07-28 13:34:19 --> Unable to write cache file: C:\shivaprasad\FBP\FBP.COM\application\cache/
ERROR - 2020-07-28 13:35:24 --> Unable to write cache file: C:\shivaprasad\FBP\FBP.COM\application\cache/
ERROR - 2020-07-28 13:37:39 --> Unable to write cache file: C:\shivaprasad\FBP\FBP.COM\application\cache/
ERROR - 2020-07-28 13:37:52 --> Unable to write cache file: C:\shivaprasad\FBP\FBP.COM\application\cache/
ERROR - 2020-07-28 13:38:11 --> 404 Page Not Found: 
ERROR - 2020-07-28 13:38:15 --> Unable to write cache file: C:\shivaprasad\FBP\FBP.COM\application\cache/
ERROR - 2020-07-28 10:20:22 --> Severity: Warning --> SimpleXMLElement::__construct(): Entity: line 1: parser error : Start tag expected, '&lt;' not found C:\shivaprasad\FBP\FBP.COM\application\views\sitemap.php 2
ERROR - 2020-07-28 10:20:22 --> Severity: Warning --> SimpleXMLElement::__construct(): &lt;?xml version=&quot;1.0&quot; encoding=&quot;UTF-8&quot; ?&gt; C:\shivaprasad\FBP\FBP.COM\application\views\sitemap.php 2
ERROR - 2020-07-28 10:20:22 --> Severity: Warning --> SimpleXMLElement::__construct():                                        ^ C:\shivaprasad\FBP\FBP.COM\application\views\sitemap.php 2
ERROR - 2020-07-28 10:20:22 --> Severity: error --> Exception: String could not be parsed as XML C:\shivaprasad\FBP\FBP.COM\application\views\sitemap.php 2
ERROR - 2020-07-28 13:50:25 --> Unable to write cache file: C:\shivaprasad\FBP\FBP.COM\application\cache/
ERROR - 2020-07-28 10:21:27 --> Severity: Warning --> SimpleXMLElement::__construct(): Entity: line 1: parser error : StartTag: invalid element name C:\shivaprasad\FBP\FBP.COM\application\views\sitemap.php 3
ERROR - 2020-07-28 10:21:27 --> Severity: Warning --> SimpleXMLElement::__construct(): &lt;?xml version=&quot;1.0&quot; encoding=&quot;UTF-8&quot; ?&gt;&lt;0.1/&gt; C:\shivaprasad\FBP\FBP.COM\application\views\sitemap.php 3
ERROR - 2020-07-28 10:21:27 --> Severity: Warning --> SimpleXMLElement::__construct():                                         ^ C:\shivaprasad\FBP\FBP.COM\application\views\sitemap.php 3
ERROR - 2020-07-28 10:21:27 --> Severity: Warning --> SimpleXMLElement::__construct(): Entity: line 1: parser error : Extra content at the end of the document C:\shivaprasad\FBP\FBP.COM\application\views\sitemap.php 3
ERROR - 2020-07-28 10:21:27 --> Severity: Warning --> SimpleXMLElement::__construct(): &lt;?xml version=&quot;1.0&quot; encoding=&quot;UTF-8&quot; ?&gt;&lt;0.1/&gt; C:\shivaprasad\FBP\FBP.COM\application\views\sitemap.php 3
ERROR - 2020-07-28 10:21:27 --> Severity: Warning --> SimpleXMLElement::__construct():                                         ^ C:\shivaprasad\FBP\FBP.COM\application\views\sitemap.php 3
ERROR - 2020-07-28 10:21:27 --> Severity: error --> Exception: String could not be parsed as XML C:\shivaprasad\FBP\FBP.COM\application\views\sitemap.php 3
ERROR - 2020-07-28 13:51:30 --> Unable to write cache file: C:\shivaprasad\FBP\FBP.COM\application\cache/
ERROR - 2020-07-28 10:25:40 --> Severity: Warning --> strlen() expects parameter 1 to be string, object given C:\shivaprasad\FBP\FBP.COM\system\helpers\file_helper.php 94
ERROR - 2020-07-28 13:55:42 --> Unable to write cache file: C:\shivaprasad\FBP\FBP.COM\application\cache/
ERROR - 2020-07-28 10:26:40 --> Severity: Warning --> strlen() expects parameter 1 to be string, object given C:\shivaprasad\FBP\FBP.COM\system\helpers\file_helper.php 94
ERROR - 2020-07-28 13:56:42 --> Unable to write cache file: C:\shivaprasad\FBP\FBP.COM\application\cache/
ERROR - 2020-07-28 10:26:56 --> Severity: Warning --> strlen() expects parameter 1 to be string, object given C:\shivaprasad\FBP\FBP.COM\system\helpers\file_helper.php 94
ERROR - 2020-07-28 13:56:58 --> Unable to write cache file: C:\shivaprasad\FBP\FBP.COM\application\cache/
ERROR - 2020-07-28 13:57:35 --> Unable to write cache file: C:\shivaprasad\FBP\FBP.COM\application\cache/
ERROR - 2020-07-28 10:30:58 --> Severity: error --> Exception: syntax error, unexpected '=' C:\shivaprasad\FBP\FBP.COM\application\controllers\Sitemap.php 27
ERROR - 2020-07-28 14:01:00 --> Unable to write cache file: C:\shivaprasad\FBP\FBP.COM\application\cache/
ERROR - 2020-07-28 10:31:40 --> Severity: error --> Exception: syntax error, unexpected '=' C:\shivaprasad\FBP\FBP.COM\application\controllers\Sitemap.php 27
ERROR - 2020-07-28 14:01:42 --> Unable to write cache file: C:\shivaprasad\FBP\FBP.COM\application\cache/
ERROR - 2020-07-28 10:31:50 --> Severity: error --> Exception: syntax error, unexpected '=' C:\shivaprasad\FBP\FBP.COM\application\controllers\Sitemap.php 27
ERROR - 2020-07-28 14:01:52 --> Unable to write cache file: C:\shivaprasad\FBP\FBP.COM\application\cache/
ERROR - 2020-07-28 10:32:03 --> Severity: error --> Exception: syntax error, unexpected '=' C:\shivaprasad\FBP\FBP.COM\application\controllers\Sitemap.php 34
ERROR - 2020-07-28 14:02:06 --> Unable to write cache file: C:\shivaprasad\FBP\FBP.COM\application\cache/
ERROR - 2020-07-28 10:32:14 --> Severity: Warning --> A non-numeric value encountered C:\shivaprasad\FBP\FBP.COM\application\controllers\Sitemap.php 84
ERROR - 2020-07-28 10:32:14 --> Severity: Warning --> A non-numeric value encountered C:\shivaprasad\FBP\FBP.COM\application\controllers\Sitemap.php 84
ERROR - 2020-07-28 10:32:14 --> Severity: Warning --> Division by zero C:\shivaprasad\FBP\FBP.COM\application\controllers\Sitemap.php 84
ERROR - 2020-07-28 10:32:14 --> Severity: Warning --> Division by zero C:\shivaprasad\FBP\FBP.COM\application\controllers\Sitemap.php 84
ERROR - 2020-07-28 10:32:14 --> Severity: Warning --> A non-numeric value encountered C:\shivaprasad\FBP\FBP.COM\application\controllers\Sitemap.php 84
ERROR - 2020-07-28 10:32:14 --> Severity: Warning --> Division by zero C:\shivaprasad\FBP\FBP.COM\application\controllers\Sitemap.php 84
ERROR - 2020-07-28 14:02:16 --> Unable to write cache file: C:\shivaprasad\FBP\FBP.COM\application\cache/
ERROR - 2020-07-28 10:32:37 --> Severity: Warning --> A non-numeric value encountered C:\shivaprasad\FBP\FBP.COM\application\controllers\Sitemap.php 84
ERROR - 2020-07-28 10:32:37 --> Severity: Warning --> A non-numeric value encountered C:\shivaprasad\FBP\FBP.COM\application\controllers\Sitemap.php 84
ERROR - 2020-07-28 10:32:37 --> Severity: Warning --> Division by zero C:\shivaprasad\FBP\FBP.COM\application\controllers\Sitemap.php 84
ERROR - 2020-07-28 14:02:40 --> Unable to write cache file: C:\shivaprasad\FBP\FBP.COM\application\cache/
ERROR - 2020-07-28 10:33:00 --> Severity: Warning --> A non-numeric value encountered C:\shivaprasad\FBP\FBP.COM\application\controllers\Sitemap.php 84
ERROR - 2020-07-28 10:33:00 --> Severity: Warning --> A non-numeric value encountered C:\shivaprasad\FBP\FBP.COM\application\controllers\Sitemap.php 84
ERROR - 2020-07-28 10:33:00 --> Severity: Warning --> Division by zero C:\shivaprasad\FBP\FBP.COM\application\controllers\Sitemap.php 84
ERROR - 2020-07-28 14:03:03 --> Unable to write cache file: C:\shivaprasad\FBP\FBP.COM\application\cache/
ERROR - 2020-07-28 10:36:25 --> Severity: error --> Exception: syntax error, unexpected '<' C:\shivaprasad\FBP\FBP.COM\application\controllers\Sitemap.php 58
ERROR - 2020-07-28 14:06:27 --> Unable to write cache file: C:\shivaprasad\FBP\FBP.COM\application\cache/
ERROR - 2020-07-28 10:36:52 --> Severity: error --> Exception: syntax error, unexpected '.' C:\shivaprasad\FBP\FBP.COM\application\controllers\Sitemap.php 88
ERROR - 2020-07-28 14:06:55 --> Unable to write cache file: C:\shivaprasad\FBP\FBP.COM\application\cache/
ERROR - 2020-07-28 10:37:16 --> Severity: Warning --> A non-numeric value encountered C:\shivaprasad\FBP\FBP.COM\application\controllers\Sitemap.php 84
ERROR - 2020-07-28 10:37:16 --> Severity: Warning --> A non-numeric value encountered C:\shivaprasad\FBP\FBP.COM\application\controllers\Sitemap.php 84
ERROR - 2020-07-28 10:37:16 --> Severity: Warning --> Division by zero C:\shivaprasad\FBP\FBP.COM\application\controllers\Sitemap.php 84
ERROR - 2020-07-28 14:07:18 --> Unable to write cache file: C:\shivaprasad\FBP\FBP.COM\application\cache/
ERROR - 2020-07-28 10:37:44 --> Severity: Warning --> A non-numeric value encountered C:\shivaprasad\FBP\FBP.COM\application\controllers\Sitemap.php 84
ERROR - 2020-07-28 10:37:44 --> Severity: Warning --> A non-numeric value encountered C:\shivaprasad\FBP\FBP.COM\application\controllers\Sitemap.php 84
ERROR - 2020-07-28 10:37:44 --> Severity: Warning --> Division by zero C:\shivaprasad\FBP\FBP.COM\application\controllers\Sitemap.php 84
ERROR - 2020-07-28 14:07:47 --> Unable to write cache file: C:\shivaprasad\FBP\FBP.COM\application\cache/
ERROR - 2020-07-28 10:39:35 --> Severity: Warning --> Invalid argument supplied for foreach() C:\shivaprasad\FBP\FBP.COM\application\views\sitemap.php 23
ERROR - 2020-07-28 10:39:35 --> Severity: Warning --> Invalid argument supplied for foreach() C:\shivaprasad\FBP\FBP.COM\application\views\sitemap.php 31
ERROR - 2020-07-28 10:39:35 --> Severity: Warning --> Invalid argument supplied for foreach() C:\shivaprasad\FBP\FBP.COM\application\views\sitemap.php 40
ERROR - 2020-07-28 10:39:35 --> Severity: Warning --> Invalid argument supplied for foreach() C:\shivaprasad\FBP\FBP.COM\application\views\sitemap.php 48
ERROR - 2020-07-28 10:39:35 --> Severity: 4096 --> Object of class CI_Loader could not be converted to string C:\shivaprasad\FBP\FBP.COM\application\controllers\Sitemap.php 28
ERROR - 2020-07-28 14:09:37 --> Unable to write cache file: C:\shivaprasad\FBP\FBP.COM\application\cache/
ERROR - 2020-07-28 10:39:59 --> Severity: Warning --> Invalid argument supplied for foreach() C:\shivaprasad\FBP\FBP.COM\application\views\sitemap.php 30
ERROR - 2020-07-28 10:39:59 --> Severity: Warning --> Invalid argument supplied for foreach() C:\shivaprasad\FBP\FBP.COM\application\views\sitemap.php 38
ERROR - 2020-07-28 10:39:59 --> Severity: Warning --> Invalid argument supplied for foreach() C:\shivaprasad\FBP\FBP.COM\application\views\sitemap.php 47
ERROR - 2020-07-28 10:39:59 --> Severity: Warning --> Invalid argument supplied for foreach() C:\shivaprasad\FBP\FBP.COM\application\views\sitemap.php 55
ERROR - 2020-07-28 10:39:59 --> Severity: 4096 --> Object of class CI_Loader could not be converted to string C:\shivaprasad\FBP\FBP.COM\application\controllers\Sitemap.php 28
ERROR - 2020-07-28 14:10:01 --> Unable to write cache file: C:\shivaprasad\FBP\FBP.COM\application\cache/
ERROR - 2020-07-28 10:41:05 --> Severity: Warning --> Invalid argument supplied for foreach() C:\shivaprasad\FBP\FBP.COM\application\views\sitemap.php 30
ERROR - 2020-07-28 10:41:05 --> Severity: Warning --> Invalid argument supplied for foreach() C:\shivaprasad\FBP\FBP.COM\application\views\sitemap.php 38
ERROR - 2020-07-28 10:41:05 --> Severity: Warning --> Invalid argument supplied for foreach() C:\shivaprasad\FBP\FBP.COM\application\views\sitemap.php 47
ERROR - 2020-07-28 10:41:05 --> Severity: Warning --> Invalid argument supplied for foreach() C:\shivaprasad\FBP\FBP.COM\application\views\sitemap.php 55
ERROR - 2020-07-28 10:41:05 --> Severity: 4096 --> Object of class CI_Loader could not be converted to string C:\shivaprasad\FBP\FBP.COM\application\controllers\Sitemap.php 28
ERROR - 2020-07-28 14:11:07 --> Unable to write cache file: C:\shivaprasad\FBP\FBP.COM\application\cache/
ERROR - 2020-07-28 10:41:32 --> Severity: Warning --> Invalid argument supplied for foreach() C:\shivaprasad\FBP\FBP.COM\application\views\sitemap.php 30
ERROR - 2020-07-28 10:41:32 --> Severity: Warning --> Invalid argument supplied for foreach() C:\shivaprasad\FBP\FBP.COM\application\views\sitemap.php 38
ERROR - 2020-07-28 10:41:32 --> Severity: Warning --> Invalid argument supplied for foreach() C:\shivaprasad\FBP\FBP.COM\application\views\sitemap.php 47
ERROR - 2020-07-28 10:41:32 --> Severity: Warning --> Invalid argument supplied for foreach() C:\shivaprasad\FBP\FBP.COM\application\views\sitemap.php 55
ERROR - 2020-07-28 10:41:32 --> Severity: 4096 --> Object of class CI_Loader could not be converted to string C:\shivaprasad\FBP\FBP.COM\application\controllers\Sitemap.php 28
ERROR - 2020-07-28 14:11:34 --> Unable to write cache file: C:\shivaprasad\FBP\FBP.COM\application\cache/
ERROR - 2020-07-28 10:42:05 --> Severity: 4096 --> Object of class CI_Loader could not be converted to string C:\shivaprasad\FBP\FBP.COM\application\controllers\Sitemap.php 28
ERROR - 2020-07-28 14:12:08 --> Unable to write cache file: C:\shivaprasad\FBP\FBP.COM\application\cache/
ERROR - 2020-07-28 10:43:02 --> Severity: 4096 --> Object of class CI_Loader could not be converted to string C:\shivaprasad\FBP\FBP.COM\application\controllers\Sitemap.php 28
ERROR - 2020-07-28 14:13:05 --> Unable to write cache file: C:\shivaprasad\FBP\FBP.COM\application\cache/
ERROR - 2020-07-28 10:43:29 --> Severity: 4096 --> Object of class CI_Loader could not be converted to string C:\shivaprasad\FBP\FBP.COM\application\controllers\Sitemap.php 28
ERROR - 2020-07-28 14:13:31 --> Unable to write cache file: C:\shivaprasad\FBP\FBP.COM\application\cache/
ERROR - 2020-07-28 10:43:49 --> Severity: error --> Exception: syntax error, unexpected end of file C:\shivaprasad\FBP\FBP.COM\application\controllers\Sitemap.php 46
ERROR - 2020-07-28 14:13:51 --> Unable to write cache file: C:\shivaprasad\FBP\FBP.COM\application\cache/
ERROR - 2020-07-28 10:44:07 --> Severity: error --> Exception: syntax error, unexpected end of file C:\shivaprasad\FBP\FBP.COM\application\controllers\Sitemap.php 46
ERROR - 2020-07-28 14:14:09 --> Unable to write cache file: C:\shivaprasad\FBP\FBP.COM\application\cache/
ERROR - 2020-07-28 14:14:38 --> Unable to write cache file: C:\shivaprasad\FBP\FBP.COM\application\cache/
ERROR - 2020-07-28 14:14:49 --> Unable to write cache file: C:\shivaprasad\FBP\FBP.COM\application\cache/
ERROR - 2020-07-28 10:45:57 --> Severity: 4096 --> Object of class CI_Loader could not be converted to string C:\shivaprasad\FBP\FBP.COM\application\controllers\Sitemap.php 28
ERROR - 2020-07-28 14:15:59 --> Unable to write cache file: C:\shivaprasad\FBP\FBP.COM\application\cache/
ERROR - 2020-07-28 14:17:31 --> Unable to write cache file: C:\shivaprasad\FBP\FBP.COM\application\cache/
ERROR - 2020-07-28 14:17:48 --> Unable to write cache file: C:\shivaprasad\FBP\FBP.COM\application\cache/
ERROR - 2020-07-28 14:18:07 --> Unable to write cache file: C:\shivaprasad\FBP\FBP.COM\application\cache/
ERROR - 2020-07-28 14:18:51 --> Unable to write cache file: C:\shivaprasad\FBP\FBP.COM\application\cache/
ERROR - 2020-07-28 14:19:37 --> Unable to write cache file: C:\shivaprasad\FBP\FBP.COM\application\cache/
ERROR - 2020-07-28 10:52:19 --> Severity: error --> Exception: syntax error, unexpected '.' C:\shivaprasad\FBP\FBP.COM\application\controllers\Sitemap.php 43
ERROR - 2020-07-28 14:22:22 --> Unable to write cache file: C:\shivaprasad\FBP\FBP.COM\application\cache/
ERROR - 2020-07-28 10:52:40 --> Severity: error --> Exception: syntax error, unexpected 'echo' (T_ECHO) C:\shivaprasad\FBP\FBP.COM\application\controllers\Sitemap.php 58
ERROR - 2020-07-28 14:22:42 --> Unable to write cache file: C:\shivaprasad\FBP\FBP.COM\application\cache/
ERROR - 2020-07-28 14:23:07 --> Unable to write cache file: C:\shivaprasad\FBP\FBP.COM\application\cache/
ERROR - 2020-07-28 10:57:24 --> Severity: error --> Exception: syntax error, unexpected '.' C:\shivaprasad\FBP\FBP.COM\application\controllers\Sitemap.php 61
ERROR - 2020-07-28 14:27:27 --> Unable to write cache file: C:\shivaprasad\FBP\FBP.COM\application\cache/
ERROR - 2020-07-28 10:58:37 --> Severity: error --> Exception: syntax error, unexpected '.' C:\shivaprasad\FBP\FBP.COM\application\controllers\Sitemap.php 61
ERROR - 2020-07-28 14:28:39 --> Unable to write cache file: C:\shivaprasad\FBP\FBP.COM\application\cache/
ERROR - 2020-07-28 14:29:12 --> Unable to write cache file: C:\shivaprasad\FBP\FBP.COM\application\cache/
ERROR - 2020-07-28 14:31:23 --> Unable to write cache file: C:\shivaprasad\FBP\FBP.COM\application\cache/
ERROR - 2020-07-28 14:32:10 --> Unable to write cache file: C:\shivaprasad\FBP\FBP.COM\application\cache/
ERROR - 2020-07-28 14:33:29 --> Unable to write cache file: C:\shivaprasad\FBP\FBP.COM\application\cache/
ERROR - 2020-07-28 14:34:48 --> Unable to write cache file: C:\shivaprasad\FBP\FBP.COM\application\cache/
ERROR - 2020-07-28 14:37:01 --> Unable to write cache file: C:\shivaprasad\FBP\FBP.COM\application\cache/
ERROR - 2020-07-28 14:38:52 --> Unable to write cache file: C:\shivaprasad\FBP\FBP.COM\application\cache/
ERROR - 2020-07-28 14:40:02 --> Unable to write cache file: C:\shivaprasad\FBP\FBP.COM\application\cache/
ERROR - 2020-07-28 14:41:12 --> Unable to write cache file: C:\shivaprasad\FBP\FBP.COM\application\cache/
ERROR - 2020-07-28 14:42:12 --> Unable to write cache file: C:\shivaprasad\FBP\FBP.COM\application\cache/
ERROR - 2020-07-28 14:42:55 --> Unable to write cache file: C:\shivaprasad\FBP\FBP.COM\application\cache/
ERROR - 2020-07-28 14:57:31 --> Unable to write cache file: C:\shivaprasad\FBP\FBP.COM\application\cache/
